mode: atomic
github.com/calypr/git-drs/client/drs/client.go:43.144,45.16 2 2
github.com/calypr/git-drs/client/drs/client.go:45.16,47.3 1 0
github.com/calypr/git-drs/client/drs/client.go:49.2,50.21 2 2
github.com/calypr/git-drs/client/drs/client.go:50.21,52.3 1 1
github.com/calypr/git-drs/client/drs/client.go:54.2,60.16 2 1
github.com/calypr/git-drs/client/drs/client.go:60.16,62.3 1 0
github.com/calypr/git-drs/client/drs/client.go:63.2,73.26 4 1
github.com/calypr/git-drs/client/drs/client.go:73.26,75.3 1 0
github.com/calypr/git-drs/client/drs/client.go:75.8,77.3 1 1
github.com/calypr/git-drs/client/drs/client.go:79.2,83.20 4 1
github.com/calypr/git-drs/client/drs/client.go:83.20,85.3 1 1
github.com/calypr/git-drs/client/drs/client.go:85.8,87.3 1 0
github.com/calypr/git-drs/client/drs/client.go:90.2,99.27 6 1
github.com/calypr/git-drs/client/drs/client.go:99.27,101.3 1 0
github.com/calypr/git-drs/client/drs/client.go:103.2,118.8 2 1
github.com/calypr/git-drs/client/drs/client.go:121.47,123.2 1 1
github.com/calypr/git-drs/client/drs/client.go:125.91,127.2 1 0
github.com/calypr/git-drs/client/drs/client.go:129.92,131.2 1 0
github.com/calypr/git-drs/client/drs/client.go:133.119,135.2 1 0
github.com/calypr/git-drs/client/drs/client.go:137.97,141.16 3 0
github.com/calypr/git-drs/client/drs/client.go:141.16,144.3 2 0
github.com/calypr/git-drs/client/drs/client.go:145.2,145.56 1 0
github.com/calypr/git-drs/client/drs/client.go:148.133,149.23 1 4
github.com/calypr/git-drs/client/drs/client.go:149.23,152.3 2 1
github.com/calypr/git-drs/client/drs/client.go:154.2,155.16 2 3
github.com/calypr/git-drs/client/drs/client.go:155.16,158.3 2 0
github.com/calypr/git-drs/client/drs/client.go:159.2,159.27 1 3
github.com/calypr/git-drs/client/drs/client.go:159.27,162.3 2 1
github.com/calypr/git-drs/client/drs/client.go:164.2,167.36 3 2
github.com/calypr/git-drs/client/drs/client.go:167.36,170.3 2 0
github.com/calypr/git-drs/client/drs/client.go:172.2,173.22 2 2
github.com/calypr/git-drs/client/drs/client.go:173.22,176.3 2 1
github.com/calypr/git-drs/client/drs/client.go:177.2,179.63 2 1
github.com/calypr/git-drs/client/drs/client.go:182.107,184.16 2 1
github.com/calypr/git-drs/client/drs/client.go:184.16,186.3 1 0
github.com/calypr/git-drs/client/drs/client.go:188.2,189.16 2 1
github.com/calypr/git-drs/client/drs/client.go:189.16,191.3 1 0
github.com/calypr/git-drs/client/drs/client.go:193.2,194.24 2 1
github.com/calypr/git-drs/client/drs/client.go:194.24,196.38 2 2
github.com/calypr/git-drs/client/drs/client.go:196.38,197.32 1 2
github.com/calypr/git-drs/client/drs/client.go:197.32,198.64 1 2
github.com/calypr/git-drs/client/drs/client.go:198.64,199.32 1 2
github.com/calypr/git-drs/client/drs/client.go:199.32,201.12 2 1
github.com/calypr/git-drs/client/drs/client.go:205.4,205.13 1 2
github.com/calypr/git-drs/client/drs/client.go:205.13,206.10 1 1
github.com/calypr/git-drs/client/drs/client.go:209.3,209.12 1 2
github.com/calypr/git-drs/client/drs/client.go:209.12,211.4 1 1
github.com/calypr/git-drs/client/drs/client.go:213.2,213.22 1 1
github.com/calypr/git-drs/client/drs/client.go:216.121,218.2 1 0
github.com/calypr/git-drs/client/drs/client.go:220.93,222.2 1 0
github.com/calypr/git-drs/client/drs/client.go:224.82,226.16 2 2
github.com/calypr/git-drs/client/drs/client.go:226.16,228.3 1 0
github.com/calypr/git-drs/client/drs/client.go:229.2,229.23 1 2
github.com/calypr/git-drs/client/drs/client.go:229.23,231.3 1 0
github.com/calypr/git-drs/client/drs/client.go:232.2,233.33 2 2
github.com/calypr/git-drs/client/drs/client.go:233.33,235.16 2 3
github.com/calypr/git-drs/client/drs/client.go:235.16,236.12 1 0
github.com/calypr/git-drs/client/drs/client.go:238.3,238.37 1 3
github.com/calypr/git-drs/client/drs/client.go:238.37,239.12 1 0
github.com/calypr/git-drs/client/drs/client.go:241.3,242.56 2 3
github.com/calypr/git-drs/client/drs/client.go:242.56,244.4 1 0
github.com/calypr/git-drs/client/drs/client.go:246.2,246.20 1 2
github.com/calypr/git-drs/client/drs/client.go:246.20,248.3 1 0
github.com/calypr/git-drs/client/drs/client.go:249.2,249.12 1 2
github.com/calypr/git-drs/client/drs/client.go:252.82,254.2 1 4
github.com/calypr/git-drs/client/drs/client.go:256.117,258.2 1 0
github.com/calypr/git-drs/client/drs/client.go:260.107,262.2 1 0
github.com/calypr/git-drs/client/drs/client.go:264.118,266.2 1 0
github.com/calypr/git-drs/client/drs/client.go:268.121,270.2 1 0
github.com/calypr/git-drs/client/drs/client.go:272.120,274.2 1 0
github.com/calypr/git-drs/client/drs/client.go:276.67,278.2 1 0
github.com/calypr/git-drs/client/drs/client.go:280.48,282.2 1 1
github.com/calypr/git-drs/client/drs/client.go:284.50,286.2 1 3
github.com/calypr/git-drs/client/drs/client.go:288.42,290.2 1 1
github.com/calypr/git-drs/client/drs/client.go:292.94,296.58 2 0
github.com/calypr/git-drs/client/drs/client.go:296.58,298.3 1 0
github.com/calypr/git-drs/client/drs/client.go:299.2,299.122 1 0
github.com/calypr/git-drs/client/drs/gen3_remote.go:22.43,24.2 1 3
github.com/calypr/git-drs/client/drs/gen3_remote.go:26.46,28.2 1 3
github.com/calypr/git-drs/client/drs/gen3_remote.go:30.42,32.2 1 1
github.com/calypr/git-drs/client/drs/gen3_remote.go:34.44,36.2 1 2
github.com/calypr/git-drs/client/drs/gen3_remote.go:38.47,40.2 1 1
github.com/calypr/git-drs/client/drs/gen3_remote.go:42.122,45.16 3 1
github.com/calypr/git-drs/client/drs/gen3_remote.go:45.16,47.3 1 1
github.com/calypr/git-drs/client/drs/gen3_remote.go:49.2,50.109 2 0
github.com/calypr/git-drs/client/drs/gen3_remote.go:50.109,52.3 1 0
github.com/calypr/git-drs/client/drs/gen3_remote.go:54.2,54.51 1 0
github.com/calypr/git-drs/client/drs/register.go:30.108,35.16 4 0
github.com/calypr/git-drs/client/drs/register.go:35.16,37.3 1 0
github.com/calypr/git-drs/client/drs/register.go:38.2,38.75 1 0
github.com/calypr/git-drs/client/drs/register.go:38.75,40.3 1 0
github.com/calypr/git-drs/client/drs/register.go:41.2,41.23 1 0
github.com/calypr/git-drs/client/drs/register.go:45.105,47.39 1 0
github.com/calypr/git-drs/client/drs/register.go:47.39,49.3 1 0
github.com/calypr/git-drs/client/drs/register.go:50.2,52.16 3 0
github.com/calypr/git-drs/client/drs/register.go:52.16,55.3 1 0
github.com/calypr/git-drs/client/drs/register.go:57.2,58.24 2 0
github.com/calypr/git-drs/client/drs/register.go:61.68,62.87 1 4
github.com/calypr/git-drs/client/drs/register.go:62.87,64.16 2 2
github.com/calypr/git-drs/client/drs/register.go:64.16,65.81 1 2
github.com/calypr/git-drs/client/drs/register.go:65.81,69.111 2 2
github.com/calypr/git-drs/client/drs/register.go:69.111,71.6 1 1
github.com/calypr/git-drs/client/drs/register.go:75.2,75.16 1 3
github.com/calypr/git-drs/client/drs/register.go:75.16,77.3 1 2
github.com/calypr/git-drs/client/drs/register.go:78.2,78.11 1 1
github.com/calypr/git-drs/client/drs/register.go:81.101,83.15 2 4
github.com/calypr/git-drs/client/drs/register.go:83.15,85.3 1 0
github.com/calypr/git-drs/client/drs/register.go:87.2,88.16 2 4
github.com/calypr/git-drs/client/drs/register.go:88.16,89.89 1 4
github.com/calypr/git-drs/client/drs/register.go:89.89,90.17 1 2
github.com/calypr/git-drs/client/drs/register.go:90.17,91.104 1 2
github.com/calypr/git-drs/client/drs/register.go:91.104,93.6 1 1
github.com/calypr/git-drs/client/drs/register.go:95.4,95.32 1 1
github.com/calypr/git-drs/client/drs/register.go:99.2,99.15 1 2
github.com/calypr/git-drs/client/drs/register.go:99.15,101.3 1 1
github.com/calypr/git-drs/client/drs/register.go:103.2,104.20 2 1
github.com/calypr/git-drs/client/drs/register.go:104.20,106.3 1 0
github.com/calypr/git-drs/client/drs/register.go:107.2,107.16 1 1
github.com/calypr/git-drs/client/drs/register.go:107.16,109.3 1 0
github.com/calypr/git-drs/client/drs/register.go:110.2,110.32 1 1
github.com/calypr/git-drs/client/drs/register.go:113.118,115.16 2 0
github.com/calypr/git-drs/client/drs/register.go:115.16,117.21 2 0
github.com/calypr/git-drs/client/drs/register.go:117.21,119.4 1 0
github.com/calypr/git-drs/client/drs/register.go:120.3,122.17 3 0
github.com/calypr/git-drs/client/drs/register.go:122.17,124.4 1 0
github.com/calypr/git-drs/client/drs/register.go:126.2,128.16 3 0
github.com/calypr/git-drs/client/drs/register.go:128.16,129.54 1 0
github.com/calypr/git-drs/client/drs/register.go:129.54,130.25 1 0
github.com/calypr/git-drs/client/drs/register.go:130.25,132.148 2 0
github.com/calypr/git-drs/client/drs/register.go:132.148,133.136 1 0
github.com/calypr/git-drs/client/drs/register.go:133.136,135.7 1 0
github.com/calypr/git-drs/client/drs/register.go:137.10,140.19 3 0
github.com/calypr/git-drs/client/drs/register.go:140.19,142.6 1 0
github.com/calypr/git-drs/client/drs/register.go:143.5,144.19 2 0
github.com/calypr/git-drs/client/drs/register.go:144.19,146.6 1 0
github.com/calypr/git-drs/client/drs/register.go:147.5,147.29 1 0
github.com/calypr/git-drs/client/drs/register.go:147.29,149.6 1 0
github.com/calypr/git-drs/client/drs/register.go:151.9,153.4 1 0
github.com/calypr/git-drs/client/drs/register.go:154.8,154.33 1 0
github.com/calypr/git-drs/client/drs/register.go:154.33,156.3 1 0
github.com/calypr/git-drs/client/drs/register.go:157.2,158.23 2 0
github.com/calypr/git-drs/client/drs/register.go:161.140,163.24 2 0
github.com/calypr/git-drs/client/drs/register.go:163.24,166.17 3 0
github.com/calypr/git-drs/client/drs/register.go:166.17,168.4 1 0
github.com/calypr/git-drs/client/drs/register.go:169.3,169.19 1 0
github.com/calypr/git-drs/client/drs/register.go:169.19,172.4 2 0
github.com/calypr/git-drs/client/drs/register.go:175.2,178.16 4 0
github.com/calypr/git-drs/client/drs/register.go:178.16,180.3 1 0
github.com/calypr/git-drs/client/drs/register.go:181.2,181.28 1 0
github.com/calypr/git-drs/client/drs/register.go:181.28,183.17 2 0
github.com/calypr/git-drs/client/drs/register.go:183.17,185.4 1 0
github.com/calypr/git-drs/client/drs/register.go:188.2,189.38 2 0
github.com/calypr/git-drs/client/drs/register.go:189.38,191.3 1 0
github.com/calypr/git-drs/client/drs/register.go:192.2,194.41 2 0
github.com/calypr/git-drs/client/drs/register.go:194.41,202.91 3 0
github.com/calypr/git-drs/client/drs/register.go:202.91,204.4 1 0
github.com/calypr/git-drs/client/drs/register.go:205.3,205.13 1 0
github.com/calypr/git-drs/client/drs/register.go:208.2,220.16 2 0
github.com/calypr/git-drs/client/drs/register.go:220.16,222.3 1 0
github.com/calypr/git-drs/client/drs/register.go:223.2,223.12 1 0
github.com/calypr/git-drs/client/drs/register.go:230.103,231.21 1 1
github.com/calypr/git-drs/client/drs/register.go:231.21,233.3 1 1
github.com/calypr/git-drs/client/drs/register.go:235.2,237.26 3 0
github.com/calypr/git-drs/client/drs/register.go:237.26,239.16 2 0
github.com/calypr/git-drs/client/drs/register.go:239.16,240.12 1 0
github.com/calypr/git-drs/client/drs/register.go:242.3,242.43 1 0
github.com/calypr/git-drs/client/drs/register.go:242.43,243.12 1 0
github.com/calypr/git-drs/client/drs/register.go:245.3,247.27 3 0
github.com/calypr/git-drs/client/drs/register.go:249.2,252.16 3 0
github.com/calypr/git-drs/client/drs/register.go:252.16,254.3 1 0
github.com/calypr/git-drs/client/drs/register.go:256.2,257.16 2 0
github.com/calypr/git-drs/client/drs/register.go:257.16,260.3 2 0
github.com/calypr/git-drs/client/drs/register.go:262.2,266.27 4 0
github.com/calypr/git-drs/client/drs/register.go:266.27,269.91 3 0
github.com/calypr/git-drs/client/drs/register.go:269.91,271.4 1 0
github.com/calypr/git-drs/client/drs/register.go:271.9,273.22 2 0
github.com/calypr/git-drs/client/drs/register.go:273.22,275.5 1 0
github.com/calypr/git-drs/client/drs/register.go:276.4,278.23 3 0
github.com/calypr/git-drs/client/drs/register.go:278.23,280.5 1 0
github.com/calypr/git-drs/client/drs/register.go:281.4,281.19 1 0
github.com/calypr/git-drs/client/drs/register.go:283.3,286.21 3 0
github.com/calypr/git-drs/client/drs/register.go:286.21,289.12 3 0
github.com/calypr/git-drs/client/drs/register.go:291.3,291.133 1 0
github.com/calypr/git-drs/client/drs/register.go:291.133,293.4 1 0
github.com/calypr/git-drs/client/drs/register.go:296.2,296.25 1 0
github.com/calypr/git-drs/client/drs/register.go:296.25,299.20 3 0
github.com/calypr/git-drs/client/drs/register.go:299.20,301.4 1 0
github.com/calypr/git-drs/client/drs/register.go:302.3,302.34 1 0
github.com/calypr/git-drs/client/drs/register.go:302.34,303.18 1 0
github.com/calypr/git-drs/client/drs/register.go:303.18,304.13 1 0
github.com/calypr/git-drs/client/drs/register.go:306.4,307.17 2 0
github.com/calypr/git-drs/client/drs/register.go:307.17,309.5 1 0
github.com/calypr/git-drs/client/drs/register.go:313.2,322.27 3 0
github.com/calypr/git-drs/client/drs/register.go:322.27,326.19 4 0
github.com/calypr/git-drs/client/drs/register.go:326.19,327.29 1 0
github.com/calypr/git-drs/client/drs/register.go:327.29,329.5 1 0
github.com/calypr/git-drs/client/drs/register.go:329.10,333.21 2 0
github.com/calypr/git-drs/client/drs/register.go:333.21,335.20 2 0
github.com/calypr/git-drs/client/drs/register.go:335.20,337.23 2 0
github.com/calypr/git-drs/client/drs/register.go:337.23,340.8 2 0
github.com/calypr/git-drs/client/drs/register.go:340.13,340.31 1 0
github.com/calypr/git-drs/client/drs/register.go:340.31,343.8 2 0
github.com/calypr/git-drs/client/drs/register.go:348.3,348.19 1 0
github.com/calypr/git-drs/client/drs/register.go:348.19,349.12 1 0
github.com/calypr/git-drs/client/drs/register.go:351.3,352.17 2 0
github.com/calypr/git-drs/client/drs/register.go:352.17,354.4 1 0
github.com/calypr/git-drs/client/drs/register.go:355.3,357.20 3 0
github.com/calypr/git-drs/client/drs/register.go:357.20,359.4 1 0
github.com/calypr/git-drs/client/drs/register.go:360.3,360.17 1 0
github.com/calypr/git-drs/client/drs/register.go:360.17,365.12 2 0
github.com/calypr/git-drs/client/drs/register.go:368.3,369.21 2 0
github.com/calypr/git-drs/client/drs/register.go:369.21,371.4 1 0
github.com/calypr/git-drs/client/drs/register.go:372.3,379.5 2 0
github.com/calypr/git-drs/client/drs/register.go:382.2,382.32 1 0
github.com/calypr/git-drs/client/drs/register.go:382.32,384.3 1 0
github.com/calypr/git-drs/client/drs/register.go:386.2,387.58 2 0
github.com/calypr/git-drs/client/drs/register.go:387.58,389.3 1 0
github.com/calypr/git-drs/client/drs/register.go:390.2,391.57 2 0
github.com/calypr/git-drs/client/drs/register.go:391.57,393.3 1 0
github.com/calypr/git-drs/client/drs/register.go:395.2,397.45 3 0
github.com/calypr/git-drs/client/drs/register.go:397.45,398.33 1 0
github.com/calypr/git-drs/client/drs/register.go:398.33,400.4 1 0
github.com/calypr/git-drs/client/drs/register.go:400.9,402.4 1 0
github.com/calypr/git-drs/client/drs/register.go:405.2,413.30 2 0
github.com/calypr/git-drs/client/drs/register.go:413.30,416.45 3 0
github.com/calypr/git-drs/client/drs/register.go:416.45,418.23 2 0
github.com/calypr/git-drs/client/drs/register.go:418.23,419.94 1 0
github.com/calypr/git-drs/client/drs/register.go:419.94,421.6 1 0
github.com/calypr/git-drs/client/drs/register.go:422.5,422.15 1 0
github.com/calypr/git-drs/client/drs/register.go:425.3,425.35 1 0
github.com/calypr/git-drs/client/drs/register.go:425.35,427.4 1 0
github.com/calypr/git-drs/client/drs/register.go:430.2,430.44 1 0
github.com/calypr/git-drs/client/drs/register.go:430.44,431.90 1 0
github.com/calypr/git-drs/client/drs/register.go:431.90,433.4 1 0
github.com/calypr/git-drs/client/drs/register.go:436.2,436.12 1 0
github.com/calypr/git-drs/client/drs/register.go:439.107,441.62 2 4
github.com/calypr/git-drs/client/drs/register.go:441.62,443.3 1 1
github.com/calypr/git-drs/client/drs/register.go:445.2,446.16 2 3
github.com/calypr/git-drs/client/drs/register.go:446.16,448.3 1 0
github.com/calypr/git-drs/client/drs/register.go:450.2,451.16 2 3
github.com/calypr/git-drs/client/drs/register.go:451.16,453.3 1 0
github.com/calypr/git-drs/client/drs/register.go:454.2,456.63 3 3
github.com/calypr/git-drs/client/drs/register.go:456.63,458.3 1 3
github.com/calypr/git-drs/client/drs/register.go:460.2,461.16 2 3
github.com/calypr/git-drs/client/drs/register.go:461.16,463.3 1 0
github.com/calypr/git-drs/client/drs/register.go:464.2,466.38 2 3
github.com/calypr/git-drs/client/drs/register.go:466.38,469.3 2 1
github.com/calypr/git-drs/client/drs/register.go:471.2,472.64 2 2
github.com/calypr/git-drs/client/drs/register.go:472.64,474.3 1 1
github.com/calypr/git-drs/client/drs/register.go:475.2,475.17 1 1
github.com/calypr/git-drs/client/local/local_client.go:43.44,44.23 1 13
github.com/calypr/git-drs/client/local/local_client.go:44.23,46.3 1 13
github.com/calypr/git-drs/client/local/local_client.go:47.2,47.24 1 0
github.com/calypr/git-drs/client/local/local_client.go:49.47,49.72 1 5
github.com/calypr/git-drs/client/local/local_client.go:50.47,50.67 1 0
github.com/calypr/git-drs/client/local/local_client.go:51.47,51.66 1 11
github.com/calypr/git-drs/client/local/local_client.go:52.48,54.2 1 0
github.com/calypr/git-drs/client/local/local_client.go:55.123,56.119 1 0
github.com/calypr/git-drs/client/local/local_client.go:56.119,59.3 2 0
github.com/calypr/git-drs/client/local/local_client.go:60.2,60.39 1 0
github.com/calypr/git-drs/client/local/local_client.go:103.75,106.62 3 5
github.com/calypr/git-drs/client/local/local_client.go:106.62,108.3 1 2
github.com/calypr/git-drs/client/local/local_client.go:109.2,116.27 7 5
github.com/calypr/git-drs/client/local/local_client.go:116.27,118.3 1 0
github.com/calypr/git-drs/client/local/local_client.go:120.2,140.3 4 5
github.com/calypr/git-drs/client/local/local_client.go:147.81,155.2 7 5
github.com/calypr/git-drs/client/local/local_client.go:157.81,159.2 1 0
github.com/calypr/git-drs/client/local/local_client.go:161.109,163.16 2 7
github.com/calypr/git-drs/client/local/local_client.go:163.16,165.3 1 0
github.com/calypr/git-drs/client/local/local_client.go:166.2,166.37 1 7
github.com/calypr/git-drs/client/local/local_client.go:166.37,168.3 1 8
github.com/calypr/git-drs/client/local/local_client.go:169.2,169.20 1 7
github.com/calypr/git-drs/client/local/local_client.go:169.20,171.3 1 0
github.com/calypr/git-drs/client/local/local_client.go:172.2,172.22 1 7
github.com/calypr/git-drs/client/local/local_client.go:172.22,174.3 1 0
github.com/calypr/git-drs/client/local/local_client.go:175.2,176.16 2 7
github.com/calypr/git-drs/client/local/local_client.go:176.16,178.3 1 0
github.com/calypr/git-drs/client/local/local_client.go:179.2,180.16 2 7
github.com/calypr/git-drs/client/local/local_client.go:180.16,182.3 1 0
github.com/calypr/git-drs/client/local/local_client.go:183.2,183.18 1 7
github.com/calypr/git-drs/client/local/local_client.go:191.118,197.2 2 2
github.com/calypr/git-drs/client/local/local_client.go:199.85,201.2 1 0
github.com/calypr/git-drs/client/local/local_client.go:203.113,204.23 1 2
github.com/calypr/git-drs/client/local/local_client.go:204.23,206.3 1 0
github.com/calypr/git-drs/client/local/local_client.go:207.2,207.55 1 2
github.com/calypr/git-drs/client/local/local_client.go:207.55,209.3 1 2
github.com/calypr/git-drs/client/local/local_client.go:210.2,210.27 1 2
github.com/calypr/git-drs/client/local/local_client.go:213.65,213.99 1 0
github.com/calypr/git-drs/client/local/local_client.go:214.65,214.100 1 0
github.com/calypr/git-drs/client/local/local_client.go:215.65,215.97 1 0
github.com/calypr/git-drs/client/local/local_client.go:216.65,216.79 1 0
github.com/calypr/git-drs/client/local/local_client.go:218.89,220.2 1 0
github.com/calypr/git-drs/client/local/local_client.go:221.90,223.2 1 0
github.com/calypr/git-drs/client/local/local_client.go:224.115,226.2 1 0
github.com/calypr/git-drs/client/local/local_client.go:227.95,229.16 2 3
github.com/calypr/git-drs/client/local/local_client.go:229.16,231.3 1 1
github.com/calypr/git-drs/client/local/local_client.go:232.2,232.36 1 2
github.com/calypr/git-drs/client/local/local_client.go:234.110,236.2 1 0
github.com/calypr/git-drs/client/local/local_client.go:237.119,239.2 1 0
github.com/calypr/git-drs/client/local/local_client.go:240.89,242.2 1 0
github.com/calypr/git-drs/client/local/local_client.go:243.80,245.16 2 0
github.com/calypr/git-drs/client/local/local_client.go:245.16,247.3 1 0
github.com/calypr/git-drs/client/local/local_client.go:248.2,248.23 1 0
github.com/calypr/git-drs/client/local/local_client.go:248.23,250.3 1 0
github.com/calypr/git-drs/client/local/local_client.go:251.2,252.33 2 0
github.com/calypr/git-drs/client/local/local_client.go:252.33,254.16 2 0
github.com/calypr/git-drs/client/local/local_client.go:254.16,255.12 1 0
github.com/calypr/git-drs/client/local/local_client.go:257.3,257.37 1 0
github.com/calypr/git-drs/client/local/local_client.go:257.37,258.12 1 0
github.com/calypr/git-drs/client/local/local_client.go:260.3,261.55 2 0
github.com/calypr/git-drs/client/local/local_client.go:261.55,263.4 1 0
github.com/calypr/git-drs/client/local/local_client.go:265.2,265.20 1 0
github.com/calypr/git-drs/client/local/local_client.go:265.20,267.3 1 0
github.com/calypr/git-drs/client/local/local_client.go:268.2,268.12 1 0
github.com/calypr/git-drs/client/local/local_client.go:270.80,272.2 1 0
github.com/calypr/git-drs/client/local/local_client.go:273.115,275.2 1 0
github.com/calypr/git-drs/client/local/local_client.go:276.106,278.2 1 5
github.com/calypr/git-drs/client/local/local_client.go:279.117,281.2 1 0
github.com/calypr/git-drs/client/local/local_client.go:282.120,284.2 1 0
github.com/calypr/git-drs/client/local/local_client.go:286.119,292.2 5 4
github.com/calypr/git-drs/client/local/local_client.go:294.110,297.30 3 5
github.com/calypr/git-drs/client/local/local_client.go:297.30,299.21 2 5
github.com/calypr/git-drs/client/local/local_client.go:299.21,301.4 1 1
github.com/calypr/git-drs/client/local/local_client.go:302.3,304.17 3 4
github.com/calypr/git-drs/client/local/local_client.go:304.17,306.4 1 1
github.com/calypr/git-drs/client/local/local_client.go:309.2,310.16 2 3
github.com/calypr/git-drs/client/local/local_client.go:310.16,312.3 1 2
github.com/calypr/git-drs/client/local/local_client.go:313.2,315.36 2 1
github.com/calypr/git-drs/client/local/local_client.go:315.36,317.3 1 0
github.com/calypr/git-drs/client/local/local_client.go:319.2,326.57 2 1
github.com/calypr/git-drs/client/local/local_client.go:326.57,328.3 1 1
github.com/calypr/git-drs/client/local/local_client.go:329.2,329.17 1 0
github.com/calypr/git-drs/client/local/local_client.go:332.93,334.56 2 2
github.com/calypr/git-drs/client/local/local_client.go:334.56,336.3 1 2
github.com/calypr/git-drs/client/local/local_client.go:337.2,337.62 1 2
github.com/calypr/git-drs/client/local/local_client.go:340.101,341.26 1 1
github.com/calypr/git-drs/client/local/local_client.go:341.26,342.63 1 1
github.com/calypr/git-drs/client/local/local_client.go:342.63,344.4 1 1
github.com/calypr/git-drs/client/local/local_client.go:346.2,346.12 1 0
github.com/calypr/git-drs/client/local/local_client.go:353.101,355.2 1 0
github.com/calypr/git-drs/client/local/local_client.go:368.51,370.2 1 0
github.com/calypr/git-drs/client/local/local_client.go:372.63,374.2 1 0
github.com/calypr/git-drs/client/local/local_client.go:376.123,378.2 1 0
github.com/calypr/git-drs/client/local/local_client.go:380.131,382.2 1 0
github.com/calypr/git-drs/client/local/local_client.go:384.119,386.16 2 2
github.com/calypr/git-drs/client/local/local_client.go:386.16,388.3 1 0
github.com/calypr/git-drs/client/local/local_client.go:390.2,391.22 2 2
github.com/calypr/git-drs/client/local/local_client.go:391.22,393.3 1 0
github.com/calypr/git-drs/client/local/local_client.go:395.2,397.33 3 2
github.com/calypr/git-drs/client/local/local_client.go:397.33,399.14 2 6
github.com/calypr/git-drs/client/local/local_client.go:399.14,401.4 1 2
github.com/calypr/git-drs/client/local/local_client.go:402.3,402.27 1 4
github.com/calypr/git-drs/client/local/local_client.go:402.27,404.4 1 1
github.com/calypr/git-drs/client/local/local_client.go:405.3,406.37 2 3
github.com/calypr/git-drs/client/local/local_client.go:409.2,410.39 2 2
github.com/calypr/git-drs/client/local/local_client.go:410.39,411.25 1 2
github.com/calypr/git-drs/client/local/local_client.go:411.25,413.4 1 0
github.com/calypr/git-drs/client/local/local_client.go:414.3,414.24 1 2
github.com/calypr/git-drs/client/local/local_client.go:416.2,419.39 3 2
github.com/calypr/git-drs/client/local/local_client.go:419.39,421.20 2 3
github.com/calypr/git-drs/client/local/local_client.go:421.20,423.12 2 2
github.com/calypr/git-drs/client/local/local_client.go:425.3,425.65 1 1
github.com/calypr/git-drs/client/local/local_client.go:425.65,426.12 1 0
github.com/calypr/git-drs/client/local/local_client.go:428.3,428.32 1 1
github.com/calypr/git-drs/client/local/local_client.go:428.32,429.12 1 0
github.com/calypr/git-drs/client/local/local_client.go:431.3,431.28 1 1
github.com/calypr/git-drs/client/local/local_client.go:435.2,435.39 1 1
github.com/calypr/git-drs/client/local/local_client.go:435.39,436.71 1 1
github.com/calypr/git-drs/client/local/local_client.go:436.71,437.12 1 0
github.com/calypr/git-drs/client/local/local_client.go:439.3,439.34 1 1
github.com/calypr/git-drs/client/local/local_client.go:439.34,441.4 1 1
github.com/calypr/git-drs/client/local/local_client.go:444.2,444.20 1 0
github.com/calypr/git-drs/client/local/local_client.go:444.20,446.3 1 0
github.com/calypr/git-drs/client/local/local_client.go:447.2,447.80 1 0
github.com/calypr/git-drs/client/local/local_client.go:450.33,452.16 2 2
github.com/calypr/git-drs/client/local/local_client.go:452.16,454.3 1 0
github.com/calypr/git-drs/client/local/local_client.go:455.2,455.94 1 2
github.com/calypr/git-drs/client/local/local_client.go:458.135,464.2 2 0
github.com/calypr/git-drs/cmd/addref/add-ref.go:21.54,30.17 6 0
github.com/calypr/git-drs/cmd/addref/add-ref.go:30.17,32.4 1 0
github.com/calypr/git-drs/cmd/addref/add-ref.go:34.3,35.17 2 0
github.com/calypr/git-drs/cmd/addref/add-ref.go:35.17,38.4 2 0
github.com/calypr/git-drs/cmd/addref/add-ref.go:40.3,41.17 2 0
github.com/calypr/git-drs/cmd/addref/add-ref.go:41.17,43.4 1 0
github.com/calypr/git-drs/cmd/addref/add-ref.go:45.3,46.17 2 0
github.com/calypr/git-drs/cmd/addref/add-ref.go:46.17,48.4 1 0
github.com/calypr/git-drs/cmd/addref/add-ref.go:49.3,51.25 3 0
github.com/calypr/git-drs/cmd/addref/add-ref.go:51.25,54.4 1 0
github.com/calypr/git-drs/cmd/addref/add-ref.go:56.3,57.13 2 0
github.com/calypr/git-drs/cmd/addref/add-ref.go:61.13,63.2 1 1
github.com/calypr/git-drs/cloud/inspect.go:66.89,67.43 1 0
github.com/calypr/git-drs/cloud/inspect.go:67.43,69.3 1 0
github.com/calypr/git-drs/cloud/inspect.go:71.2,72.16 2 0
github.com/calypr/git-drs/cloud/inspect.go:72.16,74.3 1 0
github.com/calypr/git-drs/cloud/inspect.go:76.2,77.16 2 0
github.com/calypr/git-drs/cloud/inspect.go:77.16,79.3 1 0
github.com/calypr/git-drs/cloud/inspect.go:80.2,83.16 3 0
github.com/calypr/git-drs/cloud/inspect.go:83.16,85.3 1 0
github.com/calypr/git-drs/cloud/inspect.go:87.2,89.78 3 0
github.com/calypr/git-drs/cloud/inspect.go:89.78,91.3 1 0
github.com/calypr/git-drs/cloud/inspect.go:93.2,94.29 2 0
github.com/calypr/git-drs/cloud/inspect.go:94.29,96.3 1 0
github.com/calypr/git-drs/cloud/inspect.go:98.2,110.17 4 0
github.com/calypr/git-drs/cloud/inspect.go:113.113,114.48 1 0
github.com/calypr/git-drs/cloud/inspect.go:114.48,116.3 1 0
github.com/calypr/git-drs/cloud/inspect.go:118.2,119.16 2 0
github.com/calypr/git-drs/cloud/inspect.go:119.16,121.3 1 0
github.com/calypr/git-drs/cloud/inspect.go:122.2,123.18 2 0
github.com/calypr/git-drs/cloud/inspect.go:123.18,125.3 1 0
github.com/calypr/git-drs/cloud/inspect.go:127.2,134.18 7 0
github.com/calypr/git-drs/cloud/inspect.go:134.18,136.3 1 0
github.com/calypr/git-drs/cloud/inspect.go:137.2,137.40 1 0
github.com/calypr/git-drs/cloud/inspect.go:137.40,138.41 1 0
github.com/calypr/git-drs/cloud/inspect.go:138.41,140.4 1 0
github.com/calypr/git-drs/cloud/inspect.go:141.3,141.133 1 0
github.com/calypr/git-drs/cloud/inspect.go:144.2,145.16 2 0
github.com/calypr/git-drs/cloud/inspect.go:145.16,147.3 1 0
github.com/calypr/git-drs/cloud/inspect.go:149.2,150.20 2 0
github.com/calypr/git-drs/cloud/inspect.go:150.20,151.55 1 0
github.com/calypr/git-drs/cloud/inspect.go:151.55,154.4 2 0
github.com/calypr/git-drs/cloud/inspect.go:156.2,157.54 2 0
github.com/calypr/git-drs/cloud/inspect.go:160.102,162.16 2 7
github.com/calypr/git-drs/cloud/inspect.go:162.16,164.3 1 0
github.com/calypr/git-drs/cloud/inspect.go:166.2,166.75 1 7
github.com/calypr/git-drs/cloud/inspect.go:166.75,168.25 2 7
github.com/calypr/git-drs/cloud/inspect.go:168.25,170.72 2 7
github.com/calypr/git-drs/cloud/inspect.go:170.72,172.5 1 0
github.com/calypr/git-drs/cloud/inspect.go:173.9,173.56 1 0
github.com/calypr/git-drs/cloud/inspect.go:173.56,175.4 1 0
github.com/calypr/git-drs/cloud/inspect.go:176.3,181.9 1 7
github.com/calypr/git-drs/cloud/inspect.go:184.2,184.18 1 7
github.com/calypr/git-drs/cloud/inspect.go:185.28,188.19 3 3
github.com/calypr/git-drs/cloud/inspect.go:188.19,190.4 1 0
github.com/calypr/git-drs/cloud/inspect.go:191.3,191.16 1 3
github.com/calypr/git-drs/cloud/inspect.go:191.16,193.4 1 0
github.com/calypr/git-drs/cloud/inspect.go:194.3,195.23 2 3
github.com/calypr/git-drs/cloud/inspect.go:195.23,197.4 1 2
github.com/calypr/git-drs/cloud/inspect.go:198.3,198.23 1 3
github.com/calypr/git-drs/cloud/inspect.go:198.23,200.19 2 0
github.com/calypr/git-drs/cloud/inspect.go:200.19,203.29 3 0
github.com/calypr/git-drs/cloud/inspect.go:203.29,205.27 2 0
github.com/calypr/git-drs/cloud/inspect.go:205.27,207.7 1 0
github.com/calypr/git-drs/cloud/inspect.go:209.5,210.32 2 0
github.com/calypr/git-drs/cloud/inspect.go:213.3,213.42 1 3
github.com/calypr/git-drs/cloud/inspect.go:214.14,216.19 2 1
github.com/calypr/git-drs/cloud/inspect.go:216.19,218.4 1 0
github.com/calypr/git-drs/cloud/inspect.go:219.3,219.16 1 1
github.com/calypr/git-drs/cloud/inspect.go:219.16,221.4 1 0
github.com/calypr/git-drs/cloud/inspect.go:222.3,222.43 1 1
github.com/calypr/git-drs/cloud/inspect.go:223.23,226.16 3 3
github.com/calypr/git-drs/cloud/inspect.go:226.16,228.4 1 0
github.com/calypr/git-drs/cloud/inspect.go:230.3,230.64 1 3
github.com/calypr/git-drs/cloud/inspect.go:230.64,233.4 2 1
github.com/calypr/git-drs/cloud/inspect.go:235.3,235.65 1 2
github.com/calypr/git-drs/cloud/inspect.go:235.65,238.4 2 0
github.com/calypr/git-drs/cloud/inspect.go:240.3,240.39 1 2
github.com/calypr/git-drs/cloud/inspect.go:240.39,242.58 2 0
github.com/calypr/git-drs/cloud/inspect.go:242.58,244.5 1 0
github.com/calypr/git-drs/cloud/inspect.go:245.4,246.69 2 0
github.com/calypr/git-drs/cloud/inspect.go:249.3,249.62 1 2
github.com/calypr/git-drs/cloud/inspect.go:249.62,252.58 3 1
github.com/calypr/git-drs/cloud/inspect.go:252.58,254.5 1 0
github.com/calypr/git-drs/cloud/inspect.go:255.4,258.51 4 1
github.com/calypr/git-drs/cloud/inspect.go:262.3,262.35 1 1
github.com/calypr/git-drs/cloud/inspect.go:262.35,264.58 2 1
github.com/calypr/git-drs/cloud/inspect.go:264.58,266.5 1 0
github.com/calypr/git-drs/cloud/inspect.go:267.4,269.82 3 1
github.com/calypr/git-drs/cloud/inspect.go:272.3,272.67 1 0
github.com/calypr/git-drs/cloud/inspect.go:273.10,274.61 1 0
github.com/calypr/git-drs/cloud/inspect.go:278.88,286.18 4 3
github.com/calypr/git-drs/cloud/inspect.go:286.18,288.3 1 1
github.com/calypr/git-drs/cloud/inspect.go:290.2,291.20 2 3
github.com/calypr/git-drs/cloud/inspect.go:291.20,293.3 1 2
github.com/calypr/git-drs/cloud/inspect.go:295.2,295.16 1 3
github.com/calypr/git-drs/cloud/inspect.go:295.16,297.3 1 2
github.com/calypr/git-drs/cloud/inspect.go:298.2,298.19 1 3
github.com/calypr/git-drs/cloud/inspect.go:301.45,302.27 1 3
github.com/calypr/git-drs/cloud/inspect.go:302.27,304.14 2 5
github.com/calypr/git-drs/cloud/inspect.go:304.14,306.4 1 2
github.com/calypr/git-drs/cloud/inspect.go:308.2,308.11 1 1
github.com/calypr/git-drs/cloud/inspect.go:317.39,321.13 4 6
github.com/calypr/git-drs/cloud/inspect.go:321.13,323.3 1 0
github.com/calypr/git-drs/cloud/inspect.go:324.2,324.33 1 6
github.com/calypr/git-drs/cloud/inspect.go:324.33,328.3 1 1
github.com/calypr/git-drs/cloud/inspect.go:329.2,329.27 1 5
github.com/calypr/git-drs/cloud/inspect.go:332.61,333.15 1 3
github.com/calypr/git-drs/cloud/inspect.go:333.15,335.3 1 0
github.com/calypr/git-drs/cloud/inspect.go:339.2,347.31 2 3
github.com/calypr/git-drs/cloud/inspect.go:347.31,348.25 1 8
github.com/calypr/git-drs/cloud/inspect.go:348.25,350.15 2 2
github.com/calypr/git-drs/cloud/inspect.go:350.15,352.5 1 2
github.com/calypr/git-drs/cloud/inspect.go:357.2,357.23 1 1
github.com/calypr/git-drs/cloud/inspect.go:357.23,358.39 1 1
github.com/calypr/git-drs/cloud/inspect.go:358.39,360.4 1 1
github.com/calypr/git-drs/cloud/inspect.go:363.2,363.11 1 0
github.com/calypr/git-drs/cmd/credentialhelper/main.go:23.54,24.21 1 0
github.com/calypr/git-drs/cmd/credentialhelper/main.go:24.21,26.4 1 0
github.com/calypr/git-drs/cmd/credentialhelper/main.go:27.3,27.18 1 0
github.com/calypr/git-drs/cmd/credentialhelper/main.go:28.32,29.14 1 0
github.com/calypr/git-drs/cmd/credentialhelper/main.go:30.11,31.56 1 0
github.com/calypr/git-drs/cmd/credentialhelper/main.go:34.54,36.22 2 0
github.com/calypr/git-drs/cmd/credentialhelper/main.go:36.22,39.4 1 0
github.com/calypr/git-drs/cmd/credentialhelper/main.go:41.3,42.17 2 0
github.com/calypr/git-drs/cmd/credentialhelper/main.go:42.17,44.4 1 0
github.com/calypr/git-drs/cmd/credentialhelper/main.go:46.3,50.17 4 0
github.com/calypr/git-drs/cmd/credentialhelper/main.go:50.17,52.4 1 0
github.com/calypr/git-drs/cmd/credentialhelper/main.go:55.3,55.120 1 0
github.com/calypr/git-drs/cmd/credentialhelper/main.go:55.120,59.4 3 0
github.com/calypr/git-drs/cmd/credentialhelper/main.go:61.3,63.109 2 0
github.com/calypr/git-drs/cmd/credentialhelper/main.go:63.109,65.4 1 0
github.com/calypr/git-drs/cmd/credentialhelper/main.go:68.3,70.17 3 0
github.com/calypr/git-drs/cmd/credentialhelper/main.go:70.17,71.19 1 0
github.com/calypr/git-drs/cmd/credentialhelper/main.go:71.19,73.5 1 0
github.com/calypr/git-drs/cmd/credentialhelper/main.go:74.4,75.123 2 0
github.com/calypr/git-drs/cmd/credentialhelper/main.go:75.123,78.20 3 0
github.com/calypr/git-drs/cmd/credentialhelper/main.go:78.20,80.6 1 0
github.com/calypr/git-drs/cmd/credentialhelper/main.go:84.3,84.18 1 0
github.com/calypr/git-drs/cmd/credentialhelper/main.go:84.18,86.4 1 0
github.com/calypr/git-drs/cmd/credentialhelper/main.go:89.3,93.13 3 0
github.com/calypr/git-drs/cmd/credentialhelper/main.go:103.69,106.15 3 1
github.com/calypr/git-drs/cmd/credentialhelper/main.go:106.15,108.17 2 4
github.com/calypr/git-drs/cmd/credentialhelper/main.go:108.17,109.9 1 1
github.com/calypr/git-drs/cmd/credentialhelper/main.go:111.3,112.22 2 3
github.com/calypr/git-drs/cmd/credentialhelper/main.go:112.22,113.12 1 0
github.com/calypr/git-drs/cmd/credentialhelper/main.go:115.3,117.14 3 3
github.com/calypr/git-drs/cmd/credentialhelper/main.go:118.19,119.22 1 1
github.com/calypr/git-drs/cmd/credentialhelper/main.go:120.15,121.18 1 1
github.com/calypr/git-drs/cmd/credentialhelper/main.go:122.15,123.18 1 1
github.com/calypr/git-drs/cmd/credentialhelper/main.go:126.2,126.21 1 1
github.com/calypr/git-drs/cmd/credentialhelper/main.go:129.46,131.16 2 0
github.com/calypr/git-drs/cmd/credentialhelper/main.go:131.16,133.3 1 0
github.com/calypr/git-drs/cmd/credentialhelper/main.go:134.2,135.22 2 0
github.com/calypr/git-drs/cmd/credentialhelper/main.go:135.22,137.3 1 0
github.com/calypr/git-drs/cmd/credentialhelper/main.go:138.2,139.16 2 0
github.com/calypr/git-drs/cmd/credentialhelper/main.go:139.16,141.3 1 0
github.com/calypr/git-drs/cmd/credentialhelper/main.go:142.2,143.20 2 0
github.com/calypr/git-drs/cmd/credentialhelper/main.go:143.20,145.3 1 0
github.com/calypr/git-drs/cmd/credentialhelper/main.go:146.2,146.34 1 0
github.com/calypr/git-drs/cmd/deleteproject/main.go:26.54,31.17 4 0
github.com/calypr/git-drs/cmd/deleteproject/main.go:31.17,33.4 1 0
github.com/calypr/git-drs/cmd/deleteproject/main.go:35.3,36.17 2 0
github.com/calypr/git-drs/cmd/deleteproject/main.go:36.17,38.4 1 0
github.com/calypr/git-drs/cmd/deleteproject/main.go:40.3,41.17 2 0
github.com/calypr/git-drs/cmd/deleteproject/main.go:41.17,44.4 2 0
github.com/calypr/git-drs/cmd/deleteproject/main.go:47.3,48.17 2 0
github.com/calypr/git-drs/cmd/deleteproject/main.go:48.17,50.4 1 0
github.com/calypr/git-drs/cmd/deleteproject/main.go:53.3,53.52 1 0
github.com/calypr/git-drs/cmd/deleteproject/main.go:53.52,55.4 1 0
github.com/calypr/git-drs/cmd/deleteproject/main.go:56.3,56.31 1 0
github.com/calypr/git-drs/cmd/deleteproject/main.go:56.31,61.30 4 0
github.com/calypr/git-drs/cmd/deleteproject/main.go:61.30,65.49 4 0
github.com/calypr/git-drs/cmd/deleteproject/main.go:65.49,67.6 1 0
github.com/calypr/git-drs/cmd/deleteproject/main.go:68.5,69.37 2 0
github.com/calypr/git-drs/cmd/deleteproject/main.go:69.37,71.6 1 0
github.com/calypr/git-drs/cmd/deleteproject/main.go:72.10,74.5 1 0
github.com/calypr/git-drs/cmd/deleteproject/main.go:76.4,79.155 3 0
github.com/calypr/git-drs/cmd/deleteproject/main.go:79.155,81.5 1 0
github.com/calypr/git-drs/cmd/deleteproject/main.go:85.3,87.17 3 0
github.com/calypr/git-drs/cmd/deleteproject/main.go:87.17,89.4 1 0
github.com/calypr/git-drs/cmd/deleteproject/main.go:91.3,92.13 2 0
github.com/calypr/git-drs/cmd/deleteproject/main.go:96.13,99.2 2 1
github.com/calypr/git-drs/cmd/delete/main.go:28.54,32.51 2 2
github.com/calypr/git-drs/cmd/delete/main.go:32.51,34.4 1 1
github.com/calypr/git-drs/cmd/delete/main.go:36.3,39.17 3 1
github.com/calypr/git-drs/cmd/delete/main.go:39.17,41.4 1 0
github.com/calypr/git-drs/cmd/delete/main.go:43.3,44.17 2 1
github.com/calypr/git-drs/cmd/delete/main.go:44.17,46.4 1 1
github.com/calypr/git-drs/cmd/delete/main.go:48.3,49.17 2 0
github.com/calypr/git-drs/cmd/delete/main.go:49.17,52.4 2 0
github.com/calypr/git-drs/cmd/delete/main.go:55.3,56.17 2 0
github.com/calypr/git-drs/cmd/delete/main.go:56.17,58.4 1 0
github.com/calypr/git-drs/cmd/delete/main.go:59.3,59.24 1 0
github.com/calypr/git-drs/cmd/delete/main.go:59.24,61.4 1 0
github.com/calypr/git-drs/cmd/delete/main.go:64.3,64.19 1 0
github.com/calypr/git-drs/cmd/delete/main.go:64.19,72.24 8 0
github.com/calypr/git-drs/cmd/delete/main.go:72.24,74.5 1 0
github.com/calypr/git-drs/cmd/delete/main.go:75.4,83.18 3 0
github.com/calypr/git-drs/cmd/delete/main.go:83.18,85.5 1 0
github.com/calypr/git-drs/cmd/delete/main.go:89.3,90.17 2 0
github.com/calypr/git-drs/cmd/delete/main.go:90.17,92.4 1 0
github.com/calypr/git-drs/cmd/delete/main.go:94.3,95.13 2 0
github.com/calypr/git-drs/cmd/delete/main.go:99.13,102.2 2 1
github.com/calypr/git-drs/cmd/addurl/cache.go:42.109,43.19 1 4
github.com/calypr/git-drs/cmd/addurl/cache.go:43.19,45.3 1 0
github.com/calypr/git-drs/cmd/addurl/cache.go:47.2,48.16 2 4
github.com/calypr/git-drs/cmd/addurl/cache.go:48.16,50.3 1 0
github.com/calypr/git-drs/cmd/addurl/cache.go:53.2,53.55 1 4
github.com/calypr/git-drs/cmd/addurl/cache.go:53.55,55.3 1 0
github.com/calypr/git-drs/cmd/addurl/cache.go:58.2,59.16 2 4
github.com/calypr/git-drs/cmd/addurl/cache.go:59.16,61.3 1 0
github.com/calypr/git-drs/cmd/addurl/cache.go:64.2,69.16 4 4
github.com/calypr/git-drs/cmd/addurl/cache.go:69.16,71.3 1 0
github.com/calypr/git-drs/cmd/addurl/cache.go:73.2,79.17 2 4
github.com/calypr/git-drs/cmd/addurl/cache.go:79.17,81.3 1 0
github.com/calypr/git-drs/cmd/addurl/cache.go:83.2,83.94 1 4
github.com/calypr/git-drs/cmd/addurl/cache.go:83.94,85.3 1 0
github.com/calypr/git-drs/cmd/addurl/cache.go:87.2,87.20 1 4
github.com/calypr/git-drs/cmd/addurl/cache.go:87.20,89.3 1 1
github.com/calypr/git-drs/cmd/addurl/cache.go:91.2,91.12 1 4
github.com/calypr/git-drs/cmd/addurl/cache.go:97.79,98.18 1 4
github.com/calypr/git-drs/cmd/addurl/cache.go:98.18,100.3 1 0
github.com/calypr/git-drs/cmd/addurl/cache.go:101.2,101.47 1 4
github.com/calypr/git-drs/cmd/addurl/cache.go:101.47,102.25 1 3
github.com/calypr/git-drs/cmd/addurl/cache.go:102.25,104.4 1 3
github.com/calypr/git-drs/cmd/addurl/cache.go:104.9,106.4 1 0
github.com/calypr/git-drs/cmd/addurl/cache.go:108.2,108.59 1 4
github.com/calypr/git-drs/cmd/addurl/cache.go:108.59,110.3 1 0
github.com/calypr/git-drs/cmd/addurl/cache.go:111.2,111.58 1 4
github.com/calypr/git-drs/cmd/addurl/cache.go:111.58,113.3 1 0
github.com/calypr/git-drs/cmd/addurl/cache.go:114.2,114.12 1 4
github.com/calypr/git-drs/cmd/addurl/cache.go:120.55,121.19 1 4
github.com/calypr/git-drs/cmd/addurl/cache.go:121.19,123.3 1 0
github.com/calypr/git-drs/cmd/addurl/cache.go:124.2,125.16 2 4
github.com/calypr/git-drs/cmd/addurl/cache.go:125.16,127.3 1 0
github.com/calypr/git-drs/cmd/addurl/cache.go:128.2,129.16 2 4
github.com/calypr/git-drs/cmd/addurl/cache.go:129.16,131.3 1 0
github.com/calypr/git-drs/cmd/addurl/cache.go:132.2,133.27 2 4
github.com/calypr/git-drs/cmd/addurl/cache.go:133.27,135.17 2 3
github.com/calypr/git-drs/cmd/addurl/cache.go:135.17,137.4 1 0
github.com/calypr/git-drs/cmd/addurl/cache.go:138.3,139.17 2 3
github.com/calypr/git-drs/cmd/addurl/cache.go:139.17,141.4 1 0
github.com/calypr/git-drs/cmd/addurl/cache.go:142.3,142.35 1 3
github.com/calypr/git-drs/cmd/addurl/cache.go:142.35,144.4 1 0
github.com/calypr/git-drs/cmd/addurl/cache.go:145.3,145.36 1 3
github.com/calypr/git-drs/cmd/addurl/cache.go:147.2,147.37 1 1
github.com/calypr/git-drs/cmd/addurl/cache.go:152.75,154.2 1 4
github.com/calypr/git-drs/cmd/addurl/cache.go:159.73,162.2 2 5
github.com/calypr/git-drs/cmd/addurl/cache.go:167.75,169.16 2 4
github.com/calypr/git-drs/cmd/addurl/cache.go:169.16,170.37 1 3
github.com/calypr/git-drs/cmd/addurl/cache.go:170.37,172.4 1 3
github.com/calypr/git-drs/cmd/addurl/cache.go:173.3,173.25 1 0
github.com/calypr/git-drs/cmd/addurl/cache.go:175.2,176.53 2 1
github.com/calypr/git-drs/cmd/addurl/cache.go:176.53,178.3 1 0
github.com/calypr/git-drs/cmd/addurl/cache.go:179.2,179.26 1 1
github.com/calypr/git-drs/cmd/addurl/cache.go:185.91,192.16 3 5
github.com/calypr/git-drs/cmd/addurl/cache.go:192.16,193.37 1 4
github.com/calypr/git-drs/cmd/addurl/cache.go:193.37,195.4 1 4
github.com/calypr/git-drs/cmd/addurl/cache.go:196.3,196.18 1 0
github.com/calypr/git-drs/cmd/addurl/cache.go:198.2,198.52 1 1
github.com/calypr/git-drs/cmd/addurl/cache.go:198.52,200.3 1 0
github.com/calypr/git-drs/cmd/addurl/cache.go:201.2,202.19 2 1
github.com/calypr/git-drs/cmd/addurl/cache.go:208.114,209.18 1 4
github.com/calypr/git-drs/cmd/addurl/cache.go:209.18,211.3 1 0
github.com/calypr/git-drs/cmd/addurl/cache.go:212.2,214.16 3 4
github.com/calypr/git-drs/cmd/addurl/cache.go:214.16,216.3 1 0
github.com/calypr/git-drs/cmd/addurl/cache.go:218.2,219.32 2 4
github.com/calypr/git-drs/cmd/addurl/cache.go:219.32,221.3 1 0
github.com/calypr/git-drs/cmd/addurl/cache.go:222.2,222.16 1 4
github.com/calypr/git-drs/cmd/addurl/cache.go:222.16,224.3 1 4
github.com/calypr/git-drs/cmd/addurl/cache.go:225.2,228.42 4 4
github.com/calypr/git-drs/cmd/addurl/cache.go:228.42,230.3 1 4
github.com/calypr/git-drs/cmd/addurl/cache.go:232.2,232.40 1 4
github.com/calypr/git-drs/cmd/addurl/cache.go:237.83,238.18 1 1
github.com/calypr/git-drs/cmd/addurl/cache.go:238.18,240.3 1 0
github.com/calypr/git-drs/cmd/addurl/cache.go:241.2,243.16 3 1
github.com/calypr/git-drs/cmd/addurl/cache.go:243.16,245.3 1 0
github.com/calypr/git-drs/cmd/addurl/cache.go:246.2,247.32 2 1
github.com/calypr/git-drs/cmd/addurl/cache.go:247.32,248.16 1 1
github.com/calypr/git-drs/cmd/addurl/cache.go:248.16,249.12 1 1
github.com/calypr/git-drs/cmd/addurl/cache.go:251.3,251.26 1 0
github.com/calypr/git-drs/cmd/addurl/cache.go:253.2,256.40 3 1
github.com/calypr/git-drs/cmd/addurl/cache.go:260.51,264.2 3 5
github.com/calypr/git-drs/cmd/addurl/io.go:17.67,22.19 2 1
github.com/calypr/git-drs/cmd/addurl/io.go:22.19,24.3 1 0
github.com/calypr/git-drs/cmd/addurl/io.go:25.2,27.30 3 1
github.com/calypr/git-drs/cmd/addurl/io.go:27.30,28.48 1 1
github.com/calypr/git-drs/cmd/addurl/io.go:28.48,30.4 1 0
github.com/calypr/git-drs/cmd/addurl/io.go:32.2,32.70 1 1
github.com/calypr/git-drs/cmd/addurl/io.go:32.70,34.3 1 0
github.com/calypr/git-drs/cmd/addurl/io.go:36.2,36.98 1 1
github.com/calypr/git-drs/cmd/addurl/io.go:36.98,38.3 1 0
github.com/calypr/git-drs/cmd/addurl/io.go:39.2,39.12 1 1
github.com/calypr/git-drs/cmd/addurl/io.go:45.136,46.15 1 1
github.com/calypr/git-drs/cmd/addurl/io.go:46.15,48.3 1 1
github.com/calypr/git-drs/cmd/addurl/io.go:49.2,49.53 1 0
github.com/calypr/git-drs/cmd/addurl/io.go:49.53,51.3 1 0
github.com/calypr/git-drs/cmd/addurl/io.go:53.2,53.132 1 0
github.com/calypr/git-drs/cmd/addurl/io.go:53.132,55.3 1 0
github.com/calypr/git-drs/cmd/addurl/io.go:56.2,56.12 1 0
github.com/calypr/git-drs/cmd/addurl/io.go:61.157,97.16 1 1
github.com/calypr/git-drs/cmd/addurl/io.go:97.16,99.3 1 0
github.com/calypr/git-drs/cmd/addurl/io.go:100.2,100.12 1 1
github.com/calypr/git-drs/cmd/addurl/io.go:106.52,108.48 2 9
github.com/calypr/git-drs/cmd/addurl/io.go:108.48,110.3 1 0
github.com/calypr/git-drs/cmd/addurl/io.go:111.2,113.16 3 9
github.com/calypr/git-drs/cmd/addurl/io.go:113.16,115.3 1 0
github.com/calypr/git-drs/cmd/addurl/io.go:116.2,116.55 1 9
github.com/calypr/git-drs/cmd/addurl/io.go:116.55,118.3 1 0
github.com/calypr/git-drs/cmd/addurl/io.go:119.2,119.29 1 9
github.com/calypr/git-drs/cmd/addurl/main.go:18.34,22.55 1 4
github.com/calypr/git-drs/cmd/addurl/main.go:22.55,23.38 1 0
github.com/calypr/git-drs/cmd/addurl/main.go:23.38,25.5 1 0
github.com/calypr/git-drs/cmd/addurl/main.go:26.4,26.14 1 0
github.com/calypr/git-drs/cmd/addurl/main.go:30.2,31.12 2 4
github.com/calypr/git-drs/cmd/addurl/main.go:35.35,41.2 1 4
github.com/calypr/git-drs/cmd/addurl/main.go:44.63,46.2 1 0
github.com/calypr/git-drs/cmd/addurl/main.go:57.79,61.16 3 3
github.com/calypr/git-drs/cmd/addurl/main.go:61.16,63.3 1 0
github.com/calypr/git-drs/cmd/addurl/main.go:65.2,66.16 2 3
github.com/calypr/git-drs/cmd/addurl/main.go:66.16,68.3 1 0
github.com/calypr/git-drs/cmd/addurl/main.go:69.2,84.8 2 3
github.com/calypr/git-drs/cmd/addurl/main.go:87.45,88.27 1 12
github.com/calypr/git-drs/cmd/addurl/main.go:88.27,90.14 2 30
github.com/calypr/git-drs/cmd/addurl/main.go:90.14,92.4 1 4
github.com/calypr/git-drs/cmd/addurl/main.go:94.2,94.11 1 8
github.com/calypr/git-drs/cmd/addurl/main.go:99.70,100.20 1 3
github.com/calypr/git-drs/cmd/addurl/main.go:100.20,102.3 1 0
github.com/calypr/git-drs/cmd/addurl/main.go:103.2,104.16 2 3
github.com/calypr/git-drs/cmd/addurl/main.go:104.16,106.3 1 0
github.com/calypr/git-drs/cmd/addurl/main.go:107.2,107.45 1 3
github.com/calypr/git-drs/cmd/addurl/service.go:32.40,41.2 1 1
github.com/calypr/git-drs/cmd/addurl/service.go:47.70,49.16 2 1
github.com/calypr/git-drs/cmd/addurl/service.go:49.16,51.3 1 1
github.com/calypr/git-drs/cmd/addurl/service.go:53.2,54.16 2 1
github.com/calypr/git-drs/cmd/addurl/service.go:54.16,56.3 1 0
github.com/calypr/git-drs/cmd/addurl/service.go:58.2,59.16 2 1
github.com/calypr/git-drs/cmd/addurl/service.go:59.16,61.3 1 0
github.com/calypr/git-drs/cmd/addurl/service.go:63.2,64.16 2 1
github.com/calypr/git-drs/cmd/addurl/service.go:64.16,66.3 1 0
github.com/calypr/git-drs/cmd/addurl/service.go:68.2,69.16 2 1
github.com/calypr/git-drs/cmd/addurl/service.go:69.16,71.3 1 0
github.com/calypr/git-drs/cmd/addurl/service.go:73.2,74.16 2 1
github.com/calypr/git-drs/cmd/addurl/service.go:74.16,76.3 1 0
github.com/calypr/git-drs/cmd/addurl/service.go:78.2,78.119 1 1
github.com/calypr/git-drs/cmd/addurl/service.go:78.119,80.3 1 0
github.com/calypr/git-drs/cmd/addurl/service.go:82.2,83.16 2 1
github.com/calypr/git-drs/cmd/addurl/service.go:83.16,85.3 1 0
github.com/calypr/git-drs/cmd/addurl/service.go:87.2,87.80 1 1
github.com/calypr/git-drs/cmd/addurl/service.go:87.80,89.3 1 0
github.com/calypr/git-drs/cmd/addurl/service.go:91.2,91.92 1 1
github.com/calypr/git-drs/cmd/addurl/service.go:91.92,93.3 1 0
github.com/calypr/git-drs/cmd/addurl/service.go:95.2,95.81 1 1
github.com/calypr/git-drs/cmd/addurl/service.go:95.81,97.3 1 0
github.com/calypr/git-drs/cmd/addurl/service.go:99.2,100.16 2 1
github.com/calypr/git-drs/cmd/addurl/service.go:100.16,102.3 1 0
github.com/calypr/git-drs/cmd/addurl/service.go:104.2,105.16 2 1
github.com/calypr/git-drs/cmd/addurl/service.go:105.16,107.3 1 0
github.com/calypr/git-drs/cmd/addurl/service.go:109.2,110.25 2 1
github.com/calypr/git-drs/cmd/addurl/service.go:110.25,112.3 1 0
github.com/calypr/git-drs/cmd/addurl/service.go:114.2,115.16 2 1
github.com/calypr/git-drs/cmd/addurl/service.go:115.16,117.3 1 0
github.com/calypr/git-drs/cmd/addurl/service.go:119.2,128.80 5 1
github.com/calypr/git-drs/cmd/addurl/service.go:128.80,130.3 1 0
github.com/calypr/git-drs/cmd/addurl/service.go:132.2,132.12 1 1
github.com/calypr/git-drs/cmd/addurl/service.go:135.140,138.19 3 3
github.com/calypr/git-drs/cmd/addurl/service.go:138.19,140.3 1 0
github.com/calypr/git-drs/cmd/addurl/service.go:142.2,148.16 2 3
github.com/calypr/git-drs/cmd/addurl/service.go:148.16,150.3 1 0
github.com/calypr/git-drs/cmd/addurl/service.go:151.2,151.42 1 3
github.com/calypr/git-drs/cmd/addurl/service.go:158.143,160.24 2 1
github.com/calypr/git-drs/cmd/addurl/service.go:160.24,162.3 1 0
github.com/calypr/git-drs/cmd/addurl/service.go:164.2,165.16 2 1
github.com/calypr/git-drs/cmd/addurl/service.go:165.16,167.3 1 0
github.com/calypr/git-drs/cmd/addurl/service.go:168.2,169.16 2 1
github.com/calypr/git-drs/cmd/addurl/service.go:169.16,171.3 1 0
github.com/calypr/git-drs/cmd/addurl/service.go:172.2,172.100 1 1
github.com/calypr/git-drs/cmd/addurl/service.go:172.100,174.3 1 0
github.com/calypr/git-drs/cmd/addurl/service.go:175.2,175.17 1 1
github.com/calypr/git-drs/cmd/fetch/main.go:13.68,16.2 2 0
github.com/calypr/git-drs/cmd/fetch/main.go:22.54,23.20 1 3
github.com/calypr/git-drs/cmd/fetch/main.go:23.20,26.4 2 1
github.com/calypr/git-drs/cmd/fetch/main.go:27.3,27.13 1 2
github.com/calypr/git-drs/cmd/fetch/main.go:29.54,33.17 3 2
github.com/calypr/git-drs/cmd/fetch/main.go:33.17,35.4 1 0
github.com/calypr/git-drs/cmd/fetch/main.go:37.3,38.20 2 2
github.com/calypr/git-drs/cmd/fetch/main.go:38.20,40.4 1 1
github.com/calypr/git-drs/cmd/fetch/main.go:40.9,42.18 2 1
github.com/calypr/git-drs/cmd/fetch/main.go:42.18,45.5 2 1
github.com/calypr/git-drs/cmd/fetch/main.go:48.3,49.17 2 1
github.com/calypr/git-drs/cmd/fetch/main.go:49.17,52.4 2 1
github.com/calypr/git-drs/cmd/fetch/main.go:53.3,56.17 3 0
github.com/calypr/git-drs/cmd/fetch/main.go:56.17,58.17 2 0
github.com/calypr/git-drs/cmd/fetch/main.go:58.17,60.5 1 0
github.com/calypr/git-drs/cmd/fetch/main.go:61.4,61.75 1 0
github.com/calypr/git-drs/cmd/fetch/main.go:64.3,64.13 1 0
github.com/calypr/git-drs/cmd/initialize/main.go:33.54,34.21 1 2
github.com/calypr/git-drs/cmd/initialize/main.go:34.21,37.4 2 1
github.com/calypr/git-drs/cmd/initialize/main.go:38.3,38.13 1 1
github.com/calypr/git-drs/cmd/initialize/main.go:40.54,45.17 3 1
github.com/calypr/git-drs/cmd/initialize/main.go:45.17,47.4 1 1
github.com/calypr/git-drs/cmd/initialize/main.go:50.3,51.17 2 0
github.com/calypr/git-drs/cmd/initialize/main.go:51.17,53.4 1 0
github.com/calypr/git-drs/cmd/initialize/main.go:56.3,57.17 2 0
github.com/calypr/git-drs/cmd/initialize/main.go:57.17,60.4 2 0
github.com/calypr/git-drs/cmd/initialize/main.go:63.3,65.51 3 0
github.com/calypr/git-drs/cmd/initialize/main.go:65.51,67.4 1 0
github.com/calypr/git-drs/cmd/initialize/main.go:68.3,68.58 1 0
github.com/calypr/git-drs/cmd/initialize/main.go:68.58,70.4 1 0
github.com/calypr/git-drs/cmd/initialize/main.go:72.3,73.17 2 0
github.com/calypr/git-drs/cmd/initialize/main.go:73.17,75.4 1 0
github.com/calypr/git-drs/cmd/initialize/main.go:78.3,79.17 2 0
github.com/calypr/git-drs/cmd/initialize/main.go:79.17,81.4 1 0
github.com/calypr/git-drs/cmd/initialize/main.go:83.3,84.17 2 0
github.com/calypr/git-drs/cmd/initialize/main.go:84.17,86.4 1 0
github.com/calypr/git-drs/cmd/initialize/main.go:89.3,91.13 3 0
github.com/calypr/git-drs/cmd/initialize/main.go:95.28,105.61 2 2
github.com/calypr/git-drs/cmd/initialize/main.go:105.61,107.3 1 0
github.com/calypr/git-drs/cmd/initialize/main.go:108.2,108.12 1 2
github.com/calypr/git-drs/cmd/initialize/main.go:111.13,116.2 4 1
github.com/calypr/git-drs/cmd/initialize/main.go:118.52,120.16 2 2
github.com/calypr/git-drs/cmd/initialize/main.go:120.16,122.3 1 0
github.com/calypr/git-drs/cmd/initialize/main.go:124.2,124.52 1 2
github.com/calypr/git-drs/cmd/initialize/main.go:124.52,126.3 1 0
github.com/calypr/git-drs/cmd/initialize/main.go:128.2,148.16 5 2
github.com/calypr/git-drs/cmd/initialize/main.go:148.16,153.73 3 1
github.com/calypr/git-drs/cmd/initialize/main.go:153.73,155.4 1 0
github.com/calypr/git-drs/cmd/initialize/main.go:156.3,156.45 1 1
github.com/calypr/git-drs/cmd/initialize/main.go:156.45,158.4 1 0
github.com/calypr/git-drs/cmd/initialize/main.go:159.3,159.87 1 1
github.com/calypr/git-drs/cmd/initialize/main.go:162.2,162.39 1 2
github.com/calypr/git-drs/cmd/initialize/main.go:162.39,164.3 1 0
github.com/calypr/git-drs/cmd/initialize/main.go:166.2,167.16 2 2
github.com/calypr/git-drs/cmd/initialize/main.go:167.16,169.3 1 0
github.com/calypr/git-drs/cmd/initialize/main.go:170.2,171.12 2 2
github.com/calypr/git-drs/cmd/initialize/main.go:174.54,177.16 3 2
github.com/calypr/git-drs/cmd/initialize/main.go:177.16,179.3 1 0
github.com/calypr/git-drs/cmd/initialize/main.go:180.2,182.52 3 2
github.com/calypr/git-drs/cmd/initialize/main.go:182.52,184.3 1 0
github.com/calypr/git-drs/cmd/initialize/main.go:186.2,194.16 5 2
github.com/calypr/git-drs/cmd/initialize/main.go:194.16,199.73 3 1
github.com/calypr/git-drs/cmd/initialize/main.go:199.73,201.4 1 0
github.com/calypr/git-drs/cmd/initialize/main.go:202.3,202.45 1 1
github.com/calypr/git-drs/cmd/initialize/main.go:202.45,204.4 1 0
github.com/calypr/git-drs/cmd/initialize/main.go:205.3,205.89 1 1
github.com/calypr/git-drs/cmd/initialize/main.go:208.2,208.39 1 2
github.com/calypr/git-drs/cmd/initialize/main.go:208.39,210.3 1 0
github.com/calypr/git-drs/cmd/initialize/main.go:212.2,213.16 2 2
github.com/calypr/git-drs/cmd/initialize/main.go:213.16,215.3 1 0
github.com/calypr/git-drs/cmd/initialize/main.go:216.2,217.12 2 2
github.com/calypr/git-drs/cmd/precommit/main.go:76.54,78.3 1 0
github.com/calypr/git-drs/cmd/precommit/main.go:81.13,83.33 2 0
github.com/calypr/git-drs/cmd/precommit/main.go:83.33,88.3 2 0
github.com/calypr/git-drs/cmd/precommit/main.go:91.37,93.16 2 0
github.com/calypr/git-drs/cmd/precommit/main.go:93.16,95.3 1 0
github.com/calypr/git-drs/cmd/precommit/main.go:97.2,102.53 5 0
github.com/calypr/git-drs/cmd/precommit/main.go:102.53,104.3 1 0
github.com/calypr/git-drs/cmd/precommit/main.go:105.2,105.52 1 0
github.com/calypr/git-drs/cmd/precommit/main.go:105.52,107.3 1 0
github.com/calypr/git-drs/cmd/precommit/main.go:108.2,111.16 3 0
github.com/calypr/git-drs/cmd/precommit/main.go:111.16,113.3 1 0
github.com/calypr/git-drs/cmd/precommit/main.go:114.2,114.23 1 0
github.com/calypr/git-drs/cmd/precommit/main.go:114.23,116.3 1 0
github.com/calypr/git-drs/cmd/precommit/main.go:118.2,122.29 2 0
github.com/calypr/git-drs/cmd/precommit/main.go:122.29,123.28 1 0
github.com/calypr/git-drs/cmd/precommit/main.go:123.28,124.12 1 0
github.com/calypr/git-drs/cmd/precommit/main.go:129.3,130.17 2 0
github.com/calypr/git-drs/cmd/precommit/main.go:130.17,132.12 1 0
github.com/calypr/git-drs/cmd/precommit/main.go:135.3,138.15 3 0
github.com/calypr/git-drs/cmd/precommit/main.go:138.15,140.106 1 0
github.com/calypr/git-drs/cmd/precommit/main.go:140.106,142.5 1 0
github.com/calypr/git-drs/cmd/precommit/main.go:145.4,149.19 1 0
github.com/calypr/git-drs/cmd/precommit/main.go:149.19,151.5 1 0
github.com/calypr/git-drs/cmd/precommit/main.go:154.4,154.99 1 0
github.com/calypr/git-drs/cmd/precommit/main.go:154.99,156.5 1 0
github.com/calypr/git-drs/cmd/precommit/main.go:157.9,160.4 1 0
github.com/calypr/git-drs/cmd/precommit/main.go:164.2,164.29 1 0
github.com/calypr/git-drs/cmd/precommit/main.go:164.29,165.18 1 0
github.com/calypr/git-drs/cmd/precommit/main.go:166.28,167.80 1 0
github.com/calypr/git-drs/cmd/precommit/main.go:167.80,169.5 1 0
github.com/calypr/git-drs/cmd/precommit/main.go:170.19,172.80 1 0
github.com/calypr/git-drs/cmd/precommit/main.go:172.80,174.5 1 0
github.com/calypr/git-drs/cmd/precommit/main.go:177.19,178.90 1 0
github.com/calypr/git-drs/cmd/precommit/main.go:178.90,180.5 1 0
github.com/calypr/git-drs/cmd/precommit/main.go:184.2,184.12 1 0
github.com/calypr/git-drs/cmd/precommit/main.go:187.83,189.16 2 2
github.com/calypr/git-drs/cmd/precommit/main.go:189.16,192.3 1 0
github.com/calypr/git-drs/cmd/precommit/main.go:193.2,193.12 1 2
github.com/calypr/git-drs/cmd/precommit/main.go:193.12,196.3 1 1
github.com/calypr/git-drs/cmd/precommit/main.go:198.2,203.49 4 1
github.com/calypr/git-drs/cmd/precommit/main.go:203.49,205.43 2 0
github.com/calypr/git-drs/cmd/precommit/main.go:205.43,207.4 1 0
github.com/calypr/git-drs/cmd/precommit/main.go:211.2,215.17 1 1
github.com/calypr/git-drs/cmd/precommit/main.go:215.17,217.3 1 0
github.com/calypr/git-drs/cmd/precommit/main.go:220.2,221.89 2 1
github.com/calypr/git-drs/cmd/precommit/main.go:221.89,223.3 1 0
github.com/calypr/git-drs/cmd/precommit/main.go:226.2,226.20 1 1
github.com/calypr/git-drs/cmd/precommit/main.go:226.20,228.3 1 0
github.com/calypr/git-drs/cmd/precommit/main.go:230.2,230.12 1 1
github.com/calypr/git-drs/cmd/precommit/main.go:233.93,237.16 3 0
github.com/calypr/git-drs/cmd/precommit/main.go:237.16,240.3 1 0
github.com/calypr/git-drs/cmd/precommit/main.go:241.2,242.47 2 0
github.com/calypr/git-drs/cmd/precommit/main.go:242.47,246.3 2 0
github.com/calypr/git-drs/cmd/precommit/main.go:248.2,251.21 2 0
github.com/calypr/git-drs/cmd/precommit/main.go:251.21,253.3 1 0
github.com/calypr/git-drs/cmd/precommit/main.go:256.2,262.12 3 0
github.com/calypr/git-drs/cmd/precommit/main.go:272.59,274.16 2 0
github.com/calypr/git-drs/cmd/precommit/main.go:274.16,276.3 1 0
github.com/calypr/git-drs/cmd/precommit/main.go:277.2,279.16 3 0
github.com/calypr/git-drs/cmd/precommit/main.go:279.16,281.36 2 0
github.com/calypr/git-drs/cmd/precommit/main.go:281.36,282.12 1 0
github.com/calypr/git-drs/cmd/precommit/main.go:284.3,285.21 2 0
github.com/calypr/git-drs/cmd/precommit/main.go:285.21,286.12 1 0
github.com/calypr/git-drs/cmd/precommit/main.go:288.3,289.10 2 0
github.com/calypr/git-drs/cmd/precommit/main.go:290.22,291.87 1 0
github.com/calypr/git-drs/cmd/precommit/main.go:292.22,293.90 1 0
github.com/calypr/git-drs/cmd/precommit/main.go:294.22,295.90 1 0
github.com/calypr/git-drs/cmd/precommit/main.go:296.58,297.109 1 0
github.com/calypr/git-drs/cmd/precommit/main.go:298.11,298.11 0 0
github.com/calypr/git-drs/cmd/precommit/main.go:302.2,302.33 1 0
github.com/calypr/git-drs/cmd/precommit/main.go:302.33,304.3 1 0
github.com/calypr/git-drs/cmd/precommit/main.go:305.2,305.21 1 0
github.com/calypr/git-drs/cmd/precommit/main.go:310.75,312.16 2 2
github.com/calypr/git-drs/cmd/precommit/main.go:312.16,315.3 1 0
github.com/calypr/git-drs/cmd/precommit/main.go:319.2,323.16 4 2
github.com/calypr/git-drs/cmd/precommit/main.go:323.16,325.26 2 3
github.com/calypr/git-drs/cmd/precommit/main.go:325.26,327.12 2 1
github.com/calypr/git-drs/cmd/precommit/main.go:329.3,329.45 1 2
github.com/calypr/git-drs/cmd/precommit/main.go:329.45,332.17 3 1
github.com/calypr/git-drs/cmd/precommit/main.go:332.17,334.5 1 1
github.com/calypr/git-drs/cmd/precommit/main.go:338.3,338.27 1 2
github.com/calypr/git-drs/cmd/precommit/main.go:338.27,339.9 1 1
github.com/calypr/git-drs/cmd/precommit/main.go:342.2,342.33 1 2
github.com/calypr/git-drs/cmd/precommit/main.go:342.33,344.3 1 0
github.com/calypr/git-drs/cmd/precommit/main.go:346.2,346.26 1 2
github.com/calypr/git-drs/cmd/precommit/main.go:346.26,348.3 1 1
github.com/calypr/git-drs/cmd/precommit/main.go:349.2,349.23 1 1
github.com/calypr/git-drs/cmd/precommit/main.go:352.61,354.16 2 0
github.com/calypr/git-drs/cmd/precommit/main.go:354.16,356.3 1 0
github.com/calypr/git-drs/cmd/precommit/main.go:357.2,358.18 2 0
github.com/calypr/git-drs/cmd/precommit/main.go:358.18,360.3 1 0
github.com/calypr/git-drs/cmd/precommit/main.go:362.2,362.29 1 0
github.com/calypr/git-drs/cmd/precommit/main.go:362.29,364.17 2 0
github.com/calypr/git-drs/cmd/precommit/main.go:364.17,366.4 1 0
github.com/calypr/git-drs/cmd/precommit/main.go:367.3,368.39 2 0
github.com/calypr/git-drs/cmd/precommit/main.go:370.2,370.20 1 0
github.com/calypr/git-drs/cmd/precommit/main.go:373.63,379.34 6 2
github.com/calypr/git-drs/cmd/precommit/main.go:379.34,382.16 2 0
github.com/calypr/git-drs/cmd/precommit/main.go:382.16,384.4 1 0
github.com/calypr/git-drs/cmd/precommit/main.go:385.3,385.69 1 0
github.com/calypr/git-drs/cmd/precommit/main.go:387.2,387.28 1 2
github.com/calypr/git-drs/cmd/precommit/main.go:392.50,394.2 1 3
github.com/calypr/git-drs/cmd/precommit/main.go:396.37,399.2 1 3
github.com/calypr/git-drs/cmd/precommit/main.go:401.47,406.2 2 2
github.com/calypr/git-drs/cmd/precommit/main.go:414.97,422.42 3 1
github.com/calypr/git-drs/cmd/precommit/main.go:422.42,426.3 2 0
github.com/calypr/git-drs/cmd/precommit/main.go:428.2,429.32 2 1
github.com/calypr/git-drs/cmd/precommit/main.go:429.32,431.3 1 0
github.com/calypr/git-drs/cmd/precommit/main.go:433.2,433.19 1 1
github.com/calypr/git-drs/cmd/precommit/main.go:433.19,435.3 1 0
github.com/calypr/git-drs/cmd/precommit/main.go:436.2,436.19 1 1
github.com/calypr/git-drs/cmd/precommit/main.go:436.19,438.3 1 1
github.com/calypr/git-drs/cmd/precommit/main.go:440.2,444.34 4 1
github.com/calypr/git-drs/cmd/precommit/main.go:447.58,451.16 3 0
github.com/calypr/git-drs/cmd/precommit/main.go:451.16,453.3 1 0
github.com/calypr/git-drs/cmd/precommit/main.go:454.2,455.50 2 0
github.com/calypr/git-drs/cmd/precommit/main.go:455.50,457.3 1 0
github.com/calypr/git-drs/cmd/precommit/main.go:458.2,459.32 2 0
github.com/calypr/git-drs/cmd/precommit/main.go:459.32,460.16 1 0
github.com/calypr/git-drs/cmd/precommit/main.go:460.16,461.12 1 0
github.com/calypr/git-drs/cmd/precommit/main.go:463.3,463.24 1 0
github.com/calypr/git-drs/cmd/precommit/main.go:465.2,472.34 3 0
github.com/calypr/git-drs/cmd/precommit/main.go:475.49,477.19 2 1
github.com/calypr/git-drs/cmd/precommit/main.go:477.19,479.3 1 1
github.com/calypr/git-drs/cmd/precommit/main.go:480.2,481.12 2 1
github.com/calypr/git-drs/cmd/precommit/main.go:486.48,488.48 2 2
github.com/calypr/git-drs/cmd/precommit/main.go:488.48,490.3 1 0
github.com/calypr/git-drs/cmd/precommit/main.go:492.2,494.16 3 2
github.com/calypr/git-drs/cmd/precommit/main.go:494.16,496.3 1 0
github.com/calypr/git-drs/cmd/precommit/main.go:497.2,497.15 1 2
github.com/calypr/git-drs/cmd/precommit/main.go:497.15,497.32 1 2
github.com/calypr/git-drs/cmd/precommit/main.go:499.2,501.38 3 2
github.com/calypr/git-drs/cmd/precommit/main.go:501.38,504.3 2 0
github.com/calypr/git-drs/cmd/precommit/main.go:505.2,505.33 1 2
github.com/calypr/git-drs/cmd/precommit/main.go:505.33,508.3 2 0
github.com/calypr/git-drs/cmd/precommit/main.go:509.2,509.34 1 2
github.com/calypr/git-drs/cmd/precommit/main.go:509.34,512.3 2 0
github.com/calypr/git-drs/cmd/precommit/main.go:513.2,513.29 1 2
github.com/calypr/git-drs/cmd/precommit/main.go:516.48,518.62 1 0
github.com/calypr/git-drs/cmd/precommit/main.go:518.62,520.3 1 0
github.com/calypr/git-drs/cmd/precommit/main.go:522.2,522.44 1 0
github.com/calypr/git-drs/cmd/precommit/main.go:522.44,524.3 1 0
github.com/calypr/git-drs/cmd/precommit/main.go:524.8,524.43 1 0
github.com/calypr/git-drs/cmd/precommit/main.go:524.43,526.3 1 0
github.com/calypr/git-drs/cmd/precommit/main.go:528.2,529.16 2 0
github.com/calypr/git-drs/cmd/precommit/main.go:529.16,531.3 1 0
github.com/calypr/git-drs/cmd/precommit/main.go:532.2,535.16 3 0
github.com/calypr/git-drs/cmd/precommit/main.go:535.16,537.3 1 0
github.com/calypr/git-drs/cmd/precommit/main.go:539.2,539.44 1 0
github.com/calypr/git-drs/cmd/precommit/main.go:539.44,542.3 2 0
github.com/calypr/git-drs/cmd/precommit/main.go:543.2,543.36 1 0
github.com/calypr/git-drs/cmd/precommit/main.go:543.36,545.3 1 0
github.com/calypr/git-drs/cmd/precommit/main.go:546.2,546.23 1 0
github.com/calypr/git-drs/cmd/pull/main.go:22.68,25.2 2 0
github.com/calypr/git-drs/cmd/pull/main.go:31.54,32.20 1 3
github.com/calypr/git-drs/cmd/pull/main.go:32.20,35.4 2 1
github.com/calypr/git-drs/cmd/pull/main.go:36.3,36.13 1 2
github.com/calypr/git-drs/cmd/pull/main.go:38.54,42.17 3 2
github.com/calypr/git-drs/cmd/pull/main.go:42.17,44.4 1 0
github.com/calypr/git-drs/cmd/pull/main.go:46.3,47.20 2 2
github.com/calypr/git-drs/cmd/pull/main.go:47.20,49.4 1 0
github.com/calypr/git-drs/cmd/pull/main.go:49.9,51.18 2 2
github.com/calypr/git-drs/cmd/pull/main.go:51.18,54.5 2 2
github.com/calypr/git-drs/cmd/pull/main.go:57.3,58.17 2 0
github.com/calypr/git-drs/cmd/pull/main.go:58.17,61.4 2 0
github.com/calypr/git-drs/cmd/pull/main.go:62.3,64.72 2 0
github.com/calypr/git-drs/cmd/pull/main.go:64.72,66.17 2 0
github.com/calypr/git-drs/cmd/pull/main.go:66.17,68.5 1 0
github.com/calypr/git-drs/cmd/pull/main.go:69.4,69.71 1 0
github.com/calypr/git-drs/cmd/pull/main.go:72.3,73.17 2 0
github.com/calypr/git-drs/cmd/pull/main.go:73.17,75.17 2 0
github.com/calypr/git-drs/cmd/pull/main.go:75.17,77.5 1 0
github.com/calypr/git-drs/cmd/pull/main.go:78.4,78.57 1 0
github.com/calypr/git-drs/cmd/pull/main.go:80.3,83.56 2 0
github.com/calypr/git-drs/cmd/pull/main.go:83.56,85.4 1 0
github.com/calypr/git-drs/cmd/pull/main.go:87.3,90.34 4 0
github.com/calypr/git-drs/cmd/pull/main.go:90.34,91.20 1 0
github.com/calypr/git-drs/cmd/pull/main.go:91.20,92.13 1 0
github.com/calypr/git-drs/cmd/pull/main.go:94.4,94.43 1 0
github.com/calypr/git-drs/cmd/pull/main.go:94.43,95.13 1 0
github.com/calypr/git-drs/cmd/pull/main.go:97.4,98.44 2 0
github.com/calypr/git-drs/cmd/pull/main.go:101.3,101.27 1 0
github.com/calypr/git-drs/cmd/pull/main.go:101.27,102.84 1 0
github.com/calypr/git-drs/cmd/pull/main.go:102.84,104.37 2 0
github.com/calypr/git-drs/cmd/pull/main.go:104.37,106.24 2 0
github.com/calypr/git-drs/cmd/pull/main.go:106.24,107.15 1 0
github.com/calypr/git-drs/cmd/pull/main.go:109.6,110.41 2 0
github.com/calypr/git-drs/cmd/pull/main.go:110.41,111.15 1 0
github.com/calypr/git-drs/cmd/pull/main.go:113.6,113.30 1 0
github.com/calypr/git-drs/cmd/pull/main.go:115.5,116.79 2 0
github.com/calypr/git-drs/cmd/pull/main.go:117.10,119.5 1 0
github.com/calypr/git-drs/cmd/pull/main.go:122.3,122.34 1 0
github.com/calypr/git-drs/cmd/pull/main.go:122.34,123.20 1 0
github.com/calypr/git-drs/cmd/pull/main.go:123.20,124.13 1 0
github.com/calypr/git-drs/cmd/pull/main.go:126.4,127.18 2 0
github.com/calypr/git-drs/cmd/pull/main.go:127.18,129.5 1 0
github.com/calypr/git-drs/cmd/pull/main.go:130.4,130.70 1 0
github.com/calypr/git-drs/cmd/pull/main.go:130.70,133.5 2 0
github.com/calypr/git-drs/cmd/pull/main.go:136.3,136.67 1 0
github.com/calypr/git-drs/cmd/pull/main.go:136.67,138.17 2 0
github.com/calypr/git-drs/cmd/pull/main.go:138.17,140.5 1 0
github.com/calypr/git-drs/cmd/pull/main.go:141.4,141.57 1 0
github.com/calypr/git-drs/cmd/pull/main.go:144.3,144.13 1 0
github.com/calypr/git-drs/cmd/pull/main.go:148.55,150.2 1 0
github.com/calypr/git-drs/cmd/pull/main.go:152.104,154.16 2 0
github.com/calypr/git-drs/cmd/pull/main.go:154.16,156.3 1 0
github.com/calypr/git-drs/cmd/pull/main.go:157.2,157.20 1 0
github.com/calypr/git-drs/cmd/pull/main.go:157.20,159.3 1 0
github.com/calypr/git-drs/cmd/pull/main.go:161.2,162.21 2 0
github.com/calypr/git-drs/cmd/pull/main.go:162.21,164.3 1 0
github.com/calypr/git-drs/cmd/pull/main.go:165.2,165.18 1 0
github.com/calypr/git-drs/cmd/pull/main.go:165.18,167.3 1 0
github.com/calypr/git-drs/cmd/pull/main.go:169.2,170.41 2 0
github.com/calypr/git-drs/cmd/pull/main.go:170.41,173.26 3 0
github.com/calypr/git-drs/cmd/pull/main.go:173.26,175.62 2 0
github.com/calypr/git-drs/cmd/pull/main.go:175.62,177.5 1 0
github.com/calypr/git-drs/cmd/pull/main.go:179.3,180.25 2 0
github.com/calypr/git-drs/cmd/pull/main.go:180.25,182.4 1 0
github.com/calypr/git-drs/cmd/pull/main.go:183.3,183.123 1 0
github.com/calypr/git-drs/cmd/pull/main.go:185.2,185.138 1 0
github.com/calypr/git-drs/cmd/query/main.go:16.59,20.12 3 2
github.com/calypr/git-drs/cmd/query/main.go:20.12,22.3 1 1
github.com/calypr/git-drs/cmd/query/main.go:22.8,24.3 1 1
github.com/calypr/git-drs/cmd/query/main.go:26.2,26.16 1 2
github.com/calypr/git-drs/cmd/query/main.go:26.16,28.3 1 0
github.com/calypr/git-drs/cmd/query/main.go:30.2,31.12 2 2
github.com/calypr/git-drs/cmd/query/main.go:42.87,45.23 2 4
github.com/calypr/git-drs/cmd/query/main.go:46.10,48.38 1 1
github.com/calypr/git-drs/cmd/query/main.go:49.10,51.39 1 1
github.com/calypr/git-drs/cmd/query/main.go:52.10,54.41 1 1
github.com/calypr/git-drs/cmd/query/main.go:55.11,57.41 1 1
github.com/calypr/git-drs/cmd/query/main.go:60.2,63.4 1 4
github.com/calypr/git-drs/cmd/query/main.go:71.54,72.21 1 0
github.com/calypr/git-drs/cmd/query/main.go:72.21,75.4 2 0
github.com/calypr/git-drs/cmd/query/main.go:76.3,76.13 1 0
github.com/calypr/git-drs/cmd/query/main.go:78.54,82.17 3 0
github.com/calypr/git-drs/cmd/query/main.go:82.17,84.4 1 0
github.com/calypr/git-drs/cmd/query/main.go:86.3,87.17 2 0
github.com/calypr/git-drs/cmd/query/main.go:87.17,90.4 2 0
github.com/calypr/git-drs/cmd/query/main.go:92.3,93.17 2 0
github.com/calypr/git-drs/cmd/query/main.go:93.17,95.4 1 0
github.com/calypr/git-drs/cmd/query/main.go:97.3,99.15 2 0
github.com/calypr/git-drs/cmd/query/main.go:99.15,101.18 2 0
github.com/calypr/git-drs/cmd/query/main.go:101.18,103.5 1 0
github.com/calypr/git-drs/cmd/query/main.go:104.4,104.32 1 0
github.com/calypr/git-drs/cmd/query/main.go:104.32,105.58 1 0
github.com/calypr/git-drs/cmd/query/main.go:105.58,107.6 1 0
github.com/calypr/git-drs/cmd/query/main.go:109.9,111.18 2 0
github.com/calypr/git-drs/cmd/query/main.go:111.18,113.5 1 0
github.com/calypr/git-drs/cmd/query/main.go:114.4,114.55 1 0
github.com/calypr/git-drs/cmd/query/main.go:114.55,116.5 1 0
github.com/calypr/git-drs/cmd/query/main.go:118.3,118.13 1 0
github.com/calypr/git-drs/cmd/query/main.go:122.13,126.2 3 1
github.com/calypr/git-drs/cmd/push/main.go:21.68,24.2 2 0
github.com/calypr/git-drs/cmd/push/main.go:30.54,31.20 1 3
github.com/calypr/git-drs/cmd/push/main.go:31.20,34.4 2 1
github.com/calypr/git-drs/cmd/push/main.go:35.3,35.13 1 2
github.com/calypr/git-drs/cmd/push/main.go:37.54,40.17 3 2
github.com/calypr/git-drs/cmd/push/main.go:40.17,43.4 2 0
github.com/calypr/git-drs/cmd/push/main.go:45.3,46.20 2 2
github.com/calypr/git-drs/cmd/push/main.go:46.20,48.4 1 0
github.com/calypr/git-drs/cmd/push/main.go:48.9,50.18 2 2
github.com/calypr/git-drs/cmd/push/main.go:50.18,53.5 2 2
github.com/calypr/git-drs/cmd/push/main.go:56.3,57.17 2 0
github.com/calypr/git-drs/cmd/push/main.go:57.17,60.4 2 0
github.com/calypr/git-drs/cmd/push/main.go:61.3,62.17 2 0
github.com/calypr/git-drs/cmd/push/main.go:62.17,64.4 1 0
github.com/calypr/git-drs/cmd/push/main.go:66.3,67.52 2 0
github.com/calypr/git-drs/cmd/push/main.go:67.52,68.65 1 0
github.com/calypr/git-drs/cmd/push/main.go:68.65,70.5 1 0
github.com/calypr/git-drs/cmd/push/main.go:71.9,72.34 1 0
github.com/calypr/git-drs/cmd/push/main.go:72.34,73.79 1 0
github.com/calypr/git-drs/cmd/push/main.go:73.79,75.6 1 0
github.com/calypr/git-drs/cmd/push/main.go:79.3,80.21 2 0
github.com/calypr/git-drs/cmd/push/main.go:80.21,82.4 1 0
github.com/calypr/git-drs/cmd/push/main.go:83.3,85.17 3 0
github.com/calypr/git-drs/cmd/push/main.go:85.17,87.17 2 0
github.com/calypr/git-drs/cmd/push/main.go:87.17,89.5 1 0
github.com/calypr/git-drs/cmd/push/main.go:90.4,90.71 1 0
github.com/calypr/git-drs/cmd/push/main.go:92.3,92.13 1 0
github.com/calypr/git-drs/cmd/push/main.go:96.13,98.2 1 1
github.com/calypr/git-drs/cmd/remote/list.go:14.54,15.21 1 2
github.com/calypr/git-drs/cmd/remote/list.go:15.21,18.4 2 1
github.com/calypr/git-drs/cmd/remote/list.go:19.3,19.13 1 1
github.com/calypr/git-drs/cmd/remote/list.go:21.54,24.17 3 1
github.com/calypr/git-drs/cmd/remote/list.go:24.17,27.4 2 0
github.com/calypr/git-drs/cmd/remote/list.go:29.3,29.47 1 1
github.com/calypr/git-drs/cmd/remote/list.go:29.47,33.17 3 1
github.com/calypr/git-drs/cmd/remote/list.go:33.17,35.5 1 1
github.com/calypr/git-drs/cmd/remote/list.go:38.4,40.32 3 1
github.com/calypr/git-drs/cmd/remote/list.go:40.32,43.5 2 1
github.com/calypr/git-drs/cmd/remote/list.go:43.10,43.40 1 0
github.com/calypr/git-drs/cmd/remote/list.go:43.40,46.5 2 0
github.com/calypr/git-drs/cmd/remote/list.go:46.10,48.5 1 0
github.com/calypr/git-drs/cmd/remote/list.go:50.4,51.21 2 1
github.com/calypr/git-drs/cmd/remote/list.go:51.21,53.5 1 1
github.com/calypr/git-drs/cmd/remote/list.go:55.4,55.72 1 1
github.com/calypr/git-drs/cmd/remote/list.go:57.3,57.13 1 1
github.com/calypr/git-drs/cmd/remote/root.go:14.13,18.2 3 1
github.com/calypr/git-drs/cmd/remote/set.go:15.54,16.21 1 3
github.com/calypr/git-drs/cmd/remote/set.go:16.21,19.4 2 2
github.com/calypr/git-drs/cmd/remote/set.go:20.3,20.13 1 1
github.com/calypr/git-drs/cmd/remote/set.go:22.54,27.17 4 0
github.com/calypr/git-drs/cmd/remote/set.go:27.17,29.4 1 0
github.com/calypr/git-drs/cmd/remote/set.go:32.3,33.40 2 0
github.com/calypr/git-drs/cmd/remote/set.go:33.40,35.34 2 0
github.com/calypr/git-drs/cmd/remote/set.go:35.34,37.5 1 0
github.com/calypr/git-drs/cmd/remote/set.go:38.4,42.5 1 0
github.com/calypr/git-drs/cmd/remote/set.go:46.3,48.48 2 0
github.com/calypr/git-drs/cmd/remote/set.go:48.48,50.4 1 0
github.com/calypr/git-drs/cmd/remote/set.go:52.3,53.13 2 0
github.com/calypr/git-drs/cmd/remote/add/gen3.go:22.54,23.20 1 0
github.com/calypr/git-drs/cmd/remote/add/gen3.go:23.20,26.4 2 0
github.com/calypr/git-drs/cmd/remote/add/gen3.go:27.3,27.13 1 0
github.com/calypr/git-drs/cmd/remote/add/gen3.go:29.54,33.59 2 0
github.com/calypr/git-drs/cmd/remote/add/gen3.go:33.59,35.4 1 0
github.com/calypr/git-drs/cmd/remote/add/gen3.go:37.3,38.20 2 0
github.com/calypr/git-drs/cmd/remote/add/gen3.go:38.20,40.4 1 0
github.com/calypr/git-drs/cmd/remote/add/gen3.go:42.3,43.17 2 0
github.com/calypr/git-drs/cmd/remote/add/gen3.go:43.17,45.4 1 0
github.com/calypr/git-drs/cmd/remote/add/gen3.go:46.3,46.13 1 0
github.com/calypr/git-drs/cmd/remote/add/gen3.go:50.112,51.22 1 0
github.com/calypr/git-drs/cmd/remote/add/gen3.go:51.22,53.3 1 0
github.com/calypr/git-drs/cmd/remote/add/gen3.go:54.2,54.19 1 0
github.com/calypr/git-drs/cmd/remote/add/gen3.go:54.19,56.3 1 0
github.com/calypr/git-drs/cmd/remote/add/gen3.go:58.2,60.43 3 0
github.com/calypr/git-drs/cmd/remote/add/gen3.go:60.43,62.17 2 0
github.com/calypr/git-drs/cmd/remote/add/gen3.go:62.17,64.4 1 0
github.com/calypr/git-drs/cmd/remote/add/gen3.go:65.3,65.9 1 0
github.com/calypr/git-drs/cmd/remote/add/gen3.go:65.9,66.28 1 0
github.com/calypr/git-drs/cmd/remote/add/gen3.go:66.28,68.5 1 0
github.com/calypr/git-drs/cmd/remote/add/gen3.go:68.10,68.115 1 0
github.com/calypr/git-drs/cmd/remote/add/gen3.go:68.115,70.5 1 0
github.com/calypr/git-drs/cmd/remote/add/gen3.go:71.4,71.55 1 0
github.com/calypr/git-drs/cmd/remote/add/gen3.go:74.2,74.26 1 0
github.com/calypr/git-drs/cmd/remote/add/gen3.go:74.26,75.44 1 0
github.com/calypr/git-drs/cmd/remote/add/gen3.go:75.44,77.4 1 0
github.com/calypr/git-drs/cmd/remote/add/gen3.go:78.3,78.46 1 0
github.com/calypr/git-drs/cmd/remote/add/gen3.go:78.46,80.4 1 0
github.com/calypr/git-drs/cmd/remote/add/gen3.go:83.2,85.9 3 0
github.com/calypr/git-drs/cmd/remote/add/gen3.go:86.24,90.17 4 0
github.com/calypr/git-drs/cmd/remote/add/gen3.go:90.17,92.4 1 0
github.com/calypr/git-drs/cmd/remote/add/gen3.go:94.22,96.17 2 0
github.com/calypr/git-drs/cmd/remote/add/gen3.go:96.17,98.4 1 0
github.com/calypr/git-drs/cmd/remote/add/gen3.go:99.3,104.17 5 0
github.com/calypr/git-drs/cmd/remote/add/gen3.go:104.17,106.4 1 0
github.com/calypr/git-drs/cmd/remote/add/gen3.go:108.10,110.17 2 0
github.com/calypr/git-drs/cmd/remote/add/gen3.go:110.17,115.4 4 0
github.com/calypr/git-drs/cmd/remote/add/gen3.go:115.9,117.4 1 0
github.com/calypr/git-drs/cmd/remote/add/gen3.go:120.2,120.23 1 0
github.com/calypr/git-drs/cmd/remote/add/gen3.go:120.23,122.3 1 0
github.com/calypr/git-drs/cmd/remote/add/gen3.go:124.2,135.67 3 0
github.com/calypr/git-drs/cmd/remote/add/gen3.go:135.67,137.3 1 0
github.com/calypr/git-drs/cmd/remote/add/gen3.go:138.2,152.111 4 0
github.com/calypr/git-drs/cmd/remote/add/gen3.go:152.111,154.3 1 0
github.com/calypr/git-drs/cmd/remote/add/gen3.go:156.2,156.45 1 0
github.com/calypr/git-drs/cmd/remote/add/gen3.go:156.45,158.3 1 0
github.com/calypr/git-drs/cmd/remote/add/gen3.go:160.2,160.67 1 0
github.com/calypr/git-drs/cmd/remote/add/gen3.go:160.67,162.3 1 0
github.com/calypr/git-drs/cmd/remote/add/gen3.go:163.2,163.73 1 0
github.com/calypr/git-drs/cmd/remote/add/gen3.go:163.73,165.3 1 0
github.com/calypr/git-drs/cmd/remote/add/gen3.go:166.2,166.47 1 0
github.com/calypr/git-drs/cmd/remote/add/gen3.go:166.47,167.97 1 0
github.com/calypr/git-drs/cmd/remote/add/gen3.go:167.97,169.4 1 0
github.com/calypr/git-drs/cmd/remote/add/gen3.go:172.2,173.12 2 0
github.com/calypr/git-drs/cmd/remote/add/init.go:22.13,37.2 13 1
github.com/calypr/git-drs/cmd/remote/add/local.go:18.54,22.16 3 0
github.com/calypr/git-drs/cmd/remote/add/local.go:22.16,24.4 1 0
github.com/calypr/git-drs/cmd/remote/add/local.go:26.3,36.17 3 0
github.com/calypr/git-drs/cmd/remote/add/local.go:36.17,38.4 1 0
github.com/calypr/git-drs/cmd/remote/add/local.go:39.3,39.66 1 0
github.com/calypr/git-drs/cmd/remote/add/local.go:39.66,41.4 1 0
github.com/calypr/git-drs/cmd/remote/add/local.go:42.3,42.68 1 0
github.com/calypr/git-drs/cmd/remote/add/local.go:42.68,44.4 1 0
github.com/calypr/git-drs/cmd/remote/add/local.go:45.3,45.87 1 0
github.com/calypr/git-drs/cmd/remote/add/local.go:45.87,46.88 1 0
github.com/calypr/git-drs/cmd/remote/add/local.go:46.88,48.5 1 0
github.com/calypr/git-drs/cmd/remote/add/local.go:49.4,49.133 1 0
github.com/calypr/git-drs/cmd/remote/add/local.go:49.133,51.5 1 0
github.com/calypr/git-drs/cmd/remote/add/local.go:54.3,55.13 2 0
github.com/calypr/git-drs/cmd/version/main.go:15.47,17.3 1 5
github.com/calypr/git-drs/cmd/version/main.go:20.28,23.43 3 6
github.com/calypr/git-drs/cmd/version/main.go:23.43,24.64 1 6
github.com/calypr/git-drs/cmd/version/main.go:24.64,26.4 1 0
github.com/calypr/git-drs/cmd/version/main.go:27.3,27.41 1 6
github.com/calypr/git-drs/cmd/version/main.go:27.41,28.23 1 48
github.com/calypr/git-drs/cmd/version/main.go:29.24,30.27 1 0
github.com/calypr/git-drs/cmd/version/main.go:31.19,32.18 1 0
github.com/calypr/git-drs/cmd/version/main.go:32.18,34.6 1 0
github.com/calypr/git-drs/cmd/version/main.go:39.2,40.26 2 6
github.com/calypr/git-drs/cmd/version/main.go:40.26,42.3 1 0
github.com/calypr/git-drs/cmd/version/main.go:44.2,44.9 1 6
github.com/calypr/git-drs/cmd/version/main.go:45.38,46.48 1 0
github.com/calypr/git-drs/cmd/version/main.go:47.17,48.13 1 0
github.com/calypr/git-drs/cmd/version/main.go:49.25,50.44 1 0
github.com/calypr/git-drs/cmd/version/main.go:51.10,52.23 1 6
github.com/calypr/git-drs/common/common.go:10.59,15.32 2 1
github.com/calypr/git-drs/common/common.go:15.32,17.3 1 2
github.com/calypr/git-drs/common/common.go:19.2,19.29 1 1
github.com/calypr/git-drs/common/common.go:19.29,21.37 1 2
github.com/calypr/git-drs/common/common.go:21.37,25.4 2 1
github.com/calypr/git-drs/common/common.go:27.2,27.17 1 1
github.com/calypr/git-drs/common/common.go:33.61,34.15 1 3
github.com/calypr/git-drs/common/common.go:34.15,36.3 1 1
github.com/calypr/git-drs/common/common.go:37.2,37.19 1 2
github.com/calypr/git-drs/common/common.go:37.19,39.3 1 0
github.com/calypr/git-drs/common/common.go:40.2,40.37 1 2
github.com/calypr/git-drs/common/common.go:40.37,42.3 1 1
github.com/calypr/git-drs/common/common.go:43.2,44.77 2 1
github.com/calypr/git-drs/common/confirmation.go:14.107,19.16 4 2
github.com/calypr/git-drs/common/confirmation.go:19.16,21.3 1 0
github.com/calypr/git-drs/common/confirmation.go:23.2,24.20 2 2
github.com/calypr/git-drs/common/confirmation.go:24.20,27.3 2 1
github.com/calypr/git-drs/common/confirmation.go:29.2,29.34 1 2
[...]
github.com/calypr/git-drs/gitrepo/lfs_auth.go:34.53,35.41 1 0
github.com/calypr/git-drs/gitrepo/lfs_auth.go:35.41,37.3 1 0
github.com/calypr/git-drs/gitrepo/lfs_auth.go:38.2,38.36 1 0
github.com/calypr/git-drs/gitrepo/lfs_auth.go:38.36,40.3 1 0
github.com/calypr/git-drs/gitrepo/lfs_auth.go:41.2,42.37 2 0
github.com/calypr/git-drs/gitrepo/lfs_auth.go:45.68,47.16 2 1
github.com/calypr/git-drs/gitrepo/lfs_auth.go:47.16,49.3 1 0
github.com/calypr/git-drs/gitrepo/lfs_auth.go:50.2,51.16 2 1
github.com/calypr/git-drs/gitrepo/lfs_auth.go:51.16,53.3 1 0
github.com/calypr/git-drs/gitrepo/lfs_auth.go:54.2,54.70 1 1
github.com/calypr/git-drs/gitrepo/lfs_auth.go:57.70,58.41 1 1
github.com/calypr/git-drs/gitrepo/lfs_auth.go:58.41,60.3 1 0
github.com/calypr/git-drs/gitrepo/lfs_auth.go:61.2,61.39 1 1
github.com/calypr/git-drs/gitrepo/lfs_auth.go:61.39,63.3 1 0
github.com/calypr/git-drs/gitrepo/lfs_auth.go:64.2,64.39 1 1
github.com/calypr/git-drs/gitrepo/lfs_auth.go:64.39,66.3 1 0
github.com/calypr/git-drs/gitrepo/lfs_auth.go:67.2,71.37 2 1
github.com/calypr/git-drs/gitrepo/lfs_auth.go:76.47,82.2 2 0
github.com/calypr/git-drs/gitrepo/lfs_auth.go:85.57,87.18 2 0
github.com/calypr/git-drs/gitrepo/lfs_auth.go:87.18,89.3 1 0
github.com/calypr/git-drs/gitrepo/lfs_auth.go:90.2,90.41 1 0
github.com/calypr/git-drs/gitrepo/lfs_auth.go:90.41,92.3 1 0
github.com/calypr/git-drs/gitrepo/lfs_auth.go:93.2,96.37 2 0
github.com/calypr/git-drs/gitrepo/repo.go:14.36,16.16 2 0
github.com/calypr/git-drs/gitrepo/repo.go:16.16,18.3 1 0
github.com/calypr/git-drs/gitrepo/repo.go:19.2,19.49 1 0
github.com/calypr/git-drs/gitrepo/repo.go:23.41,25.16 2 10
github.com/calypr/git-drs/gitrepo/repo.go:25.16,27.3 1 0
github.com/calypr/git-drs/gitrepo/repo.go:28.2,28.81 1 10
github.com/calypr/git-drs/gitrepo/repo.go:32.36,34.16 2 0
github.com/calypr/git-drs/gitrepo/repo.go:34.16,36.3 1 0
github.com/calypr/git-drs/gitrepo/repo.go:37.2,38.16 2 0
github.com/calypr/git-drs/gitrepo/repo.go:38.16,40.3 1 0
github.com/calypr/git-drs/gitrepo/repo.go:41.2,41.34 1 0
github.com/calypr/git-drs/gitrepo/repo.go:46.53,49.16 3 18
github.com/calypr/git-drs/gitrepo/repo.go:49.16,52.3 1 7
github.com/calypr/git-drs/gitrepo/repo.go:53.2,53.44 1 11
github.com/calypr/git-drs/gitrepo/repo.go:57.60,59.32 2 0
github.com/calypr/git-drs/gitrepo/repo.go:59.32,61.3 1 0
github.com/calypr/git-drs/gitrepo/repo.go:62.2,63.16 2 0
github.com/calypr/git-drs/gitrepo/repo.go:63.16,65.3 1 0
github.com/calypr/git-drs/gitrepo/repo.go:66.2,66.12 1 0
github.com/calypr/git-drs/gitrepo/repo.go:70.59,72.32 2 0
github.com/calypr/git-drs/gitrepo/repo.go:72.32,74.3 1 0
github.com/calypr/git-drs/gitrepo/repo.go:75.2,76.16 2 0
github.com/calypr/git-drs/gitrepo/repo.go:76.16,78.3 1 0
github.com/calypr/git-drs/gitrepo/repo.go:79.2,79.12 1 0
github.com/calypr/git-drs/gitrepo/repo.go:82.59,84.16 2 9
github.com/calypr/git-drs/gitrepo/repo.go:84.16,86.3 1 0
github.com/calypr/git-drs/gitrepo/repo.go:87.2,88.16 2 9
github.com/calypr/git-drs/gitrepo/repo.go:88.16,90.3 1 0
github.com/calypr/git-drs/gitrepo/repo.go:92.2,92.34 1 9
github.com/calypr/git-drs/gitrepo/repo.go:92.34,94.22 2 15
github.com/calypr/git-drs/gitrepo/repo.go:94.22,96.4 1 0
github.com/calypr/git-drs/gitrepo/repo.go:96.9,96.28 1 15
github.com/calypr/git-drs/gitrepo/repo.go:96.28,102.4 4 15
github.com/calypr/git-drs/gitrepo/repo.go:105.2,105.36 1 9
github.com/calypr/git-drs/gitrepo/repo.go:110.49,111.27 1 3
github.com/calypr/git-drs/gitrepo/repo.go:111.27,113.35 2 3
github.com/calypr/git-drs/gitrepo/repo.go:113.35,115.12 1 1
github.com/calypr/git-drs/gitrepo/repo.go:118.2,118.12 1 3
github.com/calypr/git-drs/gitrepo/repo.go:122.39,124.16 2 1
github.com/calypr/git-drs/gitrepo/repo.go:124.16,126.3 1 0
github.com/calypr/git-drs/gitrepo/repo.go:127.2,128.16 2 1
github.com/calypr/git-drs/gitrepo/repo.go:128.16,130.3 1 0
github.com/calypr/git-drs/gitrepo/repo.go:133.2,133.66 1 1
github.com/calypr/git-drs/gitrepo/repo.go:137.33,139.16 2 0
github.com/calypr/git-drs/gitrepo/repo.go:139.16,141.3 1 0
github.com/calypr/git-drs/gitrepo/repo.go:142.2,143.16 2 0
github.com/calypr/git-drs/gitrepo/repo.go:143.16,145.3 1 0
github.com/calypr/git-drs/gitrepo/repo.go:146.2,147.12 2 0
github.com/calypr/git-drs/lfs/gitattributes.go:16.110,18.34 2 3
github.com/calypr/git-drs/lfs/gitattributes.go:18.34,20.3 1 0
github.com/calypr/git-drs/lfs/gitattributes.go:23.2,25.29 3 3
github.com/calypr/git-drs/lfs/gitattributes.go:25.29,27.14 2 3
github.com/calypr/git-drs/lfs/gitattributes.go:27.14,28.12 1 0
github.com/calypr/git-drs/lfs/gitattributes.go:30.3,30.28 1 3
github.com/calypr/git-drs/lfs/gitattributes.go:30.28,33.4 2 3
github.com/calypr/git-drs/lfs/gitattributes.go:35.2,35.21 1 3
github.com/calypr/git-drs/lfs/gitattributes.go:35.21,37.3 1 0
github.com/calypr/git-drs/lfs/gitattributes.go:40.2,42.20 3 3
github.com/calypr/git-drs/lfs/gitattributes.go:42.20,44.17 2 2
github.com/calypr/git-drs/lfs/gitattributes.go:44.17,46.4 1 3
github.com/calypr/git-drs/lfs/gitattributes.go:47.3,47.34 1 2
github.com/calypr/git-drs/lfs/gitattributes.go:47.34,49.4 1 0
github.com/calypr/git-drs/lfs/gitattributes.go:50.8,50.36 1 1
github.com/calypr/git-drs/lfs/gitattributes.go:50.36,52.3 1 0
github.com/calypr/git-drs/lfs/gitattributes.go:57.2,58.29 2 3
github.com/calypr/git-drs/lfs/gitattributes.go:58.29,60.9 2 3
github.com/calypr/git-drs/lfs/gitattributes.go:60.9,62.4 1 2
github.com/calypr/git-drs/lfs/gitattributes.go:66.2,66.28 1 3
github.com/calypr/git-drs/lfs/gitattributes.go:66.28,69.31 2 3
github.com/calypr/git-drs/lfs/gitattributes.go:69.31,71.48 1 2
github.com/calypr/git-drs/lfs/gitattributes.go:71.48,74.5 2 1
github.com/calypr/git-drs/lfs/gitattributes.go:75.9,78.4 2 1
github.com/calypr/git-drs/lfs/gitattributes.go:81.2,81.32 1 3
github.com/calypr/git-drs/lfs/gitattributes.go:81.32,83.3 1 1
github.com/calypr/git-drs/lfs/gitattributes.go:86.2,86.76 1 2
github.com/calypr/git-drs/lfs/gitattributes.go:86.76,88.3 1 0
github.com/calypr/git-drs/lfs/gitattributes.go:91.2,92.35 2 2
github.com/calypr/git-drs/lfs/gitattributes.go:92.35,94.3 1 2
github.com/calypr/git-drs/lfs/gitattributes.go:95.2,95.76 1 2
github.com/calypr/git-drs/lfs/gitattributes.go:95.76,97.3 1 0
github.com/calypr/git-drs/lfs/gitattributes.go:98.2,98.18 1 2
github.com/calypr/git-drs/lfs/gitattributes.go:106.73,108.42 2 4
github.com/calypr/git-drs/lfs/gitattributes.go:108.42,110.3 1 1
github.com/calypr/git-drs/lfs/gitattributes.go:113.2,114.20 2 3
github.com/calypr/git-drs/lfs/gitattributes.go:114.20,116.3 1 0
github.com/calypr/git-drs/lfs/gitattributes.go:118.2,119.32 2 3
github.com/calypr/git-drs/lfs/gitattributes.go:119.32,120.43 1 3
github.com/calypr/git-drs/lfs/gitattributes.go:120.43,123.34 3 3
github.com/calypr/git-drs/lfs/gitattributes.go:123.34,125.5 1 3
github.com/calypr/git-drs/lfs/gitattributes.go:127.4,127.24 1 0
github.com/calypr/git-drs/lfs/gitattributes.go:130.2,130.22 1 0
github.com/calypr/git-drs/lfs/helpers.go:17.78,29.16 3 4
github.com/calypr/git-drs/lfs/helpers.go:29.16,32.14 2 1
github.com/calypr/git-drs/lfs/helpers.go:32.14,34.4 1 1
github.com/calypr/git-drs/lfs/helpers.go:35.3,35.44 1 0
github.com/calypr/git-drs/lfs/helpers.go:37.2,37.23 1 3
github.com/calypr/git-drs/lfs/helpers.go:45.79,48.16 2 4
github.com/calypr/git-drs/lfs/helpers.go:48.16,50.3 1 0
github.com/calypr/git-drs/lfs/helpers.go:51.2,53.15 2 4
github.com/calypr/git-drs/lfs/helpers.go:53.15,55.3 1 1
github.com/calypr/git-drs/lfs/helpers.go:58.2,58.87 1 3
github.com/calypr/git-drs/lfs/helpers.go:58.87,60.32 2 1
github.com/calypr/git-drs/lfs/helpers.go:60.32,62.4 1 1
github.com/calypr/git-drs/lfs/helpers.go:65.2,65.26 1 3
github.com/calypr/git-drs/lfs/helpers.go:65.26,67.3 1 1
github.com/calypr/git-drs/lfs/helpers.go:68.2,68.33 1 3
github.com/calypr/git-drs/lfs/helpers.go:71.66,74.16 3 4
github.com/calypr/git-drs/lfs/helpers.go:74.16,76.3 1 0
github.com/calypr/git-drs/lfs/helpers.go:77.2,77.23 1 4
github.com/calypr/git-drs/lfs/helpers.go:80.36,82.31 1 1
github.com/calypr/git-drs/lfs/helpers.go:82.31,85.3 1 0
github.com/calypr/git-drs/lfs/helpers.go:86.2,86.62 1 1
github.com/calypr/git-drs/lfs/helpers.go:86.62,88.3 1 1
github.com/calypr/git-drs/lfs/helpers.go:90.2,91.16 2 0
github.com/calypr/git-drs/lfs/helpers.go:91.16,93.3 1 0
github.com/calypr/git-drs/lfs/helpers.go:94.2,94.44 1 0
github.com/calypr/git-drs/lfs/helpers.go:97.85,99.16 2 0
github.com/calypr/git-drs/lfs/helpers.go:99.16,101.3 1 0
github.com/calypr/git-drs/lfs/helpers.go:102.2,102.17 1 0
github.com/calypr/git-drs/lfs/helpers.go:109.66,111.16 2 0
github.com/calypr/git-drs/lfs/helpers.go:111.16,113.3 1 0
github.com/calypr/git-drs/lfs/helpers.go:114.2,114.41 1 0
github.com/calypr/git-drs/lfs/helpers.go:117.74,119.16 2 0
github.com/calypr/git-drs/lfs/helpers.go:119.16,121.3 1 0
github.com/calypr/git-drs/lfs/helpers.go:123.2,124.16 2 0
github.com/calypr/git-drs/lfs/helpers.go:124.16,126.3 1 0
github.com/calypr/git-drs/lfs/helpers.go:128.2,130.16 3 0
github.com/calypr/git-drs/lfs/helpers.go:130.16,132.3 1 0
github.com/calypr/git-drs/lfs/helpers.go:134.2,134.21 1 0
github.com/calypr/git-drs/lfs/helpers.go:137.67,139.16 2 4
github.com/calypr/git-drs/lfs/helpers.go:139.16,141.3 1 0
github.com/calypr/git-drs/lfs/helpers.go:142.2,143.15 2 4
github.com/calypr/git-drs/lfs/helpers.go:143.15,145.3 1 0
github.com/calypr/git-drs/lfs/helpers.go:147.2,147.26 1 4
github.com/calypr/git-drs/lfs/helpers.go:147.26,149.17 2 4
github.com/calypr/git-drs/lfs/helpers.go:149.17,151.4 1 4
github.com/calypr/git-drs/lfs/helpers.go:153.2,153.17 1 4
github.com/calypr/git-drs/lfs/helpers.go:158.73,160.16 2 0
github.com/calypr/git-drs/lfs/helpers.go:160.16,162.3 1 0
github.com/calypr/git-drs/lfs/helpers.go:163.2,164.16 2 0
github.com/calypr/git-drs/lfs/helpers.go:164.16,166.3 1 0
github.com/calypr/git-drs/lfs/helpers.go:167.2,167.19 1 0
github.com/calypr/git-drs/lfs/helpers.go:167.19,169.3 1 0
github.com/calypr/git-drs/lfs/helpers.go:170.2,170.35 1 0
github.com/calypr/git-drs/lfs/lfs.go:25.111,26.41 1 0
github.com/calypr/git-drs/lfs/lfs.go:26.41,28.3 1 0
github.com/calypr/git-drs/lfs/lfs.go:31.2,43.16 10 0
github.com/calypr/git-drs/lfs/lfs.go:43.16,45.16 2 0
github.com/calypr/git-drs/lfs/lfs.go:45.16,47.4 1 0
github.com/calypr/git-drs/lfs/lfs.go:48.3,48.67 1 0
github.com/calypr/git-drs/lfs/lfs.go:50.2,50.17 1 0
github.com/calypr/git-drs/lfs/lfs.go:53.134,54.19 1 0
github.com/calypr/git-drs/lfs/lfs.go:54.19,56.3 1 0
github.com/calypr/git-drs/lfs/lfs.go:57.2,58.16 2 0
github.com/calypr/git-drs/lfs/lfs.go:58.16,60.3 1 0
github.com/calypr/git-drs/lfs/lfs.go:63.2,65.25 2 0
github.com/calypr/git-drs/lfs/lfs.go:65.25,67.3 1 0
github.com/calypr/git-drs/lfs/lfs.go:68.2,68.29 1 0
github.com/calypr/git-drs/lfs/lfs.go:68.29,70.3 1 0
github.com/calypr/git-drs/lfs/lfs.go:70.8,72.3 1 0
github.com/calypr/git-drs/lfs/lfs.go:74.2,76.27 3 0
github.com/calypr/git-drs/lfs/lfs.go:76.27,82.17 3 0
github.com/calypr/git-drs/lfs/lfs.go:82.17,84.4 1 0
github.com/calypr/git-drs/lfs/lfs.go:86.3,86.78 1 0
github.com/calypr/git-drs/lfs/lfs.go:86.78,88.4 1 0
github.com/calypr/git-drs/lfs/lfs.go:91.2,91.24 1 0
github.com/calypr/git-drs/lfs/lfs.go:94.44,95.24 1 0
github.com/calypr/git-drs/lfs/lfs.go:95.24,97.3 1 0
github.com/calypr/git-drs/lfs/lfs.go:98.2,100.34 3 0
github.com/calypr/git-drs/lfs/lfs.go:100.34,102.19 2 0
github.com/calypr/git-drs/lfs/lfs.go:102.19,103.12 1 0
github.com/calypr/git-drs/lfs/lfs.go:105.3,106.62 2 0
github.com/calypr/git-drs/lfs/lfs.go:106.62,108.4 1 0
github.com/calypr/git-drs/lfs/lfs.go:109.3,109.29 1 0
github.com/calypr/git-drs/lfs/lfs.go:109.29,110.12 1 0
github.com/calypr/git-drs/lfs/lfs.go:112.3,113.27 2 0
github.com/calypr/git-drs/lfs/lfs.go:115.2,115.20 1 0
github.com/calypr/git-drs/lfs/lfs.go:115.20,117.3 1 0
github.com/calypr/git-drs/lfs/lfs.go:118.2,118.13 1 0
github.com/calypr/git-drs/lfs/lfs.go:121.108,123.34 1 2
github.com/calypr/git-drs/lfs/lfs.go:123.34,126.3 2 0
github.com/calypr/git-drs/lfs/lfs.go:129.2,131.75 2 2
github.com/calypr/git-drs/lfs/lfs.go:131.75,133.17 2 7
github.com/calypr/git-drs/lfs/lfs.go:133.17,134.12 1 0
github.com/calypr/git-drs/lfs/lfs.go:136.3,137.21 2 7
github.com/calypr/git-drs/lfs/lfs.go:137.21,138.12 1 0
github.com/calypr/git-drs/lfs/lfs.go:141.3,143.27 3 7
github.com/calypr/git-drs/lfs/lfs.go:143.27,144.31 1 9
github.com/calypr/git-drs/lfs/lfs.go:144.31,147.10 3 7
github.com/calypr/git-drs/lfs/lfs.go:150.3,150.16 1 7
github.com/calypr/git-drs/lfs/lfs.go:150.16,152.12 2 0
github.com/calypr/git-drs/lfs/lfs.go:156.3,157.48 2 7
github.com/calypr/git-drs/lfs/lfs.go:157.48,159.4 1 7
github.com/calypr/git-drs/lfs/lfs.go:160.3,160.44 1 7
github.com/calypr/git-drs/lfs/lfs.go:160.44,162.4 1 0
github.com/calypr/git-drs/lfs/lfs.go:163.3,166.17 4 7
github.com/calypr/git-drs/lfs/lfs.go:166.17,168.12 2 0
github.com/calypr/git-drs/lfs/lfs.go:173.3,173.33 1 7
github.com/calypr/git-drs/lfs/lfs.go:173.33,175.12 2 0
github.com/calypr/git-drs/lfs/lfs.go:179.3,179.124 1 7
github.com/calypr/git-drs/lfs/lfs.go:179.124,181.12 2 0
github.com/calypr/git-drs/lfs/lfs.go:185.3,185.86 1 7
github.com/calypr/git-drs/lfs/lfs.go:185.86,187.4 1 0
github.com/calypr/git-drs/lfs/lfs.go:188.3,190.45 3 7
github.com/calypr/git-drs/lfs/lfs.go:190.45,192.4 1 7
github.com/calypr/git-drs/lfs/lfs.go:193.3,193.48 1 7
github.com/calypr/git-drs/lfs/lfs.go:193.48,195.4 1 7
github.com/calypr/git-drs/lfs/lfs.go:195.9,197.12 2 0
github.com/calypr/git-drs/lfs/lfs.go:200.3,203.30 2 7
github.com/calypr/git-drs/lfs/lfs.go:203.30,204.61 1 1
github.com/calypr/git-drs/lfs/lfs.go:204.61,206.112 2 1
github.com/calypr/git-drs/lfs/lfs.go:206.112,208.6 1 1
github.com/calypr/git-drs/lfs/lfs.go:212.3,219.4 1 7
github.com/calypr/git-drs/lfs/lfs.go:222.2,222.12 1 2
github.com/calypr/git-drs/lfs/lfs.go:226.64,229.18 3 0
github.com/calypr/git-drs/lfs/lfs.go:229.18,231.3 1 0
github.com/calypr/git-drs/lfs/lfs.go:234.2,240.16 5 0
github.com/calypr/git-drs/lfs/lfs.go:240.16,242.3 1 0
github.com/calypr/git-drs/lfs/lfs.go:244.2,244.12 1 0
github.com/calypr/git-drs/lfs/lfs_tracked.go:15.46,16.16 1 2
github.com/calypr/git-drs/lfs/lfs_tracked.go:16.16,18.3 1 0
github.com/calypr/git-drs/lfs/lfs_tracked.go:21.2,35.34 6 2
github.com/calypr/git-drs/lfs/lfs_tracked.go:35.34,37.3 1 0
github.com/calypr/git-drs/lfs/lfs_tracked.go:44.2,45.21 2 2
github.com/calypr/git-drs/lfs/lfs_tracked.go:45.21,47.3 1 0
github.com/calypr/git-drs/lfs/lfs_tracked.go:49.2,50.28 2 2
github.com/calypr/git-drs/lfs/lfs_tracked.go:71.66,75.16 3 0
github.com/calypr/git-drs/lfs/lfs_tracked.go:75.16,78.3 1 0
github.com/calypr/git-drs/lfs/lfs_tracked.go:81.2,81.46 1 0
github.com/calypr/git-drs/lfs/lfs_tracked.go:81.46,83.3 1 0
github.com/calypr/git-drs/lfs/lfs_tracked.go:86.2,88.16 3 0
github.com/calypr/git-drs/lfs/lfs_tracked.go:88.16,90.3 1 0
github.com/calypr/git-drs/lfs/lfs_tracked.go:93.2,93.28 1 0
github.com/calypr/git-drs/lfs/lfs_tracked.go:93.28,95.3 1 0
github.com/calypr/git-drs/lfs/lfs_tracked.go:97.2,97.36 1 0
github.com/calypr/git-drs/lfs/sentinel.go:13.56,15.13 2 2
github.com/calypr/git-drs/lfs/sentinel.go:15.13,17.3 1 0
github.com/calypr/git-drs/lfs/sentinel.go:18.2,19.39 2 2
github.com/calypr/git-drs/lfs/sentinel.go:22.73,24.13 2 3
github.com/calypr/git-drs/lfs/sentinel.go:24.13,26.3 1 0
github.com/calypr/git-drs/lfs/sentinel.go:27.2,27.108 1 3
github.com/calypr/git-drs/lfs/sentinel.go:30.46,32.2 1 3
github.com/calypr/git-drs/lfs/sentinel.go:34.56,36.16 2 1
github.com/calypr/git-drs/lfs/sentinel.go:36.16,38.3 1 0
github.com/calypr/git-drs/lfs/sentinel.go:39.2,43.26 4 1
github.com/calypr/git-drs/lfs/sentinel.go:43.26,45.3 1 0
github.com/calypr/git-drs/lfs/sentinel.go:46.2,46.44 1 1
github.com/calypr/git-drs/lfs/sentinel.go:49.107,51.66 2 2
github.com/calypr/git-drs/lfs/sentinel.go:51.66,53.3 1 0
github.com/calypr/git-drs/lfs/sentinel.go:54.2,55.16 2 2
github.com/calypr/git-drs/lfs/sentinel.go:55.16,57.3 1 0
github.com/calypr/git-drs/lfs/sentinel.go:58.2,58.62 1 2
github.com/calypr/git-drs/lfs/sentinel.go:58.62,60.3 1 0
github.com/calypr/git-drs/lfs/sentinel.go:61.2,61.21 1 2
github.com/calypr/git-drs/lfs/store.go:27.72,32.2 1 0
github.com/calypr/git-drs/lfs/store.go:34.62,37.2 2 0
github.com/calypr/git-drs/lfs/store.go:39.76,42.2 2 0
github.com/calypr/git-drs/lfs/store.go:44.70,47.2 2 0
github.com/calypr/git-drs/lfs/store.go:49.62,54.20 2 0
github.com/calypr/git-drs/lfs/store.go:54.20,56.3 1 0
github.com/calypr/git-drs/lfs/store.go:58.2,58.63 1 0
github.com/calypr/git-drs/lfs/store.go:61.76,63.16 2 0
github.com/calypr/git-drs/lfs/store.go:63.16,65.3 1 0
github.com/calypr/git-drs/lfs/store.go:67.2,68.16 2 0
github.com/calypr/git-drs/lfs/store.go:68.16,70.3 1 0
github.com/calypr/git-drs/lfs/store.go:71.2,71.68 1 0
github.com/calypr/git-drs/lfs/store.go:71.68,73.3 1 0
github.com/calypr/git-drs/lfs/store.go:75.2,75.68 1 0
github.com/calypr/git-drs/lfs/store.go:75.68,77.3 1 0
github.com/calypr/git-drs/lfs/store.go:78.2,78.12 1 0
github.com/calypr/git-drs/lfs/store.go:81.70,83.16 2 0
github.com/calypr/git-drs/lfs/store.go:83.16,85.3 1 0
github.com/calypr/git-drs/lfs/store.go:87.2,88.16 2 0
github.com/calypr/git-drs/lfs/store.go:88.16,90.3 1 0
github.com/calypr/git-drs/lfs/store.go:92.2,93.79 2 0
github.com/calypr/git-drs/lfs/store.go:93.79,95.3 1 0
github.com/calypr/git-drs/lfs/store.go:97.2,97.24 1 0
github.com/calypr/git-drs/lfs/store.go:101.71,105.55 3 1
github.com/calypr/git-drs/lfs/store.go:105.55,107.3 1 0
github.com/calypr/git-drs/lfs/store.go:108.2,108.88 1 1
github.com/calypr/git-drs/lfs/store.go:108.88,109.17 1 5
github.com/calypr/git-drs/lfs/store.go:109.17,111.4 1 0
github.com/calypr/git-drs/lfs/store.go:112.3,112.19 1 5
github.com/calypr/git-drs/lfs/store.go:112.19,114.4 1 3
github.com/calypr/git-drs/lfs/store.go:115.3,116.17 2 2
github.com/calypr/git-drs/lfs/store.go:116.17,118.4 1 0
github.com/calypr/git-drs/lfs/store.go:119.3,120.22 2 2
github.com/calypr/git-drs/lfs/store.go:120.22,123.4 2 1
github.com/calypr/git-drs/lfs/store.go:124.3,128.13 3 1
github.com/calypr/git-drs/lfs/store.go:130.2,130.16 1 1
github.com/calypr/git-drs/lfs/store.go:130.16,132.3 1 0
github.com/calypr/git-drs/lfs/store.go:133.2,134.21 2 1
github.com/calypr/git-drs/lfs/store.go:137.79,140.55 3 1
github.com/calypr/git-drs/lfs/store.go:140.55,143.3 2 0
github.com/calypr/git-drs/lfs/store.go:145.2,145.88 1 1
github.com/calypr/git-drs/lfs/store.go:145.88,146.17 1 6
github.com/calypr/git-drs/lfs/store.go:146.17,149.4 2 0
github.com/calypr/git-drs/lfs/store.go:150.3,150.19 1 6
github.com/calypr/git-drs/lfs/store.go:150.19,152.4 1 3
github.com/calypr/git-drs/lfs/store.go:153.3,154.17 2 3
github.com/calypr/git-drs/lfs/store.go:154.17,156.4 1 0
github.com/calypr/git-drs/lfs/store.go:157.3,158.22 2 3
github.com/calypr/git-drs/lfs/store.go:158.22,161.4 2 1
github.com/calypr/git-drs/lfs/store.go:162.3,163.17 2 2
github.com/calypr/git-drs/lfs/store.go:163.17,166.4 2 0
github.com/calypr/git-drs/lfs/store.go:167.3,168.73 2 2
github.com/calypr/git-drs/lfs/store.go:168.73,171.4 2 1
github.com/calypr/git-drs/lfs/store.go:174.3,175.25 2 1
github.com/calypr/git-drs/lfs/store.go:175.25,177.4 1 1
github.com/calypr/git-drs/lfs/store.go:179.3,180.13 2 1
github.com/calypr/git-drs/lfs/store.go:182.2,182.16 1 1
github.com/calypr/git-drs/lfs/store.go:182.16,184.3 1 0
github.com/calypr/git-drs/lfs/store.go:185.2,186.21 2 1
github.com/calypr/git-drs/lfs/util.go:16.32,18.16 2 1
github.com/calypr/git-drs/lfs/util.go:18.16,20.3 1 0
github.com/calypr/git-drs/lfs/util.go:21.2,21.56 1 1
github.com/calypr/git-drs/lfs/util.go:29.74,31.16 2 3
github.com/calypr/git-drs/lfs/util.go:31.16,33.3 1 2
github.com/calypr/git-drs/lfs/util.go:34.2,36.16 3 1
github.com/calypr/git-drs/lfs/util.go:36.16,38.3 1 0
github.com/calypr/git-drs/lfs/util.go:39.2,40.16 2 1
github.com/calypr/git-drs/lfs/util.go:40.16,42.3 1 0
github.com/calypr/git-drs/lfs/util.go:43.2,43.34 1 1
github.com/calypr/git-drs/lfs/util.go:46.38,48.16 2 1
github.com/calypr/git-drs/lfs/util.go:48.16,50.3 1 0
github.com/calypr/git-drs/lfs/util.go:51.2,52.43 2 1
