mode: atomic
github.com/calypr/git-drs/git-drs.go:11.13,14.16 2 51
github.com/calypr/git-drs/git-drs.go:14.16,17.3 2 0
github.com/calypr/git-drs/git-drs.go:19.2,19.46 1 51
github.com/calypr/git-drs/git-drs.go:19.46,22.3 2 0
github.com/calypr/git-drs/client/anvil/anvil_client.go:23.75,26.16 2 0
github.com/calypr/git-drs/client/anvil/anvil_client.go:26.16,28.3 1 0
github.com/calypr/git-drs/client/anvil/anvil_client.go:30.2,35.16 3 0
github.com/calypr/git-drs/client/anvil/anvil_client.go:35.16,37.3 1 0
github.com/calypr/git-drs/client/anvil/anvil_client.go:39.2,40.16 2 0
github.com/calypr/git-drs/client/anvil/anvil_client.go:40.16,42.3 1 0
github.com/calypr/git-drs/client/anvil/anvil_client.go:43.2,48.16 5 0
github.com/calypr/git-drs/client/anvil/anvil_client.go:48.16,50.3 1 0
github.com/calypr/git-drs/client/anvil/anvil_client.go:51.2,54.27 3 0
github.com/calypr/git-drs/client/anvil/anvil_client.go:54.27,59.47 4 0
github.com/calypr/git-drs/client/anvil/anvil_client.go:59.47,61.4 1 0
github.com/calypr/git-drs/client/anvil/anvil_client.go:62.3,62.43 1 0
github.com/calypr/git-drs/client/anvil/anvil_client.go:68.2,73.64 2 0
github.com/calypr/git-drs/client/anvil/anvil_client.go:73.64,75.3 1 0
github.com/calypr/git-drs/client/anvil/anvil_client.go:77.2,83.8 1 0
github.com/calypr/git-drs/client/anvil/anvil_client.go:88.37,91.16 3 0
github.com/calypr/git-drs/client/anvil/anvil_client.go:91.16,93.3 1 0
github.com/calypr/git-drs/client/anvil/anvil_client.go:95.2,97.16 3 0
github.com/calypr/git-drs/client/anvil/anvil_client.go:97.16,99.3 1 0
github.com/calypr/git-drs/client/anvil/anvil_client.go:101.2,101.47 1 0
github.com/calypr/git-drs/client/anvil/anvil_client.go:101.47,103.3 1 0
github.com/calypr/git-drs/client/anvil/anvil_client.go:105.2,105.31 1 0
github.com/calypr/git-drs/client/anvil/remote.go:21.44,23.2 1 0
github.com/calypr/git-drs/client/anvil/remote.go:25.43,27.2 1 0
github.com/calypr/git-drs/client/anvil/remote.go:29.45,31.2 1 0
github.com/calypr/git-drs/client/anvil/remote.go:33.105,36.2 1 0
github.com/calypr/git-drs/client/indexd/add_url.go:30.129,36.2 3 0
github.com/calypr/git-drs/client/indexd/add_url.go:40.216,44.16 2 0
github.com/calypr/git-drs/client/indexd/add_url.go:44.16,46.3 1 0
github.com/calypr/git-drs/client/indexd/add_url.go:49.2,53.21 4 0
github.com/calypr/git-drs/client/indexd/add_url.go:53.21,56.17 2 0
github.com/calypr/git-drs/client/indexd/add_url.go:56.17,58.4 1 0
github.com/calypr/git-drs/client/indexd/add_url.go:61.3,64.47 2 0
github.com/calypr/git-drs/client/indexd/add_url.go:64.47,72.4 1 0
github.com/calypr/git-drs/client/indexd/add_url.go:75.3,76.19 2 0
github.com/calypr/git-drs/client/indexd/add_url.go:76.19,78.4 1 0
github.com/calypr/git-drs/client/indexd/add_url.go:78.9,78.40 1 0
github.com/calypr/git-drs/client/indexd/add_url.go:78.40,80.4 1 0
github.com/calypr/git-drs/client/indexd/add_url.go:81.3,81.24 1 0
github.com/calypr/git-drs/client/indexd/add_url.go:81.24,83.4 1 0
github.com/calypr/git-drs/client/indexd/add_url.go:86.3,86.29 1 0
github.com/calypr/git-drs/client/indexd/add_url.go:86.29,88.18 2 0
github.com/calypr/git-drs/client/indexd/add_url.go:88.18,90.5 1 0
github.com/calypr/git-drs/client/indexd/add_url.go:94.3,95.21 2 0
github.com/calypr/git-drs/client/indexd/add_url.go:95.21,98.4 2 0
github.com/calypr/git-drs/client/indexd/add_url.go:98.9,98.45 1 0
github.com/calypr/git-drs/client/indexd/add_url.go:98.45,100.4 1 0
github.com/calypr/git-drs/client/indexd/add_url.go:104.3,108.56 3 0
github.com/calypr/git-drs/client/indexd/add_url.go:108.56,109.27 1 0
github.com/calypr/git-drs/client/indexd/add_url.go:109.27,111.5 1 0
github.com/calypr/git-drs/client/indexd/add_url.go:112.4,112.25 1 0
github.com/calypr/git-drs/client/indexd/add_url.go:118.2,118.24 1 0
github.com/calypr/git-drs/client/indexd/add_url.go:118.24,122.34 2 0
github.com/calypr/git-drs/client/indexd/add_url.go:122.34,124.45 2 0
github.com/calypr/git-drs/client/indexd/add_url.go:124.45,126.5 1 0
github.com/calypr/git-drs/client/indexd/add_url.go:130.3,130.24 1 0
github.com/calypr/git-drs/client/indexd/add_url.go:130.24,132.4 1 0
github.com/calypr/git-drs/client/indexd/add_url.go:135.3,135.26 1 0
github.com/calypr/git-drs/client/indexd/add_url.go:135.26,137.4 1 0
github.com/calypr/git-drs/client/indexd/add_url.go:144.3,144.29 1 0
github.com/calypr/git-drs/client/indexd/add_url.go:144.29,147.40 3 0
github.com/calypr/git-drs/client/indexd/add_url.go:147.40,149.5 1 0
github.com/calypr/git-drs/client/indexd/add_url.go:150.4,157.47 8 0
github.com/calypr/git-drs/client/indexd/add_url.go:162.2,162.21 1 0
github.com/calypr/git-drs/client/indexd/add_url.go:162.21,164.3 1 0
github.com/calypr/git-drs/client/indexd/add_url.go:166.2,172.16 3 0
github.com/calypr/git-drs/client/indexd/add_url.go:172.16,174.3 1 0
github.com/calypr/git-drs/client/indexd/add_url.go:176.2,177.31 2 0
github.com/calypr/git-drs/client/indexd/add_url.go:177.31,179.3 1 0
github.com/calypr/git-drs/client/indexd/add_url.go:179.8,181.3 1 0
github.com/calypr/git-drs/client/indexd/add_url.go:183.2,183.67 1 0
github.com/calypr/git-drs/client/indexd/add_url.go:188.213,192.16 2 0
github.com/calypr/git-drs/client/indexd/add_url.go:192.16,194.3 1 0
github.com/calypr/git-drs/client/indexd/add_url.go:196.2,197.16 2 0
github.com/calypr/git-drs/client/indexd/add_url.go:197.16,199.3 1 0
github.com/calypr/git-drs/client/indexd/add_url.go:200.2,200.26 1 0
github.com/calypr/git-drs/client/indexd/add_url.go:200.26,203.3 2 0
github.com/calypr/git-drs/client/indexd/add_url.go:205.2,205.132 1 0
github.com/calypr/git-drs/client/indexd/add_url.go:211.133,217.16 4 0
github.com/calypr/git-drs/client/indexd/add_url.go:217.16,219.3 1 0
github.com/calypr/git-drs/client/indexd/add_url.go:221.2,222.16 2 0
github.com/calypr/git-drs/client/indexd/add_url.go:222.16,224.3 1 0
github.com/calypr/git-drs/client/indexd/add_url.go:226.2,226.56 1 0
github.com/calypr/git-drs/client/indexd/add_url.go:226.56,228.85 1 0
github.com/calypr/git-drs/client/indexd/add_url.go:228.85,231.4 2 0
github.com/calypr/git-drs/client/indexd/add_url.go:234.3,234.115 1 0
github.com/calypr/git-drs/client/indexd/add_url.go:234.115,239.18 4 0
github.com/calypr/git-drs/client/indexd/add_url.go:239.18,241.5 1 0
github.com/calypr/git-drs/client/indexd/add_url.go:242.4,242.22 1 0
github.com/calypr/git-drs/client/indexd/add_url.go:247.2,249.16 3 0
github.com/calypr/git-drs/client/indexd/add_url.go:249.16,251.3 1 0
github.com/calypr/git-drs/client/indexd/add_url.go:252.2,253.16 2 0
github.com/calypr/git-drs/client/indexd/add_url.go:253.16,255.3 1 0
github.com/calypr/git-drs/client/indexd/add_url.go:257.2,269.16 3 0
github.com/calypr/git-drs/client/indexd/add_url.go:269.16,271.3 1 0
github.com/calypr/git-drs/client/indexd/add_url.go:273.2,275.16 2 0
github.com/calypr/git-drs/client/indexd/add_url.go:275.16,277.3 1 0
github.com/calypr/git-drs/client/indexd/add_url.go:278.2,278.20 1 0
github.com/calypr/git-drs/client/indexd/add_url.go:282.159,289.27 4 0
github.com/calypr/git-drs/client/indexd/add_url.go:289.27,291.3 1 0
github.com/calypr/git-drs/client/indexd/add_url.go:294.2,294.23 1 0
github.com/calypr/git-drs/client/indexd/add_url.go:294.23,296.3 1 0
github.com/calypr/git-drs/client/indexd/add_url.go:299.2,299.60 1 0
github.com/calypr/git-drs/client/indexd/add_url.go:299.60,301.3 1 0
github.com/calypr/git-drs/client/indexd/add_url.go:304.2,305.16 2 0
github.com/calypr/git-drs/client/indexd/add_url.go:305.16,307.3 1 0
github.com/calypr/git-drs/client/indexd/add_url.go:310.2,311.16 2 0
github.com/calypr/git-drs/client/indexd/add_url.go:311.16,313.3 1 0
github.com/calypr/git-drs/client/indexd/add_url.go:314.2,314.12 1 0
github.com/calypr/git-drs/client/indexd/add_url.go:314.12,316.3 1 0
github.com/calypr/git-drs/client/indexd/add_url.go:319.2,321.16 3 0
github.com/calypr/git-drs/client/indexd/add_url.go:321.16,323.43 1 0
github.com/calypr/git-drs/client/indexd/add_url.go:323.43,325.4 1 0
github.com/calypr/git-drs/client/indexd/add_url.go:326.3,326.76 1 0
github.com/calypr/git-drs/client/indexd/add_url.go:330.2,337.16 6 0
github.com/calypr/git-drs/client/indexd/add_url.go:337.16,339.3 1 0
github.com/calypr/git-drs/client/indexd/add_url.go:342.2,343.16 2 0
github.com/calypr/git-drs/client/indexd/add_url.go:343.16,345.3 1 0
github.com/calypr/git-drs/client/indexd/add_url.go:346.2,346.71 1 0
github.com/calypr/git-drs/client/indexd/add_url.go:346.71,348.3 1 0
github.com/calypr/git-drs/client/indexd/add_url.go:350.2,355.8 2 0
github.com/calypr/git-drs/client/indexd/auth_handler.go:22.67,24.2 1 22
github.com/calypr/git-drs/client/indexd/auth_handler.go:27.59,31.16 3 22
github.com/calypr/git-drs/client/indexd/auth_handler.go:31.16,33.3 1 0
github.com/calypr/git-drs/client/indexd/auth_handler.go:36.2,36.54 1 22
github.com/calypr/git-drs/client/indexd/auth_handler.go:36.54,37.45 1 22
github.com/calypr/git-drs/client/indexd/auth_handler.go:37.45,41.4 3 22
github.com/calypr/git-drs/client/indexd/auth_handler.go:43.2,43.100 1 0
github.com/calypr/git-drs/client/indexd/auth_handler.go:47.69,52.16 3 22
github.com/calypr/git-drs/client/indexd/auth_handler.go:52.16,54.3 1 0
github.com/calypr/git-drs/client/indexd/auth_handler.go:54.8,54.42 1 22
github.com/calypr/git-drs/client/indexd/auth_handler.go:54.42,56.3 1 2
github.com/calypr/git-drs/client/indexd/auth_handler.go:58.2,58.17 1 22
github.com/calypr/git-drs/client/indexd/auth_handler.go:58.17,62.17 3 2
github.com/calypr/git-drs/client/indexd/auth_handler.go:62.17,64.4 1 0
github.com/calypr/git-drs/client/indexd/auth_handler.go:65.3,68.10 4 2
github.com/calypr/git-drs/client/indexd/auth_handler.go:68.10,70.4 1 0
github.com/calypr/git-drs/client/indexd/auth_handler.go:71.3,72.17 2 2
github.com/calypr/git-drs/client/indexd/auth_handler.go:72.17,74.4 1 0
github.com/calypr/git-drs/client/indexd/auth_handler.go:75.3,77.17 3 2
github.com/calypr/git-drs/client/indexd/auth_handler.go:77.17,79.4 1 0
github.com/calypr/git-drs/client/indexd/auth_handler.go:81.2,81.12 1 22
github.com/calypr/git-drs/client/indexd/auth_handler.go:84.68,86.2 1 22
github.com/calypr/git-drs/client/indexd/auth_handler.go:88.92,90.16 2 22
github.com/calypr/git-drs/client/indexd/auth_handler.go:90.16,92.3 1 0
github.com/calypr/git-drs/client/indexd/auth_handler.go:94.2,96.12 3 22
github.com/calypr/git-drs/client/indexd/convert.go:13.78,25.2 2 4
github.com/calypr/git-drs/client/indexd/convert.go:27.79,29.16 2 8
github.com/calypr/git-drs/client/indexd/convert.go:29.16,31.3 1 0
github.com/calypr/git-drs/client/indexd/convert.go:32.2,32.35 1 8
github.com/calypr/git-drs/client/indexd/convert.go:32.35,33.64 1 8
github.com/calypr/git-drs/client/indexd/convert.go:33.64,35.4 1 0
github.com/calypr/git-drs/client/indexd/convert.go:38.2,46.8 1 8
github.com/calypr/git-drs/client/indexd/convert.go:49.96,51.33 2 8
github.com/calypr/git-drs/client/indexd/convert.go:51.33,56.17 4 8
github.com/calypr/git-drs/client/indexd/convert.go:56.17,58.4 1 0
github.com/calypr/git-drs/client/indexd/convert.go:59.3,59.26 1 8
github.com/calypr/git-drs/client/indexd/convert.go:59.26,62.4 1 0
github.com/calypr/git-drs/client/indexd/convert.go:62.9,64.4 1 8
github.com/calypr/git-drs/client/indexd/convert.go:67.3,67.19 1 8
github.com/calypr/git-drs/client/indexd/convert.go:67.19,69.4 1 0
github.com/calypr/git-drs/client/indexd/convert.go:73.3,74.48 2 8
github.com/calypr/git-drs/client/indexd/convert.go:76.2,76.27 1 8
github.com/calypr/git-drs/client/indexd/convert.go:80.81,82.39 2 4
github.com/calypr/git-drs/client/indexd/convert.go:82.39,83.35 1 4
github.com/calypr/git-drs/client/indexd/convert.go:83.35,85.4 1 4
github.com/calypr/git-drs/client/indexd/convert.go:87.2,87.14 1 4
github.com/calypr/git-drs/client/indexd/convert.go:90.76,92.39 2 4
github.com/calypr/git-drs/client/indexd/convert.go:92.39,94.3 1 4
github.com/calypr/git-drs/client/indexd/convert.go:95.2,95.13 1 4
github.com/calypr/git-drs/client/indexd/convert.go:98.64,100.16 2 0
github.com/calypr/git-drs/client/indexd/convert.go:100.16,102.3 1 0
github.com/calypr/git-drs/client/indexd/convert.go:103.2,103.15 1 0
github.com/calypr/git-drs/client/indexd/gen3_remote.go:18.43,20.2 1 38
github.com/calypr/git-drs/client/indexd/gen3_remote.go:22.42,24.2 1 0
github.com/calypr/git-drs/client/indexd/gen3_remote.go:26.44,28.2 1 38
github.com/calypr/git-drs/client/indexd/gen3_remote.go:30.104,32.16 2 32
github.com/calypr/git-drs/client/indexd/gen3_remote.go:32.16,34.3 1 0
github.com/calypr/git-drs/client/indexd/gen3_remote.go:35.2,35.42 1 32
github.com/calypr/git-drs/client/indexd/indexd_client.go:56.119,61.21 3 32
github.com/calypr/git-drs/client/indexd/indexd_client.go:61.21,63.3 1 0
github.com/calypr/git-drs/client/indexd/indexd_client.go:65.2,66.22 2 32
github.com/calypr/git-drs/client/indexd/indexd_client.go:66.22,68.3 1 0
github.com/calypr/git-drs/client/indexd/indexd_client.go:70.2,83.99 5 32
github.com/calypr/git-drs/client/indexd/indexd_client.go:83.99,84.69 1 22
github.com/calypr/git-drs/client/indexd/indexd_client.go:84.69,89.4 1 2
github.com/calypr/git-drs/client/indexd/indexd_client.go:90.3,90.38 1 20
github.com/calypr/git-drs/client/indexd/indexd_client.go:90.38,94.22 3 20
github.com/calypr/git-drs/client/indexd/indexd_client.go:94.22,95.62 1 20
github.com/calypr/git-drs/client/indexd/indexd_client.go:95.62,98.6 1 0
github.com/calypr/git-drs/client/indexd/indexd_client.go:102.3,102.58 1 20
github.com/calypr/git-drs/client/indexd/indexd_client.go:105.2,112.16 6 32
github.com/calypr/git-drs/client/indexd/indexd_client.go:112.16,114.3 1 0
github.com/calypr/git-drs/client/indexd/indexd_client.go:116.2,129.8 3 32
github.com/calypr/git-drs/client/indexd/indexd_client.go:132.47,134.2 1 4
github.com/calypr/git-drs/client/indexd/indexd_client.go:136.76,141.16 4 32
github.com/calypr/git-drs/client/indexd/indexd_client.go:141.16,143.3 1 0
github.com/calypr/git-drs/client/indexd/indexd_client.go:145.2,148.16 3 32
github.com/calypr/git-drs/client/indexd/indexd_client.go:148.16,150.3 1 0
github.com/calypr/git-drs/client/indexd/indexd_client.go:151.2,151.20 1 32
github.com/calypr/git-drs/client/indexd/indexd_client.go:154.77,159.16 4 32
github.com/calypr/git-drs/client/indexd/indexd_client.go:159.16,161.3 1 0
github.com/calypr/git-drs/client/indexd/indexd_client.go:163.2,166.16 3 32
github.com/calypr/git-drs/client/indexd/indexd_client.go:166.16,168.3 1 0
github.com/calypr/git-drs/client/indexd/indexd_client.go:170.2,170.32 1 32
github.com/calypr/git-drs/client/indexd/indexd_client.go:170.32,172.3 1 0
github.com/calypr/git-drs/client/indexd/indexd_client.go:174.2,174.20 1 32
github.com/calypr/git-drs/client/indexd/indexd_client.go:179.54,180.53 1 2
github.com/calypr/git-drs/client/indexd/indexd_client.go:180.53,182.3 1 2
github.com/calypr/git-drs/client/indexd/indexd_client.go:183.2,183.85 1 0
github.com/calypr/git-drs/client/indexd/indexd_client.go:186.72,188.16 2 0
github.com/calypr/git-drs/client/indexd/indexd_client.go:188.16,190.3 1 0
github.com/calypr/git-drs/client/indexd/indexd_client.go:191.2,191.24 1 0
github.com/calypr/git-drs/client/indexd/indexd_client.go:191.24,192.77 1 0
github.com/calypr/git-drs/client/indexd/indexd_client.go:192.77,193.50 1 0
github.com/calypr/git-drs/client/indexd/indexd_client.go:193.50,195.19 2 0
github.com/calypr/git-drs/client/indexd/indexd_client.go:195.19,197.14 2 0
github.com/calypr/git-drs/client/indexd/indexd_client.go:202.2,202.12 1 0
github.com/calypr/git-drs/client/indexd/indexd_client.go:205.56,208.16 2 0
github.com/calypr/git-drs/client/indexd/indexd_client.go:208.16,210.3 1 0
github.com/calypr/git-drs/client/indexd/indexd_client.go:211.2,211.22 1 0
github.com/calypr/git-drs/client/indexd/indexd_client.go:211.22,213.3 1 0
github.com/calypr/git-drs/client/indexd/indexd_client.go:216.2,217.16 2 0
github.com/calypr/git-drs/client/indexd/indexd_client.go:217.16,219.3 1 0
github.com/calypr/git-drs/client/indexd/indexd_client.go:220.2,220.27 1 0
github.com/calypr/git-drs/client/indexd/indexd_client.go:220.27,222.3 1 0
github.com/calypr/git-drs/client/indexd/indexd_client.go:225.2,225.49 1 0
github.com/calypr/git-drs/client/indexd/indexd_client.go:228.62,231.16 2 2
github.com/calypr/git-drs/client/indexd/indexd_client.go:231.16,233.3 1 0
github.com/calypr/git-drs/client/indexd/indexd_client.go:236.2,238.16 3 2
github.com/calypr/git-drs/client/indexd/indexd_client.go:238.16,240.3 1 0
github.com/calypr/git-drs/client/indexd/indexd_client.go:242.2,243.16 2 2
github.com/calypr/git-drs/client/indexd/indexd_client.go:243.16,245.3 1 0
github.com/calypr/git-drs/client/indexd/indexd_client.go:247.2,250.16 3 2
github.com/calypr/git-drs/client/indexd/indexd_client.go:250.16,252.3 1 0
github.com/calypr/git-drs/client/indexd/indexd_client.go:253.2,256.31 2 2
github.com/calypr/git-drs/client/indexd/indexd_client.go:256.31,258.21 2 0
github.com/calypr/git-drs/client/indexd/indexd_client.go:258.21,260.4 1 0
github.com/calypr/git-drs/client/indexd/indexd_client.go:261.3,262.99 2 0
github.com/calypr/git-drs/client/indexd/indexd_client.go:264.2,264.12 1 2
github.com/calypr/git-drs/client/indexd/indexd_client.go:267.87,270.16 2 0
github.com/calypr/git-drs/client/indexd/indexd_client.go:270.16,272.3 1 0
github.com/calypr/git-drs/client/indexd/indexd_client.go:274.2,274.46 1 0
github.com/calypr/git-drs/client/indexd/indexd_client.go:278.76,284.16 3 4
github.com/calypr/git-drs/client/indexd/indexd_client.go:284.16,287.3 2 0
github.com/calypr/git-drs/client/indexd/indexd_client.go:288.2,288.51 1 4
github.com/calypr/git-drs/client/indexd/indexd_client.go:291.112,292.23 1 4
github.com/calypr/git-drs/client/indexd/indexd_client.go:292.23,295.3 2 0
github.com/calypr/git-drs/client/indexd/indexd_client.go:298.2,299.16 2 4
github.com/calypr/git-drs/client/indexd/indexd_client.go:299.16,302.3 2 0
github.com/calypr/git-drs/client/indexd/indexd_client.go:303.2,303.27 1 4
github.com/calypr/git-drs/client/indexd/indexd_client.go:303.27,306.3 2 0
github.com/calypr/git-drs/client/indexd/indexd_client.go:308.2,312.36 3 4
github.com/calypr/git-drs/client/indexd/indexd_client.go:312.36,315.3 2 0
github.com/calypr/git-drs/client/indexd/indexd_client.go:318.2,319.22 2 4
github.com/calypr/git-drs/client/indexd/indexd_client.go:319.22,322.3 2 0
github.com/calypr/git-drs/client/indexd/indexd_client.go:323.2,326.16 3 4
github.com/calypr/git-drs/client/indexd/indexd_client.go:326.16,328.3 1 0
github.com/calypr/git-drs/client/indexd/indexd_client.go:330.2,330.24 1 4
github.com/calypr/git-drs/client/indexd/indexd_client.go:334.94,340.16 4 8
github.com/calypr/git-drs/client/indexd/indexd_client.go:340.16,342.3 1 0
github.com/calypr/git-drs/client/indexd/indexd_client.go:344.2,345.16 2 8
github.com/calypr/git-drs/client/indexd/indexd_client.go:345.16,347.3 1 0
github.com/calypr/git-drs/client/indexd/indexd_client.go:349.2,350.16 2 8
github.com/calypr/git-drs/client/indexd/indexd_client.go:350.16,352.3 1 0
github.com/calypr/git-drs/client/indexd/indexd_client.go:353.2,353.15 1 8
github.com/calypr/git-drs/client/indexd/indexd_client.go:353.15,354.57 1 8
github.com/calypr/git-drs/client/indexd/indexd_client.go:354.57,356.4 1 0
github.com/calypr/git-drs/client/indexd/indexd_client.go:359.2,363.20 3 8
github.com/calypr/git-drs/client/indexd/indexd_client.go:363.20,365.3 1 0
github.com/calypr/git-drs/client/indexd/indexd_client.go:367.2,367.68 1 8
github.com/calypr/git-drs/client/indexd/indexd_client.go:367.68,369.3 1 0
github.com/calypr/git-drs/client/indexd/indexd_client.go:372.2,372.25 1 8
github.com/calypr/git-drs/client/indexd/indexd_client.go:372.25,374.3 1 0
github.com/calypr/git-drs/client/indexd/indexd_client.go:376.2,378.23 2 8
github.com/calypr/git-drs/client/indexd/indexd_client.go:386.116,391.16 3 4
github.com/calypr/git-drs/client/indexd/indexd_client.go:391.16,393.3 1 0
github.com/calypr/git-drs/client/indexd/indexd_client.go:396.2,397.16 2 4
github.com/calypr/git-drs/client/indexd/indexd_client.go:397.16,399.3 1 0
github.com/calypr/git-drs/client/indexd/indexd_client.go:402.2,403.16 2 4
github.com/calypr/git-drs/client/indexd/indexd_client.go:403.16,405.54 1 2
github.com/calypr/git-drs/client/indexd/indexd_client.go:405.54,406.18 1 2
github.com/calypr/git-drs/client/indexd/indexd_client.go:406.18,408.5 1 0
github.com/calypr/git-drs/client/indexd/indexd_client.go:408.10,411.19 3 2
github.com/calypr/git-drs/client/indexd/indexd_client.go:411.19,413.6 1 0
github.com/calypr/git-drs/client/indexd/indexd_client.go:414.5,415.19 2 2
github.com/calypr/git-drs/client/indexd/indexd_client.go:415.19,417.6 1 0
github.com/calypr/git-drs/client/indexd/indexd_client.go:420.9,422.4 1 0
github.com/calypr/git-drs/client/indexd/indexd_client.go:426.2,427.16 2 4
github.com/calypr/git-drs/client/indexd/indexd_client.go:427.16,429.3 1 0
github.com/calypr/git-drs/client/indexd/indexd_client.go:430.2,430.18 1 4
github.com/calypr/git-drs/client/indexd/indexd_client.go:430.18,433.3 2 2
github.com/calypr/git-drs/client/indexd/indexd_client.go:436.2,437.16 2 2
github.com/calypr/git-drs/client/indexd/indexd_client.go:437.16,439.3 1 0
github.com/calypr/git-drs/client/indexd/indexd_client.go:442.2,448.16 4 2
github.com/calypr/git-drs/client/indexd/indexd_client.go:448.16,450.3 1 0
github.com/calypr/git-drs/client/indexd/indexd_client.go:452.2,453.16 2 2
github.com/calypr/git-drs/client/indexd/indexd_client.go:453.16,455.3 1 0
github.com/calypr/git-drs/client/indexd/indexd_client.go:456.2,457.16 2 2
github.com/calypr/git-drs/client/indexd/indexd_client.go:457.16,459.3 1 0
github.com/calypr/git-drs/client/indexd/indexd_client.go:460.2,460.28 1 2
github.com/calypr/git-drs/client/indexd/indexd_client.go:460.28,462.17 2 2
github.com/calypr/git-drs/client/indexd/indexd_client.go:462.17,464.4 1 0
github.com/calypr/git-drs/client/indexd/indexd_client.go:467.2,467.44 1 2
github.com/calypr/git-drs/client/indexd/indexd_client.go:467.44,470.17 3 1
github.com/calypr/git-drs/client/indexd/indexd_client.go:470.17,472.4 1 0
github.com/calypr/git-drs/client/indexd/indexd_client.go:473.8,489.17 3 1
github.com/calypr/git-drs/client/indexd/indexd_client.go:489.17,491.4 1 0
github.com/calypr/git-drs/client/indexd/indexd_client.go:493.2,493.23 1 2
github.com/calypr/git-drs/client/indexd/indexd_client.go:497.84,498.22 1 4
github.com/calypr/git-drs/client/indexd/indexd_client.go:498.22,500.3 1 0
github.com/calypr/git-drs/client/indexd/indexd_client.go:501.2,501.39 1 4
github.com/calypr/git-drs/client/indexd/indexd_client.go:501.39,504.3 2 0
github.com/calypr/git-drs/client/indexd/indexd_client.go:505.2,507.16 3 4
github.com/calypr/git-drs/client/indexd/indexd_client.go:507.16,510.3 2 0
github.com/calypr/git-drs/client/indexd/indexd_client.go:511.2,511.25 1 4
github.com/calypr/git-drs/client/indexd/indexd_client.go:511.25,513.3 1 0
github.com/calypr/git-drs/client/indexd/indexd_client.go:515.2,516.16 2 4
github.com/calypr/git-drs/client/indexd/indexd_client.go:516.16,519.3 2 2
github.com/calypr/git-drs/client/indexd/indexd_client.go:520.2,521.18 2 2
github.com/calypr/git-drs/client/indexd/indexd_client.go:524.70,530.16 4 0
github.com/calypr/git-drs/client/indexd/indexd_client.go:530.16,532.3 1 0
github.com/calypr/git-drs/client/indexd/indexd_client.go:534.2,535.16 2 0
github.com/calypr/git-drs/client/indexd/indexd_client.go:535.16,537.3 1 0
github.com/calypr/git-drs/client/indexd/indexd_client.go:539.2,540.16 2 0
github.com/calypr/git-drs/client/indexd/indexd_client.go:540.16,542.3 1 0
github.com/calypr/git-drs/client/indexd/indexd_client.go:543.2,545.30 2 0
github.com/calypr/git-drs/client/indexd/indexd_client.go:545.30,547.3 1 0
github.com/calypr/git-drs/client/indexd/indexd_client.go:549.2,550.73 2 0
github.com/calypr/git-drs/client/indexd/indexd_client.go:550.73,552.3 1 0
github.com/calypr/git-drs/client/indexd/indexd_client.go:553.2,553.53 1 0
github.com/calypr/git-drs/client/indexd/indexd_client.go:557.98,563.16 5 0
github.com/calypr/git-drs/client/indexd/indexd_client.go:563.16,565.3 1 0
github.com/calypr/git-drs/client/indexd/indexd_client.go:567.2,572.12 4 0
github.com/calypr/git-drs/client/indexd/indexd_client.go:572.12,579.14 4 0
github.com/calypr/git-drs/client/indexd/indexd_client.go:579.14,581.18 2 0
github.com/calypr/git-drs/client/indexd/indexd_client.go:581.18,583.10 2 0
github.com/calypr/git-drs/client/indexd/indexd_client.go:586.4,592.68 6 0
github.com/calypr/git-drs/client/indexd/indexd_client.go:592.68,594.10 2 0
github.com/calypr/git-drs/client/indexd/indexd_client.go:597.4,598.18 2 0
github.com/calypr/git-drs/client/indexd/indexd_client.go:598.18,600.10 2 0
github.com/calypr/git-drs/client/indexd/indexd_client.go:604.4,607.18 3 0
github.com/calypr/git-drs/client/indexd/indexd_client.go:607.18,609.10 2 0
github.com/calypr/git-drs/client/indexd/indexd_client.go:612.4,612.44 1 0
github.com/calypr/git-drs/client/indexd/indexd_client.go:612.44,614.10 2 0
github.com/calypr/git-drs/client/indexd/indexd_client.go:617.4,618.60 2 0
github.com/calypr/git-drs/client/indexd/indexd_client.go:618.60,620.10 2 0
github.com/calypr/git-drs/client/indexd/indexd_client.go:623.4,623.30 1 0
github.com/calypr/git-drs/client/indexd/indexd_client.go:623.30,625.5 1 0
github.com/calypr/git-drs/client/indexd/indexd_client.go:627.4,627.38 1 0
github.com/calypr/git-drs/client/indexd/indexd_client.go:627.38,629.19 2 0
github.com/calypr/git-drs/client/indexd/indexd_client.go:629.19,632.14 2 0
github.com/calypr/git-drs/client/indexd/indexd_client.go:634.5,634.47 1 0
github.com/calypr/git-drs/client/indexd/indexd_client.go:636.4,636.13 1 0
github.com/calypr/git-drs/client/indexd/indexd_client.go:640.3,640.26 1 0
github.com/calypr/git-drs/client/indexd/indexd_client.go:640.26,642.4 1 0
github.com/calypr/git-drs/client/indexd/indexd_client.go:645.2,645.17 1 0
github.com/calypr/git-drs/client/indexd/indexd_client.go:650.95,657.16 3 6
github.com/calypr/git-drs/client/indexd/indexd_client.go:657.16,659.3 1 0
github.com/calypr/git-drs/client/indexd/indexd_client.go:661.2,669.16 5 6
github.com/calypr/git-drs/client/indexd/indexd_client.go:669.16,671.3 1 0
github.com/calypr/git-drs/client/indexd/indexd_client.go:673.2,678.16 4 6
github.com/calypr/git-drs/client/indexd/indexd_client.go:678.16,680.3 1 0
github.com/calypr/git-drs/client/indexd/indexd_client.go:682.2,684.16 3 6
github.com/calypr/git-drs/client/indexd/indexd_client.go:684.16,686.3 1 0
github.com/calypr/git-drs/client/indexd/indexd_client.go:687.2,691.42 3 6
github.com/calypr/git-drs/client/indexd/indexd_client.go:691.42,694.3 2 2
github.com/calypr/git-drs/client/indexd/indexd_client.go:695.2,699.16 3 4
github.com/calypr/git-drs/client/indexd/indexd_client.go:699.16,701.3 1 0
github.com/calypr/git-drs/client/indexd/indexd_client.go:702.2,702.20 1 4
github.com/calypr/git-drs/client/indexd/indexd_client.go:706.62,709.16 2 0
github.com/calypr/git-drs/client/indexd/indexd_client.go:709.16,711.3 1 0
github.com/calypr/git-drs/client/indexd/indexd_client.go:714.2,716.16 3 0
github.com/calypr/git-drs/client/indexd/indexd_client.go:716.16,718.3 1 0
github.com/calypr/git-drs/client/indexd/indexd_client.go:720.2,721.16 2 0
github.com/calypr/git-drs/client/indexd/indexd_client.go:721.16,723.3 1 0
github.com/calypr/git-drs/client/indexd/indexd_client.go:725.2,727.16 3 0
github.com/calypr/git-drs/client/indexd/indexd_client.go:727.16,729.3 1 0
github.com/calypr/git-drs/client/indexd/indexd_client.go:730.2,732.31 2 0
github.com/calypr/git-drs/client/indexd/indexd_client.go:732.31,734.21 2 0
github.com/calypr/git-drs/client/indexd/indexd_client.go:734.21,736.4 1 0
github.com/calypr/git-drs/client/indexd/indexd_client.go:737.3,738.99 2 0
github.com/calypr/git-drs/client/indexd/indexd_client.go:740.2,740.12 1 0
github.com/calypr/git-drs/client/indexd/indexd_client.go:744.86,749.16 4 4
github.com/calypr/git-drs/client/indexd/indexd_client.go:749.16,752.3 2 0
github.com/calypr/git-drs/client/indexd/indexd_client.go:753.2,756.16 3 4
github.com/calypr/git-drs/client/indexd/indexd_client.go:756.16,758.3 1 0
github.com/calypr/git-drs/client/indexd/indexd_client.go:759.2,763.16 3 4
github.com/calypr/git-drs/client/indexd/indexd_client.go:763.16,765.3 1 0
github.com/calypr/git-drs/client/indexd/indexd_client.go:766.2,768.38 2 4
github.com/calypr/git-drs/client/indexd/indexd_client.go:768.38,771.3 2 0
github.com/calypr/git-drs/client/indexd/indexd_client.go:774.2,776.16 3 4
github.com/calypr/git-drs/client/indexd/indexd_client.go:776.16,778.3 1 0
github.com/calypr/git-drs/client/indexd/indexd_client.go:780.2,785.31 3 4
github.com/calypr/git-drs/client/indexd/indexd_client.go:785.31,787.3 1 0
github.com/calypr/git-drs/client/indexd/indexd_client.go:789.2,791.41 2 4
github.com/calypr/git-drs/client/indexd/indexd_client.go:791.41,794.34 2 6
github.com/calypr/git-drs/client/indexd/indexd_client.go:794.34,795.25 1 6
github.com/calypr/git-drs/client/indexd/indexd_client.go:795.25,797.10 2 4
github.com/calypr/git-drs/client/indexd/indexd_client.go:800.3,800.13 1 6
github.com/calypr/git-drs/client/indexd/indexd_client.go:800.13,801.12 1 2
github.com/calypr/git-drs/client/indexd/indexd_client.go:804.3,805.17 2 4
github.com/calypr/git-drs/client/indexd/indexd_client.go:805.17,807.4 1 0
github.com/calypr/git-drs/client/indexd/indexd_client.go:808.3,808.29 1 4
github.com/calypr/git-drs/client/indexd/indexd_client.go:811.2,811.17 1 4
github.com/calypr/git-drs/client/indexd/indexd_client.go:816.96,817.16 1 0
github.com/calypr/git-drs/client/indexd/indexd_client.go:817.16,819.3 1 0
github.com/calypr/git-drs/client/indexd/indexd_client.go:821.2,825.16 3 0
github.com/calypr/git-drs/client/indexd/indexd_client.go:825.16,827.3 1 0
github.com/calypr/git-drs/client/indexd/indexd_client.go:829.2,830.33 2 0
github.com/calypr/git-drs/client/indexd/indexd_client.go:830.33,831.29 1 0
github.com/calypr/git-drs/client/indexd/indexd_client.go:831.29,833.4 1 0
github.com/calypr/git-drs/client/indexd/indexd_client.go:834.3,837.27 2 0
github.com/calypr/git-drs/client/indexd/indexd_client.go:837.27,839.14 1 0
github.com/calypr/git-drs/client/indexd/indexd_client.go:839.14,840.23 1 0
github.com/calypr/git-drs/client/indexd/indexd_client.go:840.24,841.6 0 0
github.com/calypr/git-drs/client/indexd/indexd_client.go:843.4,843.9 1 0
github.com/calypr/git-drs/client/indexd/indexd_client.go:847.2,848.20 2 0
github.com/calypr/git-drs/client/indexd/indexd_client.go:852.73,864.12 7 0
github.com/calypr/git-drs/client/indexd/indexd_client.go:864.12,867.14 3 0
github.com/calypr/git-drs/client/indexd/indexd_client.go:867.14,870.18 2 0
github.com/calypr/git-drs/client/indexd/indexd_client.go:870.18,874.5 3 0
github.com/calypr/git-drs/client/indexd/indexd_client.go:876.4,882.18 6 0
github.com/calypr/git-drs/client/indexd/indexd_client.go:882.18,886.5 3 0
github.com/calypr/git-drs/client/indexd/indexd_client.go:889.4,891.18 2 0
github.com/calypr/git-drs/client/indexd/indexd_client.go:891.18,895.5 3 0
github.com/calypr/git-drs/client/indexd/indexd_client.go:897.4,899.18 3 0
github.com/calypr/git-drs/client/indexd/indexd_client.go:899.18,903.5 3 0
github.com/calypr/git-drs/client/indexd/indexd_client.go:904.4,904.44 1 0
github.com/calypr/git-drs/client/indexd/indexd_client.go:904.44,908.5 3 0
github.com/calypr/git-drs/client/indexd/indexd_client.go:911.4,913.18 3 0
github.com/calypr/git-drs/client/indexd/indexd_client.go:913.18,917.5 3 0
github.com/calypr/git-drs/client/indexd/indexd_client.go:918.4,918.41 1 0
github.com/calypr/git-drs/client/indexd/indexd_client.go:918.41,920.5 1 0
github.com/calypr/git-drs/client/indexd/indexd_client.go:921.4,921.33 1 0
github.com/calypr/git-drs/client/indexd/indexd_client.go:921.33,923.5 1 0
github.com/calypr/git-drs/client/indexd/indexd_client.go:924.4,924.13 1 0
github.com/calypr/git-drs/client/indexd/indexd_client.go:927.3,927.69 1 0
github.com/calypr/git-drs/client/indexd/indexd_client.go:929.2,929.17 1 0
github.com/calypr/git-drs/client/indexd/indexd_client.go:934.101,937.16 2 0
github.com/calypr/git-drs/client/indexd/indexd_client.go:937.16,939.3 1 0
github.com/calypr/git-drs/client/indexd/indexd_client.go:942.2,953.39 2 0
github.com/calypr/git-drs/client/indexd/indexd_client.go:953.39,956.46 2 0
github.com/calypr/git-drs/client/indexd/indexd_client.go:956.46,958.4 1 0
github.com/calypr/git-drs/client/indexd/indexd_client.go:959.3,963.68 3 0
github.com/calypr/git-drs/client/indexd/indexd_client.go:967.2,967.27 1 0
github.com/calypr/git-drs/client/indexd/indexd_client.go:967.27,969.3 1 0
github.com/calypr/git-drs/client/indexd/indexd_client.go:972.2,972.30 1 0
github.com/calypr/git-drs/client/indexd/indexd_client.go:972.30,974.3 1 0
github.com/calypr/git-drs/client/indexd/indexd_client.go:977.2,977.34 1 0
github.com/calypr/git-drs/client/indexd/indexd_client.go:977.34,978.36 1 0
github.com/calypr/git-drs/client/indexd/indexd_client.go:978.36,980.4 1 0
github.com/calypr/git-drs/client/indexd/indexd_client.go:981.3,981.65 1 0
github.com/calypr/git-drs/client/indexd/indexd_client.go:984.2,985.16 2 0
github.com/calypr/git-drs/client/indexd/indexd_client.go:985.16,987.3 1 0
github.com/calypr/git-drs/client/indexd/indexd_client.go:989.2,995.16 4 0
github.com/calypr/git-drs/client/indexd/indexd_client.go:995.16,997.3 1 0
github.com/calypr/git-drs/client/indexd/indexd_client.go:1000.2,1004.16 4 0
github.com/calypr/git-drs/client/indexd/indexd_client.go:1004.16,1006.3 1 0
github.com/calypr/git-drs/client/indexd/indexd_client.go:1008.2,1012.16 3 0
github.com/calypr/git-drs/client/indexd/indexd_client.go:1012.16,1014.3 1 0
github.com/calypr/git-drs/client/indexd/indexd_client.go:1015.2,1018.42 2 0
github.com/calypr/git-drs/client/indexd/indexd_client.go:1018.42,1021.3 2 0
github.com/calypr/git-drs/client/indexd/indexd_client.go:1023.2,1027.16 3 0
github.com/calypr/git-drs/client/indexd/indexd_client.go:1027.16,1029.3 1 0
github.com/calypr/git-drs/client/indexd/indexd_client.go:1031.2,1032.27 2 0
github.com/calypr/git-drs/client/indexd/indexd_client.go:1036.79,1040.16 3 0
github.com/calypr/git-drs/client/indexd/indexd_client.go:1040.16,1042.3 1 0
github.com/calypr/git-drs/client/indexd/indexd_client.go:1044.2,1045.16 2 0
github.com/calypr/git-drs/client/indexd/indexd_client.go:1045.16,1047.3 1 0
github.com/calypr/git-drs/client/indexd/indexd_client.go:1048.2,1051.16 3 0
github.com/calypr/git-drs/client/indexd/indexd_client.go:1051.16,1053.3 1 0
github.com/calypr/git-drs/client/indexd/indexd_client.go:1054.2,1056.38 2 0
github.com/calypr/git-drs/client/indexd/indexd_client.go:1056.38,1059.3 2 0
github.com/calypr/git-drs/client/indexd/indexd_client.go:1061.2,1062.72 2 0
github.com/calypr/git-drs/client/indexd/indexd_client.go:1062.72,1064.3 1 0
github.com/calypr/git-drs/client/indexd/indexd_client.go:1066.2,1066.20 1 0
github.com/calypr/git-drs/client/indexd/indexd_client.go:1070.79,1074.16 3 2
github.com/calypr/git-drs/client/indexd/indexd_client.go:1074.16,1076.3 1 0
github.com/calypr/git-drs/client/indexd/indexd_client.go:1078.2,1079.16 2 2
github.com/calypr/git-drs/client/indexd/indexd_client.go:1079.16,1081.3 1 0
github.com/calypr/git-drs/client/indexd/indexd_client.go:1082.2,1085.16 3 2
github.com/calypr/git-drs/client/indexd/indexd_client.go:1085.16,1087.3 1 0
github.com/calypr/git-drs/client/indexd/indexd_client.go:1088.2,1090.38 2 2
github.com/calypr/git-drs/client/indexd/indexd_client.go:1090.38,1093.3 2 0
github.com/calypr/git-drs/client/indexd/indexd_client.go:1095.2,1096.72 2 2
github.com/calypr/git-drs/client/indexd/indexd_client.go:1096.72,1098.3 1 0
github.com/calypr/git-drs/client/indexd/indexd_client.go:1100.2,1100.20 1 2
github.com/calypr/git-drs/client/indexd/records.go:90.62,102.2 1 4
github.com/calypr/git-drs/client/indexd/utils.go:21.168,23.23 1 0
github.com/calypr/git-drs/client/indexd/utils.go:23.23,25.3 1 0
github.com/calypr/git-drs/client/indexd/utils.go:27.2,28.16 2 0
github.com/calypr/git-drs/client/indexd/utils.go:28.16,30.3 1 0
github.com/calypr/git-drs/client/indexd/utils.go:33.2,33.24 1 0
github.com/calypr/git-drs/client/indexd/utils.go:33.24,34.56 1 0
github.com/calypr/git-drs/client/indexd/utils.go:34.56,36.4 1 0
github.com/calypr/git-drs/client/indexd/utils.go:39.2,40.16 2 0
github.com/calypr/git-drs/client/indexd/utils.go:40.16,42.3 1 0
github.com/calypr/git-drs/client/indexd/utils.go:43.2,45.38 2 0
github.com/calypr/git-drs/client/indexd/utils.go:45.38,47.3 1 0
github.com/calypr/git-drs/client/indexd/utils.go:50.2,51.86 2 0
github.com/calypr/git-drs/client/indexd/utils.go:51.86,53.3 1 0
github.com/calypr/git-drs/client/indexd/utils.go:55.2,55.58 1 0
github.com/calypr/git-drs/client/indexd/utils.go:55.58,56.50 1 0
github.com/calypr/git-drs/client/indexd/utils.go:56.50,58.4 1 0
github.com/calypr/git-drs/client/indexd/utils.go:59.3,59.72 1 0
github.com/calypr/git-drs/client/indexd/utils.go:62.2,62.17 1 0
github.com/calypr/git-drs/cloud/agent_fetch_reader.go:29.70,39.12 2 1
github.com/calypr/git-drs/cloud/agent_fetch_reader.go:39.12,43.7 4 1
github.com/calypr/git-drs/cloud/agent_fetch_reader.go:43.7,44.11 1 1
github.com/calypr/git-drs/cloud/agent_fetch_reader.go:45.15,49.20 4 0
github.com/calypr/git-drs/cloud/agent_fetch_reader.go:49.20,51.6 1 0
github.com/calypr/git-drs/cloud/agent_fetch_reader.go:53.5,54.17 2 0
github.com/calypr/git-drs/cloud/agent_fetch_reader.go:55.18,61.11 5 1
github.com/calypr/git-drs/cloud/agent_fetch_reader.go:66.2,66.10 1 1
github.com/calypr/git-drs/cloud/agent_fetch_reader.go:69.54,71.11 2 1
github.com/calypr/git-drs/cloud/agent_fetch_reader.go:71.11,73.3 1 1
github.com/calypr/git-drs/cloud/agent_fetch_reader.go:74.2,74.15 1 1
github.com/calypr/git-drs/cloud/agent_fetch_reader.go:77.40,83.2 4 1
github.com/calypr/git-drs/cloud/agent_fetch_reader.go:89.93,90.16 1 1
github.com/calypr/git-drs/cloud/agent_fetch_reader.go:90.16,92.3 1 0
github.com/calypr/git-drs/cloud/agent_fetch_reader.go:94.2,95.15 2 1
github.com/calypr/git-drs/cloud/agent_fetch_reader.go:95.15,97.3 1 0
github.com/calypr/git-drs/cloud/agent_fetch_reader.go:99.2,102.20 2 1
github.com/calypr/git-drs/cloud/agent_fetch_reader.go:102.20,103.141 1 1
github.com/calypr/git-drs/cloud/agent_fetch_reader.go:103.141,105.4 1 0
github.com/calypr/git-drs/cloud/agent_fetch_reader.go:107.3,108.17 2 1
github.com/calypr/git-drs/cloud/agent_fetch_reader.go:108.17,110.4 1 0
github.com/calypr/git-drs/cloud/agent_fetch_reader.go:112.3,113.17 2 1
github.com/calypr/git-drs/cloud/agent_fetch_reader.go:113.17,115.4 1 0
github.com/calypr/git-drs/cloud/agent_fetch_reader.go:117.3,121.17 2 1
github.com/calypr/git-drs/cloud/agent_fetch_reader.go:121.17,123.4 1 0
github.com/calypr/git-drs/cloud/agent_fetch_reader.go:124.3,124.22 1 1
github.com/calypr/git-drs/cloud/agent_fetch_reader.go:124.22,126.4 1 0
github.com/calypr/git-drs/cloud/agent_fetch_reader.go:128.3,129.49 2 1
github.com/calypr/git-drs/cloud/agent_fetch_reader.go:132.2,133.16 2 0
github.com/calypr/git-drs/cloud/agent_fetch_reader.go:133.16,135.3 1 0
github.com/calypr/git-drs/cloud/agent_fetch_reader.go:137.2,138.18 2 0
github.com/calypr/git-drs/cloud/agent_fetch_reader.go:139.12,142.32 3 0
github.com/calypr/git-drs/cloud/agent_fetch_reader.go:142.32,144.4 1 0
github.com/calypr/git-drs/cloud/agent_fetch_reader.go:145.3,145.59 1 0
github.com/calypr/git-drs/cloud/agent_fetch_reader.go:145.59,147.79 1 0
github.com/calypr/git-drs/cloud/agent_fetch_reader.go:147.79,149.5 1 0
github.com/calypr/git-drs/cloud/agent_fetch_reader.go:150.4,150.65 1 0
github.com/calypr/git-drs/cloud/agent_fetch_reader.go:151.9,153.4 1 0
github.com/calypr/git-drs/cloud/agent_fetch_reader.go:154.27,156.21 1 0
github.com/calypr/git-drs/cloud/agent_fetch_reader.go:156.21,158.4 1 0
github.com/calypr/git-drs/cloud/agent_fetch_reader.go:158.9,160.4 1 0
github.com/calypr/git-drs/cloud/agent_fetch_reader.go:161.10,162.82 1 0
github.com/calypr/git-drs/cloud/agent_fetch_reader.go:165.2,166.16 2 0
github.com/calypr/git-drs/cloud/agent_fetch_reader.go:166.16,168.3 1 0
github.com/calypr/git-drs/cloud/agent_fetch_reader.go:170.2,171.16 2 0
github.com/calypr/git-drs/cloud/agent_fetch_reader.go:171.16,173.3 1 0
github.com/calypr/git-drs/cloud/agent_fetch_reader.go:175.2,175.53 1 0
github.com/calypr/git-drs/cloud/agent_fetch_reader.go:175.53,176.67 1 0
github.com/calypr/git-drs/cloud/agent_fetch_reader.go:176.67,179.4 2 0
github.com/calypr/git-drs/cloud/agent_fetch_reader.go:180.3,180.53 1 0
github.com/calypr/git-drs/cloud/agent_fetch_reader.go:180.53,182.4 1 0
github.com/calypr/git-drs/cloud/agent_fetch_reader.go:183.3,183.103 1 0
github.com/calypr/git-drs/cloud/agent_fetch_reader.go:186.2,186.22 1 0
github.com/calypr/git-drs/cloud/agent_fetch_reader.go:186.22,188.3 1 0
github.com/calypr/git-drs/cloud/agent_fetch_reader.go:190.2,191.49 2 0
github.com/calypr/git-drs/cloud/download.go:12.64,15.16 2 4
github.com/calypr/git-drs/cloud/download.go:15.16,17.3 1 0
github.com/calypr/git-drs/cloud/download.go:18.2,21.46 2 4
github.com/calypr/git-drs/cloud/download.go:21.46,23.17 2 0
github.com/calypr/git-drs/cloud/download.go:23.17,25.4 1 0
github.com/calypr/git-drs/cloud/download.go:26.3,26.119 1 0
github.com/calypr/git-drs/cloud/download.go:30.2,31.16 2 4
github.com/calypr/git-drs/cloud/download.go:31.16,33.3 1 0
github.com/calypr/git-drs/cloud/download.go:36.2,37.16 2 4
github.com/calypr/git-drs/cloud/download.go:37.16,39.3 1 0
github.com/calypr/git-drs/cloud/download.go:40.2,44.16 3 4
github.com/calypr/git-drs/cloud/download.go:44.16,46.3 1 0
github.com/calypr/git-drs/cloud/download.go:48.2,48.12 1 4
github.com/calypr/git-drs/cloud/downloader.go:14.120,18.20 3 1
github.com/calypr/git-drs/cloud/downloader.go:18.20,21.3 2 1
github.com/calypr/git-drs/cloud/downloader.go:22.2,23.19 2 1
github.com/calypr/git-drs/cloud/downloader.go:23.19,25.3 1 0
github.com/calypr/git-drs/cloud/downloader.go:26.2,32.50 3 1
github.com/calypr/git-drs/cloud/downloader.go:32.50,34.3 1 0
github.com/calypr/git-drs/cloud/downloader.go:36.2,37.16 2 1
github.com/calypr/git-drs/cloud/downloader.go:37.16,39.3 1 0
github.com/calypr/git-drs/cloud/downloader.go:41.2,41.15 1 1
github.com/calypr/git-drs/cloud/downloader.go:41.15,42.15 1 1
github.com/calypr/git-drs/cloud/downloader.go:42.15,43.52 1 0
github.com/calypr/git-drs/cloud/downloader.go:43.52,45.5 1 0
github.com/calypr/git-drs/cloud/downloader.go:49.2,53.16 4 1
github.com/calypr/git-drs/cloud/downloader.go:53.16,55.3 1 0
github.com/calypr/git-drs/cloud/downloader.go:57.2,57.15 1 1
github.com/calypr/git-drs/cloud/downloader.go:57.15,58.20 1 1
github.com/calypr/git-drs/cloud/downloader.go:58.20,59.57 1 0
github.com/calypr/git-drs/cloud/downloader.go:59.57,61.5 1 0
github.com/calypr/git-drs/cloud/downloader.go:65.2,66.16 2 1
github.com/calypr/git-drs/cloud/downloader.go:66.16,68.3 1 0
github.com/calypr/git-drs/cloud/downloader.go:71.2,71.41 1 1
github.com/calypr/git-drs/cloud/downloader.go:71.41,73.3 1 0
github.com/calypr/git-drs/cloud/downloader.go:74.2,77.32 2 1
github.com/calypr/git-drs/cloud/downloader.go:77.32,79.3 1 0
github.com/calypr/git-drs/cloud/downloader.go:82.2,82.36 1 1
github.com/calypr/git-drs/cloud/downloader.go:82.36,84.3 1 0
github.com/calypr/git-drs/cloud/downloader.go:85.2,92.33 4 1
github.com/calypr/git-drs/cloud/inspect.go:54.85,55.39 1 2
github.com/calypr/git-drs/cloud/inspect.go:55.39,57.3 1 0
github.com/calypr/git-drs/cloud/inspect.go:58.2,58.43 1 2
github.com/calypr/git-drs/cloud/inspect.go:58.43,60.3 1 0
github.com/calypr/git-drs/cloud/inspect.go:61.2,61.52 1 2
github.com/calypr/git-drs/cloud/inspect.go:61.52,63.3 1 0
github.com/calypr/git-drs/cloud/inspect.go:66.2,67.16 2 2
github.com/calypr/git-drs/cloud/inspect.go:67.16,69.3 1 0
github.com/calypr/git-drs/cloud/inspect.go:70.2,71.24 2 2
github.com/calypr/git-drs/cloud/inspect.go:71.24,73.71 2 0
github.com/calypr/git-drs/cloud/inspect.go:73.71,75.4 1 0
github.com/calypr/git-drs/cloud/inspect.go:76.8,76.55 1 2
github.com/calypr/git-drs/cloud/inspect.go:76.55,78.3 1 0
github.com/calypr/git-drs/cloud/inspect.go:81.2,82.16 2 2
github.com/calypr/git-drs/cloud/inspect.go:82.16,84.3 1 0
github.com/calypr/git-drs/cloud/inspect.go:85.2,89.16 2 2
github.com/calypr/git-drs/cloud/inspect.go:89.16,91.3 1 0
github.com/calypr/git-drs/cloud/inspect.go:93.2,97.78 3 2
github.com/calypr/git-drs/cloud/inspect.go:97.78,99.3 1 0
github.com/calypr/git-drs/cloud/inspect.go:101.2,102.30 2 2
github.com/calypr/git-drs/cloud/inspect.go:102.30,104.3 1 2
github.com/calypr/git-drs/cloud/inspect.go:106.2,106.31 1 2
github.com/calypr/git-drs/cloud/inspect.go:106.31,108.3 1 0
github.com/calypr/git-drs/cloud/inspect.go:109.2,112.22 3 2
github.com/calypr/git-drs/cloud/inspect.go:112.22,114.3 1 2
github.com/calypr/git-drs/cloud/inspect.go:116.2,125.17 2 2
github.com/calypr/git-drs/cloud/inspect.go:136.53,138.16 2 3
github.com/calypr/git-drs/cloud/inspect.go:138.16,140.3 1 0
github.com/calypr/git-drs/cloud/inspect.go:142.2,142.18 1 3
github.com/calypr/git-drs/cloud/inspect.go:143.12,146.26 3 3
github.com/calypr/git-drs/cloud/inspect.go:147.23,151.62 2 0
github.com/calypr/git-drs/cloud/inspect.go:151.62,155.4 3 0
github.com/calypr/git-drs/cloud/inspect.go:158.3,159.17 2 0
github.com/calypr/git-drs/cloud/inspect.go:159.17,161.4 1 0
github.com/calypr/git-drs/cloud/inspect.go:162.3,165.22 4 0
github.com/calypr/git-drs/cloud/inspect.go:165.22,167.4 1 0
github.com/calypr/git-drs/cloud/inspect.go:168.3,168.26 1 0
github.com/calypr/git-drs/cloud/inspect.go:169.10,170.64 1 0
github.com/calypr/git-drs/cloud/inspect.go:174.82,192.16 4 3
github.com/calypr/git-drs/cloud/inspect.go:192.16,194.3 1 0
github.com/calypr/git-drs/cloud/inspect.go:196.2,197.45 2 3
github.com/calypr/git-drs/cloud/inspect.go:197.45,199.43 2 3
github.com/calypr/git-drs/cloud/inspect.go:199.43,202.4 2 3
github.com/calypr/git-drs/cloud/inspect.go:205.2,205.44 1 3
github.com/calypr/git-drs/cloud/inspect.go:214.39,218.13 4 2
github.com/calypr/git-drs/cloud/inspect.go:218.13,220.3 1 1
github.com/calypr/git-drs/cloud/inspect.go:221.2,221.33 1 1
github.com/calypr/git-drs/cloud/inspect.go:221.33,225.3 1 0
github.com/calypr/git-drs/cloud/inspect.go:226.2,226.27 1 1
github.com/calypr/git-drs/cloud/inspect.go:229.61,230.15 1 2
github.com/calypr/git-drs/cloud/inspect.go:230.15,232.3 1 2
github.com/calypr/git-drs/cloud/inspect.go:236.2,244.31 2 0
github.com/calypr/git-drs/cloud/inspect.go:244.31,245.25 1 0
github.com/calypr/git-drs/cloud/inspect.go:245.25,247.15 2 0
github.com/calypr/git-drs/cloud/inspect.go:247.15,249.5 1 0
github.com/calypr/git-drs/cloud/inspect.go:254.2,254.23 1 0
github.com/calypr/git-drs/cloud/inspect.go:254.23,255.39 1 0
github.com/calypr/git-drs/cloud/inspect.go:255.39,257.4 1 0
github.com/calypr/git-drs/cloud/inspect.go:260.2,260.11 1 0
github.com/calypr/git-drs/cloud/s3.go:49.96,53.2 1 0
github.com/calypr/git-drs/cloud/s3.go:66.51,67.33 1 0
github.com/calypr/git-drs/cloud/s3.go:67.33,69.3 1 0
github.com/calypr/git-drs/cloud/s3.go:73.55,74.33 1 0
github.com/calypr/git-drs/cloud/s3.go:74.33,76.3 1 0
github.com/calypr/git-drs/cloud/s3.go:80.51,81.33 1 0
github.com/calypr/git-drs/cloud/s3.go:81.33,83.3 1 0
github.com/calypr/git-drs/cloud/validate.go:9.56,10.40 1 0
github.com/calypr/git-drs/cloud/validate.go:10.40,12.3 1 0
github.com/calypr/git-drs/cloud/validate.go:15.2,16.23 2 0
github.com/calypr/git-drs/cloud/validate.go:16.23,18.3 1 0
github.com/calypr/git-drs/cloud/validate.go:20.2,20.52 1 0
github.com/calypr/git-drs/cloud/validate.go:20.52,22.3 1 0
github.com/calypr/git-drs/cloud/validate.go:24.2,24.12 1 0
github.com/calypr/git-drs/cmd/root.go:31.61,33.3 0 51
github.com/calypr/git-drs/cmd/root.go:36.13,60.2 22 51
github.com/calypr/git-drs/cmd/addref/add-ref.go:21.54,30.17 6 0
github.com/calypr/git-drs/cmd/addref/add-ref.go:30.17,32.4 1 0
github.com/calypr/git-drs/cmd/addref/add-ref.go:34.3,35.17 2 0
github.com/calypr/git-drs/cmd/addref/add-ref.go:35.17,38.4 2 0
github.com/calypr/git-drs/cmd/addref/add-ref.go:40.3,41.17 2 0
github.com/calypr/git-drs/cmd/addref/add-ref.go:41.17,43.4 1 0
github.com/calypr/git-drs/cmd/addref/add-ref.go:45.3,46.17 2 0
github.com/calypr/git-drs/cmd/addref/add-ref.go:46.17,48.4 1 0
github.com/calypr/git-drs/cmd/addref/add-ref.go:49.3,50.70 2 0
github.com/calypr/git-drs/cmd/addref/add-ref.go:50.70,51.51 1 0
github.com/calypr/git-drs/cmd/addref/add-ref.go:51.51,53.5 1 0
github.com/calypr/git-drs/cmd/addref/add-ref.go:55.3,55.19 1 0
github.com/calypr/git-drs/cmd/addref/add-ref.go:55.19,57.4 1 0
github.com/calypr/git-drs/cmd/addref/add-ref.go:58.3,60.25 3 0
github.com/calypr/git-drs/cmd/addref/add-ref.go:60.25,63.4 1 0
github.com/calypr/git-drs/cmd/addref/add-ref.go:65.3,66.13 2 0
github.com/calypr/git-drs/cmd/addref/add-ref.go:70.13,72.2 1 51
github.com/calypr/git-drs/cmd/addurl/main.go:33.34,37.55 1 51
github.com/calypr/git-drs/cmd/addurl/main.go:37.55,38.38 1 2
github.com/calypr/git-drs/cmd/addurl/main.go:38.38,40.5 1 0
github.com/calypr/git-drs/cmd/addurl/main.go:41.4,41.14 1 2
github.com/calypr/git-drs/cmd/addurl/main.go:45.2,46.12 2 51
github.com/calypr/git-drs/cmd/addurl/main.go:51.35,82.2 5 51
github.com/calypr/git-drs/cmd/addurl/main.go:85.63,87.2 1 2
github.com/calypr/git-drs/cmd/addurl/main.go:93.136,95.2 1 1
github.com/calypr/git-drs/cmd/addurl/main.go:111.40,121.2 1 2
github.com/calypr/git-drs/cmd/addurl/main.go:127.70,129.16 2 2
github.com/calypr/git-drs/cmd/addurl/main.go:129.16,131.3 1 0
github.com/calypr/git-drs/cmd/addurl/main.go:133.2,134.16 2 2
github.com/calypr/git-drs/cmd/addurl/main.go:134.16,136.3 1 0
github.com/calypr/git-drs/cmd/addurl/main.go:138.2,139.16 2 2
github.com/calypr/git-drs/cmd/addurl/main.go:139.16,141.3 1 0
github.com/calypr/git-drs/cmd/addurl/main.go:143.2,144.16 2 2
github.com/calypr/git-drs/cmd/addurl/main.go:144.16,146.3 1 0
github.com/calypr/git-drs/cmd/addurl/main.go:148.2,149.16 2 2
github.com/calypr/git-drs/cmd/addurl/main.go:149.16,151.3 1 0
github.com/calypr/git-drs/cmd/addurl/main.go:153.2,154.16 2 2
github.com/calypr/git-drs/cmd/addurl/main.go:154.16,156.3 1 0
github.com/calypr/git-drs/cmd/addurl/main.go:158.2,158.115 1 2
github.com/calypr/git-drs/cmd/addurl/main.go:158.115,160.3 1 0
github.com/calypr/git-drs/cmd/addurl/main.go:162.2,163.16 2 2
github.com/calypr/git-drs/cmd/addurl/main.go:163.16,165.3 1 0
github.com/calypr/git-drs/cmd/addurl/main.go:167.2,167.76 1 2
github.com/calypr/git-drs/cmd/addurl/main.go:167.76,169.3 1 0
github.com/calypr/git-drs/cmd/addurl/main.go:171.2,171.88 1 2
github.com/calypr/git-drs/cmd/addurl/main.go:171.88,173.3 1 0
github.com/calypr/git-drs/cmd/addurl/main.go:175.2,175.81 1 2
github.com/calypr/git-drs/cmd/addurl/main.go:175.81,177.3 1 0
github.com/calypr/git-drs/cmd/addurl/main.go:179.2,180.16 2 2
github.com/calypr/git-drs/cmd/addurl/main.go:180.16,182.3 1 0
github.com/calypr/git-drs/cmd/addurl/main.go:184.2,185.16 2 2
github.com/calypr/git-drs/cmd/addurl/main.go:185.16,187.3 1 0
github.com/calypr/git-drs/cmd/addurl/main.go:189.2,190.25 2 2
github.com/calypr/git-drs/cmd/addurl/main.go:190.25,192.3 1 0
github.com/calypr/git-drs/cmd/addurl/main.go:194.2,201.76 3 2
github.com/calypr/git-drs/cmd/addurl/main.go:201.76,203.3 1 0
github.com/calypr/git-drs/cmd/addurl/main.go:205.2,205.12 1 2
github.com/calypr/git-drs/cmd/addurl/main.go:229.109,230.19 1 2
github.com/calypr/git-drs/cmd/addurl/main.go:230.19,232.3 1 0
github.com/calypr/git-drs/cmd/addurl/main.go:234.2,235.16 2 2
github.com/calypr/git-drs/cmd/addurl/main.go:235.16,237.3 1 0
github.com/calypr/git-drs/cmd/addurl/main.go:240.2,240.55 1 2
github.com/calypr/git-drs/cmd/addurl/main.go:240.55,242.3 1 0
github.com/calypr/git-drs/cmd/addurl/main.go:245.2,246.16 2 2
github.com/calypr/git-drs/cmd/addurl/main.go:246.16,248.3 1 0
github.com/calypr/git-drs/cmd/addurl/main.go:251.2,256.16 4 2
github.com/calypr/git-drs/cmd/addurl/main.go:256.16,258.3 1 0
github.com/calypr/git-drs/cmd/addurl/main.go:260.2,266.17 2 2
github.com/calypr/git-drs/cmd/addurl/main.go:266.17,268.3 1 0
github.com/calypr/git-drs/cmd/addurl/main.go:270.2,270.94 1 2
github.com/calypr/git-drs/cmd/addurl/main.go:270.94,272.3 1 0
github.com/calypr/git-drs/cmd/addurl/main.go:274.2,274.20 1 2
github.com/calypr/git-drs/cmd/addurl/main.go:274.20,276.3 1 0
github.com/calypr/git-drs/cmd/addurl/main.go:278.2,278.12 1 2
github.com/calypr/git-drs/cmd/addurl/main.go:284.79,285.18 1 2
github.com/calypr/git-drs/cmd/addurl/main.go:285.18,287.3 1 0
github.com/calypr/git-drs/cmd/addurl/main.go:288.2,288.47 1 2
github.com/calypr/git-drs/cmd/addurl/main.go:288.47,289.25 1 0
github.com/calypr/git-drs/cmd/addurl/main.go:289.25,291.4 1 0
github.com/calypr/git-drs/cmd/addurl/main.go:291.9,293.4 1 0
github.com/calypr/git-drs/cmd/addurl/main.go:295.2,295.59 1 2
github.com/calypr/git-drs/cmd/addurl/main.go:295.59,297.3 1 0
github.com/calypr/git-drs/cmd/addurl/main.go:298.2,298.58 1 2
github.com/calypr/git-drs/cmd/addurl/main.go:298.58,300.3 1 0
github.com/calypr/git-drs/cmd/addurl/main.go:301.2,301.12 1 2
github.com/calypr/git-drs/cmd/addurl/main.go:307.55,308.19 1 2
github.com/calypr/git-drs/cmd/addurl/main.go:308.19,310.3 1 0
github.com/calypr/git-drs/cmd/addurl/main.go:311.2,312.16 2 2
github.com/calypr/git-drs/cmd/addurl/main.go:312.16,314.3 1 0
github.com/calypr/git-drs/cmd/addurl/main.go:315.2,316.16 2 2
github.com/calypr/git-drs/cmd/addurl/main.go:316.16,318.3 1 0
github.com/calypr/git-drs/cmd/addurl/main.go:319.2,320.27 2 2
github.com/calypr/git-drs/cmd/addurl/main.go:320.27,322.17 2 0
github.com/calypr/git-drs/cmd/addurl/main.go:322.17,324.4 1 0
github.com/calypr/git-drs/cmd/addurl/main.go:325.3,326.17 2 0
github.com/calypr/git-drs/cmd/addurl/main.go:326.17,328.4 1 0
github.com/calypr/git-drs/cmd/addurl/main.go:329.3,329.35 1 0
github.com/calypr/git-drs/cmd/addurl/main.go:329.35,331.4 1 0
github.com/calypr/git-drs/cmd/addurl/main.go:332.3,332.36 1 0
github.com/calypr/git-drs/cmd/addurl/main.go:334.2,334.37 1 2
github.com/calypr/git-drs/cmd/addurl/main.go:339.75,341.2 1 2
github.com/calypr/git-drs/cmd/addurl/main.go:346.73,349.2 2 2
github.com/calypr/git-drs/cmd/addurl/main.go:354.75,356.16 2 2
github.com/calypr/git-drs/cmd/addurl/main.go:356.16,357.37 1 2
github.com/calypr/git-drs/cmd/addurl/main.go:357.37,359.4 1 2
github.com/calypr/git-drs/cmd/addurl/main.go:360.3,360.25 1 0
github.com/calypr/git-drs/cmd/addurl/main.go:362.2,363.53 2 0
github.com/calypr/git-drs/cmd/addurl/main.go:363.53,365.3 1 0
github.com/calypr/git-drs/cmd/addurl/main.go:366.2,366.26 1 0
github.com/calypr/git-drs/cmd/addurl/main.go:372.91,379.16 3 2
github.com/calypr/git-drs/cmd/addurl/main.go:379.16,380.37 1 2
github.com/calypr/git-drs/cmd/addurl/main.go:380.37,382.4 1 2
github.com/calypr/git-drs/cmd/addurl/main.go:383.3,383.18 1 0
github.com/calypr/git-drs/cmd/addurl/main.go:385.2,385.52 1 0
github.com/calypr/git-drs/cmd/addurl/main.go:385.52,387.3 1 0
github.com/calypr/git-drs/cmd/addurl/main.go:388.2,389.19 2 0
github.com/calypr/git-drs/cmd/addurl/main.go:395.114,396.18 1 2
github.com/calypr/git-drs/cmd/addurl/main.go:396.18,398.3 1 0
github.com/calypr/git-drs/cmd/addurl/main.go:399.2,401.16 3 2
github.com/calypr/git-drs/cmd/addurl/main.go:401.16,403.3 1 0
github.com/calypr/git-drs/cmd/addurl/main.go:405.2,406.32 2 2
github.com/calypr/git-drs/cmd/addurl/main.go:406.32,408.3 1 0
github.com/calypr/git-drs/cmd/addurl/main.go:409.2,409.16 1 2
github.com/calypr/git-drs/cmd/addurl/main.go:409.16,411.3 1 2
github.com/calypr/git-drs/cmd/addurl/main.go:412.2,415.42 4 2
github.com/calypr/git-drs/cmd/addurl/main.go:415.42,417.3 1 2
github.com/calypr/git-drs/cmd/addurl/main.go:419.2,419.40 1 2
github.com/calypr/git-drs/cmd/addurl/main.go:425.83,426.18 1 0
github.com/calypr/git-drs/cmd/addurl/main.go:426.18,428.3 1 0
github.com/calypr/git-drs/cmd/addurl/main.go:429.2,431.16 3 0
github.com/calypr/git-drs/cmd/addurl/main.go:431.16,433.3 1 0
github.com/calypr/git-drs/cmd/addurl/main.go:434.2,435.32 2 0
github.com/calypr/git-drs/cmd/addurl/main.go:435.32,436.16 1 0
github.com/calypr/git-drs/cmd/addurl/main.go:436.16,437.12 1 0
github.com/calypr/git-drs/cmd/addurl/main.go:439.3,439.26 1 0
github.com/calypr/git-drs/cmd/addurl/main.go:441.2,444.40 3 0
github.com/calypr/git-drs/cmd/addurl/main.go:448.51,450.23 2 2
github.com/calypr/git-drs/cmd/addurl/main.go:450.23,452.3 1 2
github.com/calypr/git-drs/cmd/addurl/main.go:453.2,454.13 2 2
github.com/calypr/git-drs/cmd/addurl/main.go:460.52,462.48 2 4
github.com/calypr/git-drs/cmd/addurl/main.go:462.48,464.3 1 0
github.com/calypr/git-drs/cmd/addurl/main.go:465.2,467.16 3 4
github.com/calypr/git-drs/cmd/addurl/main.go:467.16,469.3 1 0
github.com/calypr/git-drs/cmd/addurl/main.go:470.2,470.55 1 4
github.com/calypr/git-drs/cmd/addurl/main.go:470.55,472.3 1 0
github.com/calypr/git-drs/cmd/addurl/main.go:473.2,473.29 1 4
github.com/calypr/git-drs/cmd/addurl/main.go:485.79,489.16 3 2
github.com/calypr/git-drs/cmd/addurl/main.go:489.16,491.3 1 0
github.com/calypr/git-drs/cmd/addurl/main.go:493.2,494.16 2 2
github.com/calypr/git-drs/cmd/addurl/main.go:494.16,496.3 1 0
github.com/calypr/git-drs/cmd/addurl/main.go:498.2,499.16 2 2
github.com/calypr/git-drs/cmd/addurl/main.go:499.16,501.3 1 0
github.com/calypr/git-drs/cmd/addurl/main.go:502.2,503.16 2 2
github.com/calypr/git-drs/cmd/addurl/main.go:503.16,505.3 1 0
github.com/calypr/git-drs/cmd/addurl/main.go:506.2,507.16 2 2
github.com/calypr/git-drs/cmd/addurl/main.go:507.16,509.3 1 0
github.com/calypr/git-drs/cmd/addurl/main.go:510.2,511.16 2 2
github.com/calypr/git-drs/cmd/addurl/main.go:511.16,513.3 1 0
github.com/calypr/git-drs/cmd/addurl/main.go:515.2,515.37 1 2
github.com/calypr/git-drs/cmd/addurl/main.go:515.37,517.3 1 0
github.com/calypr/git-drs/cmd/addurl/main.go:518.2,518.21 1 2
github.com/calypr/git-drs/cmd/addurl/main.go:518.21,520.3 1 0
github.com/calypr/git-drs/cmd/addurl/main.go:522.2,537.8 2 2
github.com/calypr/git-drs/cmd/addurl/main.go:542.66,543.20 1 2
github.com/calypr/git-drs/cmd/addurl/main.go:543.20,545.3 1 2
github.com/calypr/git-drs/cmd/addurl/main.go:546.2,547.16 2 0
github.com/calypr/git-drs/cmd/addurl/main.go:547.16,549.3 1 0
github.com/calypr/git-drs/cmd/addurl/main.go:550.2,550.45 1 0
github.com/calypr/git-drs/cmd/addurl/main.go:555.151,591.16 1 2
github.com/calypr/git-drs/cmd/addurl/main.go:591.16,593.3 1 0
github.com/calypr/git-drs/cmd/addurl/main.go:594.2,594.12 1 2
github.com/calypr/git-drs/cmd/addurl/main.go:601.137,602.24 1 2
github.com/calypr/git-drs/cmd/addurl/main.go:602.24,604.3 1 1
github.com/calypr/git-drs/cmd/addurl/main.go:606.2,607.16 2 1
github.com/calypr/git-drs/cmd/addurl/main.go:607.16,609.3 1 0
github.com/calypr/git-drs/cmd/addurl/main.go:611.2,615.50 4 1
github.com/calypr/git-drs/cmd/addurl/main.go:615.50,617.3 1 0
github.com/calypr/git-drs/cmd/addurl/main.go:619.2,619.50 1 1
github.com/calypr/git-drs/cmd/addurl/main.go:619.50,621.3 1 0
github.com/calypr/git-drs/cmd/addurl/main.go:623.2,623.85 1 1
github.com/calypr/git-drs/cmd/addurl/main.go:623.85,625.3 1 0
github.com/calypr/git-drs/cmd/addurl/main.go:627.2,627.25 1 1
github.com/calypr/git-drs/cmd/addurl/main.go:633.67,638.19 2 2
github.com/calypr/git-drs/cmd/addurl/main.go:638.19,640.3 1 0
github.com/calypr/git-drs/cmd/addurl/main.go:641.2,643.30 3 2
github.com/calypr/git-drs/cmd/addurl/main.go:643.30,644.48 1 2
github.com/calypr/git-drs/cmd/addurl/main.go:644.48,646.4 1 0
github.com/calypr/git-drs/cmd/addurl/main.go:648.2,648.70 1 2
github.com/calypr/git-drs/cmd/addurl/main.go:648.70,650.3 1 0
github.com/calypr/git-drs/cmd/addurl/main.go:652.2,652.98 1 2
github.com/calypr/git-drs/cmd/addurl/main.go:652.98,654.3 1 0
github.com/calypr/git-drs/cmd/addurl/main.go:655.2,655.12 1 2
github.com/calypr/git-drs/cmd/addurl/main.go:661.136,662.15 1 2
github.com/calypr/git-drs/cmd/addurl/main.go:662.15,664.3 1 0
github.com/calypr/git-drs/cmd/addurl/main.go:665.2,665.53 1 2
github.com/calypr/git-drs/cmd/addurl/main.go:665.53,667.3 1 0
github.com/calypr/git-drs/cmd/addurl/main.go:669.2,669.132 1 2
github.com/calypr/git-drs/cmd/addurl/main.go:669.132,671.3 1 0
github.com/calypr/git-drs/cmd/addurl/main.go:672.2,672.12 1 2
github.com/calypr/git-drs/cmd/cache/create-cache.go:20.54,25.17 3 0
github.com/calypr/git-drs/cmd/cache/create-cache.go:25.17,27.4 1 0
github.com/calypr/git-drs/cmd/cache/create-cache.go:28.3,36.17 5 0
github.com/calypr/git-drs/cmd/cache/create-cache.go:36.17,38.4 1 0
github.com/calypr/git-drs/cmd/cache/create-cache.go:41.3,42.30 2 0
github.com/calypr/git-drs/cmd/cache/create-cache.go:42.30,44.4 1 0
github.com/calypr/git-drs/cmd/cache/create-cache.go:47.3,49.23 3 0
github.com/calypr/git-drs/cmd/cache/create-cache.go:49.23,51.4 1 0
github.com/calypr/git-drs/cmd/cache/create-cache.go:54.3,54.7 1 0
github.com/calypr/git-drs/cmd/cache/create-cache.go:54.7,56.18 2 0
github.com/calypr/git-drs/cmd/cache/create-cache.go:56.18,57.22 1 0
github.com/calypr/git-drs/cmd/cache/create-cache.go:57.22,58.11 1 0
github.com/calypr/git-drs/cmd/cache/create-cache.go:60.5,60.62 1 0
github.com/calypr/git-drs/cmd/cache/create-cache.go:62.4,68.18 5 0
github.com/calypr/git-drs/cmd/cache/create-cache.go:68.18,70.5 1 0
github.com/calypr/git-drs/cmd/cache/create-cache.go:72.4,72.67 1 0
github.com/calypr/git-drs/cmd/cache/create-cache.go:72.67,74.5 1 0
github.com/calypr/git-drs/cmd/cache/create-cache.go:76.4,77.72 2 0
github.com/calypr/git-drs/cmd/cache/create-cache.go:77.72,79.5 1 0
github.com/calypr/git-drs/cmd/cache/create-cache.go:82.4,83.18 2 0
github.com/calypr/git-drs/cmd/cache/create-cache.go:83.18,85.5 1 0
github.com/calypr/git-drs/cmd/cache/create-cache.go:86.4,86.70 1 0
github.com/calypr/git-drs/cmd/cache/create-cache.go:86.70,88.5 1 0
github.com/calypr/git-drs/cmd/cache/create-cache.go:89.4,89.70 1 0
github.com/calypr/git-drs/cmd/cache/create-cache.go:89.70,91.5 1 0
github.com/calypr/git-drs/cmd/cache/create-cache.go:94.3,95.13 2 0
github.com/calypr/git-drs/cmd/delete/main.go:28.54,32.51 2 0
github.com/calypr/git-drs/cmd/delete/main.go:32.51,34.4 1 0
github.com/calypr/git-drs/cmd/delete/main.go:36.3,39.17 3 0
github.com/calypr/git-drs/cmd/delete/main.go:39.17,41.4 1 0
github.com/calypr/git-drs/cmd/delete/main.go:43.3,44.17 2 0
github.com/calypr/git-drs/cmd/delete/main.go:44.17,46.4 1 0
github.com/calypr/git-drs/cmd/delete/main.go:48.3,49.17 2 0
github.com/calypr/git-drs/cmd/delete/main.go:49.17,52.4 2 0
github.com/calypr/git-drs/cmd/delete/main.go:55.3,56.17 2 0
github.com/calypr/git-drs/cmd/delete/main.go:56.17,58.4 1 0
github.com/calypr/git-drs/cmd/delete/main.go:59.3,59.24 1 0
github.com/calypr/git-drs/cmd/delete/main.go:59.24,61.4 1 0
github.com/calypr/git-drs/cmd/delete/main.go:64.3,66.17 3 0
github.com/calypr/git-drs/cmd/delete/main.go:66.17,68.4 1 0
github.com/calypr/git-drs/cmd/delete/main.go:69.3,69.28 1 0
github.com/calypr/git-drs/cmd/delete/main.go:69.28,71.4 1 0
github.com/calypr/git-drs/cmd/delete/main.go:74.3,74.19 1 0
github.com/calypr/git-drs/cmd/delete/main.go:74.19,81.33 7 0
github.com/calypr/git-drs/cmd/delete/main.go:81.33,83.5 1 0
github.com/calypr/git-drs/cmd/delete/main.go:84.4,87.129 3 0
github.com/calypr/git-drs/cmd/delete/main.go:87.129,89.5 1 0
github.com/calypr/git-drs/cmd/delete/main.go:93.3,94.17 2 0
github.com/calypr/git-drs/cmd/delete/main.go:94.17,96.4 1 0
github.com/calypr/git-drs/cmd/delete/main.go:98.3,99.13 2 0
github.com/calypr/git-drs/cmd/delete/main.go:103.13,106.2 2 51
github.com/calypr/git-drs/cmd/deleteproject/main.go:26.54,31.17 4 0
github.com/calypr/git-drs/cmd/deleteproject/main.go:31.17,33.4 1 0
github.com/calypr/git-drs/cmd/deleteproject/main.go:35.3,36.17 2 0
github.com/calypr/git-drs/cmd/deleteproject/main.go:36.17,38.4 1 0
github.com/calypr/git-drs/cmd/deleteproject/main.go:40.3,41.17 2 0
github.com/calypr/git-drs/cmd/deleteproject/main.go:41.17,44.4 2 0
github.com/calypr/git-drs/cmd/deleteproject/main.go:47.3,48.10 2 0
github.com/calypr/git-drs/cmd/deleteproject/main.go:48.10,50.4 1 0
github.com/calypr/git-drs/cmd/deleteproject/main.go:53.3,54.17 2 0
github.com/calypr/git-drs/cmd/deleteproject/main.go:54.17,56.4 1 0
github.com/calypr/git-drs/cmd/deleteproject/main.go:59.3,59.52 1 0
github.com/calypr/git-drs/cmd/deleteproject/main.go:59.52,61.4 1 0
github.com/calypr/git-drs/cmd/deleteproject/main.go:62.3,62.31 1 0
github.com/calypr/git-drs/cmd/deleteproject/main.go:62.31,67.30 4 0
github.com/calypr/git-drs/cmd/deleteproject/main.go:67.30,71.26 4 0
github.com/calypr/git-drs/cmd/deleteproject/main.go:71.26,73.6 1 0
github.com/calypr/git-drs/cmd/deleteproject/main.go:74.5,75.33 2 0
github.com/calypr/git-drs/cmd/deleteproject/main.go:75.33,77.6 1 0
github.com/calypr/git-drs/cmd/deleteproject/main.go:78.10,80.5 1 0
github.com/calypr/git-drs/cmd/deleteproject/main.go:82.4,85.154 3 0
github.com/calypr/git-drs/cmd/deleteproject/main.go:85.154,87.5 1 0
github.com/calypr/git-drs/cmd/deleteproject/main.go:91.3,93.17 3 0
github.com/calypr/git-drs/cmd/deleteproject/main.go:93.17,95.4 1 0
github.com/calypr/git-drs/cmd/deleteproject/main.go:97.3,98.13 2 0
github.com/calypr/git-drs/cmd/deleteproject/main.go:102.13,105.2 2 51
github.com/calypr/git-drs/cmd/download/main.go:25.54,26.21 1 0
github.com/calypr/git-drs/cmd/download/main.go:26.21,29.4 2 0
github.com/calypr/git-drs/cmd/download/main.go:30.3,30.13 1 0
github.com/calypr/git-drs/cmd/download/main.go:32.54,38.17 4 0
github.com/calypr/git-drs/cmd/download/main.go:38.17,40.4 1 0
github.com/calypr/git-drs/cmd/download/main.go:42.3,43.17 2 0
github.com/calypr/git-drs/cmd/download/main.go:43.17,45.4 1 0
github.com/calypr/git-drs/cmd/download/main.go:47.3,48.17 2 0
github.com/calypr/git-drs/cmd/download/main.go:48.17,51.4 2 0
github.com/calypr/git-drs/cmd/download/main.go:54.3,55.17 2 0
github.com/calypr/git-drs/cmd/download/main.go:55.17,57.4 1 0
github.com/calypr/git-drs/cmd/download/main.go:58.3,58.26 1 0
github.com/calypr/git-drs/cmd/download/main.go:58.26,60.4 1 0
github.com/calypr/git-drs/cmd/download/main.go:63.3,63.20 1 0
github.com/calypr/git-drs/cmd/download/main.go:63.20,65.4 1 0
github.com/calypr/git-drs/cmd/download/main.go:66.3,66.17 1 0
github.com/calypr/git-drs/cmd/download/main.go:66.17,68.4 1 0
github.com/calypr/git-drs/cmd/download/main.go:69.3,70.17 2 0
github.com/calypr/git-drs/cmd/download/main.go:70.17,72.4 1 0
github.com/calypr/git-drs/cmd/download/main.go:74.3,74.17 1 0
github.com/calypr/git-drs/cmd/download/main.go:74.17,76.4 1 0
github.com/calypr/git-drs/cmd/download/main.go:78.3,80.13 2 0
github.com/calypr/git-drs/cmd/download/main.go:84.13,87.2 2 51
github.com/calypr/git-drs/cmd/fetch/main.go:16.54,17.20 1 0
github.com/calypr/git-drs/cmd/fetch/main.go:17.20,20.4 2 0
github.com/calypr/git-drs/cmd/fetch/main.go:21.3,21.13 1 0
github.com/calypr/git-drs/cmd/fetch/main.go:23.54,27.17 3 0
github.com/calypr/git-drs/cmd/fetch/main.go:27.17,29.4 1 0
github.com/calypr/git-drs/cmd/fetch/main.go:31.3,32.20 2 0
github.com/calypr/git-drs/cmd/fetch/main.go:32.20,34.4 1 0
github.com/calypr/git-drs/cmd/fetch/main.go:34.9,36.18 2 0
github.com/calypr/git-drs/cmd/fetch/main.go:36.18,39.5 2 0
github.com/calypr/git-drs/cmd/fetch/main.go:42.3,43.17 2 0
github.com/calypr/git-drs/cmd/fetch/main.go:43.17,46.4 2 0
github.com/calypr/git-drs/cmd/fetch/main.go:48.3,49.17 2 0
github.com/calypr/git-drs/cmd/fetch/main.go:49.17,51.4 1 0
github.com/calypr/git-drs/cmd/fetch/main.go:53.3,53.13 1 0
github.com/calypr/git-drs/cmd/initialize/main.go:27.54,28.21 1 4
github.com/calypr/git-drs/cmd/initialize/main.go:28.21,31.4 2 0
github.com/calypr/git-drs/cmd/initialize/main.go:32.3,32.13 1 4
github.com/calypr/git-drs/cmd/initialize/main.go:34.54,39.17 3 4
github.com/calypr/git-drs/cmd/initialize/main.go:39.17,41.4 1 0
github.com/calypr/git-drs/cmd/initialize/main.go:44.3,45.17 2 4
github.com/calypr/git-drs/cmd/initialize/main.go:45.17,47.4 1 0
github.com/calypr/git-drs/cmd/initialize/main.go:50.3,51.17 2 4
github.com/calypr/git-drs/cmd/initialize/main.go:51.17,54.4 2 0
github.com/calypr/git-drs/cmd/initialize/main.go:58.3,59.17 2 4
github.com/calypr/git-drs/cmd/initialize/main.go:59.17,61.4 1 0
github.com/calypr/git-drs/cmd/initialize/main.go:64.3,65.17 2 4
github.com/calypr/git-drs/cmd/initialize/main.go:65.17,67.4 1 0
github.com/calypr/git-drs/cmd/initialize/main.go:69.3,70.17 2 4
github.com/calypr/git-drs/cmd/initialize/main.go:70.17,72.4 1 0
github.com/calypr/git-drs/cmd/initialize/main.go:75.3,77.13 3 4
github.com/calypr/git-drs/cmd/initialize/main.go:81.28,92.31 2 4
github.com/calypr/git-drs/cmd/initialize/main.go:92.31,94.46 2 24
github.com/calypr/git-drs/cmd/initialize/main.go:94.46,96.4 1 0
github.com/calypr/git-drs/cmd/initialize/main.go:99.2,99.12 1 4
github.com/calypr/git-drs/cmd/initialize/main.go:102.13,104.2 1 51
github.com/calypr/git-drs/cmd/initialize/main.go:106.52,109.16 3 4
github.com/calypr/git-drs/cmd/initialize/main.go:109.16,111.3 1 0
github.com/calypr/git-drs/cmd/initialize/main.go:112.2,114.52 3 4
github.com/calypr/git-drs/cmd/initialize/main.go:114.52,116.3 1 0
github.com/calypr/git-drs/cmd/initialize/main.go:118.2,138.16 5 4
github.com/calypr/git-drs/cmd/initialize/main.go:138.16,143.73 3 2
github.com/calypr/git-drs/cmd/initialize/main.go:143.73,145.4 1 0
github.com/calypr/git-drs/cmd/initialize/main.go:146.3,146.45 1 2
github.com/calypr/git-drs/cmd/initialize/main.go:146.45,148.4 1 0
github.com/calypr/git-drs/cmd/initialize/main.go:149.3,149.87 1 2
github.com/calypr/git-drs/cmd/initialize/main.go:152.2,152.39 1 4
github.com/calypr/git-drs/cmd/initialize/main.go:152.39,154.3 1 0
github.com/calypr/git-drs/cmd/initialize/main.go:156.2,157.16 2 4
github.com/calypr/git-drs/cmd/initialize/main.go:157.16,159.3 1 0
github.com/calypr/git-drs/cmd/initialize/main.go:160.2,161.12 2 4
github.com/calypr/git-drs/cmd/initialize/main.go:164.54,167.16 3 4
github.com/calypr/git-drs/cmd/initialize/main.go:167.16,169.3 1 0
github.com/calypr/git-drs/cmd/initialize/main.go:170.2,172.52 3 4
github.com/calypr/git-drs/cmd/initialize/main.go:172.52,174.3 1 0
github.com/calypr/git-drs/cmd/initialize/main.go:176.2,184.16 5 4
github.com/calypr/git-drs/cmd/initialize/main.go:184.16,189.73 3 0
github.com/calypr/git-drs/cmd/initialize/main.go:189.73,191.4 1 0
github.com/calypr/git-drs/cmd/initialize/main.go:192.3,192.45 1 0
github.com/calypr/git-drs/cmd/initialize/main.go:192.45,194.4 1 0
github.com/calypr/git-drs/cmd/initialize/main.go:195.3,195.89 1 0
github.com/calypr/git-drs/cmd/initialize/main.go:198.2,198.39 1 4
github.com/calypr/git-drs/cmd/initialize/main.go:198.39,200.3 1 0
github.com/calypr/git-drs/cmd/initialize/main.go:202.2,203.16 2 4
github.com/calypr/git-drs/cmd/initialize/main.go:203.16,205.3 1 0
github.com/calypr/git-drs/cmd/initialize/main.go:206.2,207.12 2 4
github.com/calypr/git-drs/cmd/list/main.go:25.69,26.22 1 0
github.com/calypr/git-drs/cmd/list/main.go:26.22,27.13 1 0
github.com/calypr/git-drs/cmd/list/main.go:27.13,29.4 1 0
github.com/calypr/git-drs/cmd/list/main.go:31.2,31.11 1 0
github.com/calypr/git-drs/cmd/list/main.go:35.47,38.79 3 0
github.com/calypr/git-drs/cmd/list/main.go:38.79,40.28 2 0
github.com/calypr/git-drs/cmd/list/main.go:40.28,43.4 2 0
github.com/calypr/git-drs/cmd/list/main.go:45.2,45.15 1 0
github.com/calypr/git-drs/cmd/list/main.go:52.54,53.21 1 0
github.com/calypr/git-drs/cmd/list/main.go:53.21,56.4 2 0
github.com/calypr/git-drs/cmd/list/main.go:57.3,57.13 1 0
github.com/calypr/git-drs/cmd/list/main.go:59.54,63.24 3 0
github.com/calypr/git-drs/cmd/list/main.go:63.24,65.18 2 0
github.com/calypr/git-drs/cmd/list/main.go:65.18,67.5 1 0
github.com/calypr/git-drs/cmd/list/main.go:68.4,69.17 2 0
github.com/calypr/git-drs/cmd/list/main.go:70.9,72.4 1 0
github.com/calypr/git-drs/cmd/list/main.go:74.3,75.17 2 0
github.com/calypr/git-drs/cmd/list/main.go:75.17,77.4 1 0
github.com/calypr/git-drs/cmd/list/main.go:79.3,80.17 2 0
github.com/calypr/git-drs/cmd/list/main.go:80.17,82.4 1 0
github.com/calypr/git-drs/cmd/list/main.go:84.3,85.17 2 0
github.com/calypr/git-drs/cmd/list/main.go:85.17,88.4 2 0
github.com/calypr/git-drs/cmd/list/main.go:89.3,90.17 2 0
github.com/calypr/git-drs/cmd/list/main.go:90.17,92.4 1 0
github.com/calypr/git-drs/cmd/list/main.go:93.3,93.15 1 0
github.com/calypr/git-drs/cmd/list/main.go:93.15,95.4 1 0
github.com/calypr/git-drs/cmd/list/main.go:98.3,98.34 1 0
github.com/calypr/git-drs/cmd/list/main.go:98.34,99.30 1 0
github.com/calypr/git-drs/cmd/list/main.go:99.30,101.5 1 0
github.com/calypr/git-drs/cmd/list/main.go:102.4,103.15 2 0
github.com/calypr/git-drs/cmd/list/main.go:103.15,105.19 2 0
github.com/calypr/git-drs/cmd/list/main.go:105.19,107.6 1 0
github.com/calypr/git-drs/cmd/list/main.go:108.5,108.48 1 0
github.com/calypr/git-drs/cmd/list/main.go:109.10,111.5 1 0
github.com/calypr/git-drs/cmd/list/main.go:113.3,113.13 1 0
github.com/calypr/git-drs/cmd/list/main.go:119.54,120.21 1 0
github.com/calypr/git-drs/cmd/list/main.go:120.21,123.4 2 0
github.com/calypr/git-drs/cmd/list/main.go:124.3,124.13 1 0
github.com/calypr/git-drs/cmd/list/main.go:126.54,130.17 3 0
github.com/calypr/git-drs/cmd/list/main.go:130.17,132.4 1 0
github.com/calypr/git-drs/cmd/list/main.go:134.3,135.17 2 0
github.com/calypr/git-drs/cmd/list/main.go:135.17,137.4 1 0
github.com/calypr/git-drs/cmd/list/main.go:139.3,140.17 2 0
github.com/calypr/git-drs/cmd/list/main.go:140.17,142.4 1 0
github.com/calypr/git-drs/cmd/list/main.go:143.3,144.17 2 0
github.com/calypr/git-drs/cmd/list/main.go:144.17,146.4 1 0
github.com/calypr/git-drs/cmd/list/main.go:148.3,150.20 3 0
github.com/calypr/git-drs/cmd/list/main.go:150.20,152.18 2 0
github.com/calypr/git-drs/cmd/list/main.go:152.18,154.5 1 0
github.com/calypr/git-drs/cmd/list/main.go:155.4,156.17 2 0
github.com/calypr/git-drs/cmd/list/main.go:157.9,159.4 1 0
github.com/calypr/git-drs/cmd/list/main.go:160.3,160.34 1 0
github.com/calypr/git-drs/cmd/list/main.go:160.34,161.30 1 0
github.com/calypr/git-drs/cmd/list/main.go:161.30,163.5 1 0
github.com/calypr/git-drs/cmd/list/main.go:164.4,166.18 3 0
github.com/calypr/git-drs/cmd/list/main.go:166.18,168.5 1 0
github.com/calypr/git-drs/cmd/list/main.go:169.4,170.18 2 0
github.com/calypr/git-drs/cmd/list/main.go:170.18,172.5 1 0
github.com/calypr/git-drs/cmd/list/main.go:173.4,174.18 2 0
github.com/calypr/git-drs/cmd/list/main.go:174.18,176.5 1 0
github.com/calypr/git-drs/cmd/list/main.go:178.3,178.13 1 0
github.com/calypr/git-drs/cmd/list/main.go:182.13,188.2 5 51
github.com/calypr/git-drs/cmd/listconfig/main.go:22.54,23.21 1 0
github.com/calypr/git-drs/cmd/listconfig/main.go:23.21,26.4 2 0
github.com/calypr/git-drs/cmd/listconfig/main.go:27.3,27.13 1 0
github.com/calypr/git-drs/cmd/listconfig/main.go:29.54,32.17 2 0
github.com/calypr/git-drs/cmd/listconfig/main.go:32.17,34.4 1 0
github.com/calypr/git-drs/cmd/listconfig/main.go:36.3,36.17 1 0
github.com/calypr/git-drs/cmd/listconfig/main.go:36.17,41.4 3 0
github.com/calypr/git-drs/cmd/listconfig/main.go:41.9,48.4 4 0
github.com/calypr/git-drs/cmd/listconfig/main.go:52.13,54.2 1 51
github.com/calypr/git-drs/cmd/precommit/main.go:76.54,78.3 1 5
github.com/calypr/git-drs/cmd/precommit/main.go:81.13,83.33 2 0
github.com/calypr/git-drs/cmd/precommit/main.go:83.33,88.3 2 0
github.com/calypr/git-drs/cmd/precommit/main.go:91.37,93.16 2 5
github.com/calypr/git-drs/cmd/precommit/main.go:93.16,95.3 1 0
github.com/calypr/git-drs/cmd/precommit/main.go:97.2,102.53 5 5
github.com/calypr/git-drs/cmd/precommit/main.go:102.53,104.3 1 0
github.com/calypr/git-drs/cmd/precommit/main.go:105.2,105.52 1 5
github.com/calypr/git-drs/cmd/precommit/main.go:105.52,107.3 1 0
github.com/calypr/git-drs/cmd/precommit/main.go:108.2,111.16 3 5
github.com/calypr/git-drs/cmd/precommit/main.go:111.16,113.3 1 0
github.com/calypr/git-drs/cmd/precommit/main.go:114.2,114.23 1 5
github.com/calypr/git-drs/cmd/precommit/main.go:114.23,116.3 1 0
github.com/calypr/git-drs/cmd/precommit/main.go:118.2,122.29 2 5
github.com/calypr/git-drs/cmd/precommit/main.go:122.29,123.28 1 10
github.com/calypr/git-drs/cmd/precommit/main.go:123.28,124.12 1 10
github.com/calypr/git-drs/cmd/precommit/main.go:129.3,130.17 2 0
github.com/calypr/git-drs/cmd/precommit/main.go:130.17,132.12 1 0
github.com/calypr/git-drs/cmd/precommit/main.go:135.3,138.15 3 0
github.com/calypr/git-drs/cmd/precommit/main.go:138.15,140.106 1 0
github.com/calypr/git-drs/cmd/precommit/main.go:140.106,142.5 1 0
github.com/calypr/git-drs/cmd/precommit/main.go:145.4,149.19 1 0
github.com/calypr/git-drs/cmd/precommit/main.go:149.19,151.5 1 0
github.com/calypr/git-drs/cmd/precommit/main.go:154.4,154.99 1 0
github.com/calypr/git-drs/cmd/precommit/main.go:154.99,156.5 1 0
github.com/calypr/git-drs/cmd/precommit/main.go:157.9,160.4 1 0
github.com/calypr/git-drs/cmd/precommit/main.go:164.2,164.29 1 5
github.com/calypr/git-drs/cmd/precommit/main.go:164.29,165.18 1 10
github.com/calypr/git-drs/cmd/precommit/main.go:166.28,167.80 1 10
github.com/calypr/git-drs/cmd/precommit/main.go:167.80,169.5 1 0
github.com/calypr/git-drs/cmd/precommit/main.go:170.19,172.80 1 0
github.com/calypr/git-drs/cmd/precommit/main.go:172.80,174.5 1 0
github.com/calypr/git-drs/cmd/precommit/main.go:177.19,178.90 1 0
github.com/calypr/git-drs/cmd/precommit/main.go:178.90,180.5 1 0
github.com/calypr/git-drs/cmd/precommit/main.go:184.2,184.12 1 5
github.com/calypr/git-drs/cmd/precommit/main.go:187.83,189.16 2 10
github.com/calypr/git-drs/cmd/precommit/main.go:189.16,192.3 1 0
github.com/calypr/git-drs/cmd/precommit/main.go:193.2,193.12 1 10
github.com/calypr/git-drs/cmd/precommit/main.go:193.12,196.3 1 5
github.com/calypr/git-drs/cmd/precommit/main.go:198.2,203.49 4 5
github.com/calypr/git-drs/cmd/precommit/main.go:203.49,205.43 2 1
github.com/calypr/git-drs/cmd/precommit/main.go:205.43,207.4 1 1
github.com/calypr/git-drs/cmd/precommit/main.go:211.2,215.17 1 5
github.com/calypr/git-drs/cmd/precommit/main.go:215.17,217.3 1 0
github.com/calypr/git-drs/cmd/precommit/main.go:220.2,221.89 2 5
github.com/calypr/git-drs/cmd/precommit/main.go:221.89,223.3 1 0
github.com/calypr/git-drs/cmd/precommit/main.go:226.2,226.20 1 5
github.com/calypr/git-drs/cmd/precommit/main.go:226.20,228.3 1 1
github.com/calypr/git-drs/cmd/precommit/main.go:230.2,230.12 1 5
github.com/calypr/git-drs/cmd/precommit/main.go:233.93,237.16 3 0
github.com/calypr/git-drs/cmd/precommit/main.go:237.16,240.3 1 0
github.com/calypr/git-drs/cmd/precommit/main.go:241.2,242.47 2 0
github.com/calypr/git-drs/cmd/precommit/main.go:242.47,246.3 2 0
github.com/calypr/git-drs/cmd/precommit/main.go:248.2,251.21 2 0
github.com/calypr/git-drs/cmd/precommit/main.go:251.21,253.3 1 0
github.com/calypr/git-drs/cmd/precommit/main.go:256.2,262.12 3 0
github.com/calypr/git-drs/cmd/precommit/main.go:272.59,274.16 2 5
github.com/calypr/git-drs/cmd/precommit/main.go:274.16,276.3 1 0
github.com/calypr/git-drs/cmd/precommit/main.go:277.2,279.16 3 5
github.com/calypr/git-drs/cmd/precommit/main.go:279.16,281.36 2 10
github.com/calypr/git-drs/cmd/precommit/main.go:281.36,282.12 1 0
github.com/calypr/git-drs/cmd/precommit/main.go:284.3,285.21 2 10
github.com/calypr/git-drs/cmd/precommit/main.go:285.21,286.12 1 0
github.com/calypr/git-drs/cmd/precommit/main.go:288.3,289.10 2 10
github.com/calypr/git-drs/cmd/precommit/main.go:290.22,291.87 1 7
github.com/calypr/git-drs/cmd/precommit/main.go:292.22,293.90 1 3
github.com/calypr/git-drs/cmd/precommit/main.go:294.22,295.90 1 0
github.com/calypr/git-drs/cmd/precommit/main.go:296.58,297.109 1 0
github.com/calypr/git-drs/cmd/precommit/main.go:298.11,298.11 0 0
github.com/calypr/git-drs/cmd/precommit/main.go:302.2,302.33 1 5
github.com/calypr/git-drs/cmd/precommit/main.go:302.33,304.3 1 0
github.com/calypr/git-drs/cmd/precommit/main.go:305.2,305.21 1 5
github.com/calypr/git-drs/cmd/precommit/main.go:310.75,312.16 2 10
github.com/calypr/git-drs/cmd/precommit/main.go:312.16,315.3 1 0
github.com/calypr/git-drs/cmd/precommit/main.go:319.2,323.16 4 10
github.com/calypr/git-drs/cmd/precommit/main.go:323.16,325.26 2 15
github.com/calypr/git-drs/cmd/precommit/main.go:325.26,327.12 2 5
github.com/calypr/git-drs/cmd/precommit/main.go:329.3,329.45 1 10
github.com/calypr/git-drs/cmd/precommit/main.go:329.45,332.17 3 5
github.com/calypr/git-drs/cmd/precommit/main.go:332.17,334.5 1 5
github.com/calypr/git-drs/cmd/precommit/main.go:338.3,338.27 1 10
github.com/calypr/git-drs/cmd/precommit/main.go:338.27,339.9 1 5
github.com/calypr/git-drs/cmd/precommit/main.go:342.2,342.33 1 10
[...]
github.com/calypr/git-drs/drsmap/lfs/lfs.go:190.34,192.19 2 4
github.com/calypr/git-drs/drsmap/lfs/lfs.go:192.19,193.12 1 0
github.com/calypr/git-drs/drsmap/lfs/lfs.go:195.3,196.62 2 4
github.com/calypr/git-drs/drsmap/lfs/lfs.go:196.62,198.4 1 4
github.com/calypr/git-drs/drsmap/lfs/lfs.go:199.3,199.29 1 4
github.com/calypr/git-drs/drsmap/lfs/lfs.go:199.29,200.12 1 0
github.com/calypr/git-drs/drsmap/lfs/lfs.go:202.3,203.27 2 4
github.com/calypr/git-drs/drsmap/lfs/lfs.go:205.2,205.20 1 4
github.com/calypr/git-drs/drsmap/lfs/lfs.go:205.20,207.3 1 0
github.com/calypr/git-drs/drsmap/lfs/lfs.go:208.2,208.13 1 4
github.com/calypr/git-drs/drsmap/lfs/lfs.go:211.108,213.34 1 4
github.com/calypr/git-drs/drsmap/lfs/lfs.go:213.34,216.3 2 0
github.com/calypr/git-drs/drsmap/lfs/lfs.go:219.2,221.75 2 4
github.com/calypr/git-drs/drsmap/lfs/lfs.go:221.75,223.17 2 6
github.com/calypr/git-drs/drsmap/lfs/lfs.go:223.17,224.12 1 0
github.com/calypr/git-drs/drsmap/lfs/lfs.go:226.3,227.21 2 6
github.com/calypr/git-drs/drsmap/lfs/lfs.go:227.21,228.12 1 0
github.com/calypr/git-drs/drsmap/lfs/lfs.go:230.3,234.33 3 6
github.com/calypr/git-drs/drsmap/lfs/lfs.go:234.33,236.12 2 0
github.com/calypr/git-drs/drsmap/lfs/lfs.go:240.3,240.124 1 6
github.com/calypr/git-drs/drsmap/lfs/lfs.go:240.124,242.12 2 2
github.com/calypr/git-drs/drsmap/lfs/lfs.go:246.3,246.86 1 4
github.com/calypr/git-drs/drsmap/lfs/lfs.go:246.86,248.4 1 0
github.com/calypr/git-drs/drsmap/lfs/lfs.go:249.3,251.45 3 4
github.com/calypr/git-drs/drsmap/lfs/lfs.go:251.45,253.4 1 4
github.com/calypr/git-drs/drsmap/lfs/lfs.go:254.3,254.48 1 4
github.com/calypr/git-drs/drsmap/lfs/lfs.go:254.48,256.4 1 4
github.com/calypr/git-drs/drsmap/lfs/lfs.go:256.9,258.12 2 0
github.com/calypr/git-drs/drsmap/lfs/lfs.go:263.3,263.30 1 4
github.com/calypr/git-drs/drsmap/lfs/lfs.go:263.30,264.61 1 2
github.com/calypr/git-drs/drsmap/lfs/lfs.go:264.61,266.112 2 2
github.com/calypr/git-drs/drsmap/lfs/lfs.go:266.112,268.14 2 0
github.com/calypr/git-drs/drsmap/lfs/lfs.go:273.3,279.4 1 4
github.com/calypr/git-drs/drsmap/lfs/lfs.go:283.2,283.12 1 4
github.com/calypr/git-drs/drsmap/lfs/lfs.go:287.64,289.22 2 0
github.com/calypr/git-drs/drsmap/lfs/lfs.go:289.22,291.3 1 0
github.com/calypr/git-drs/drsmap/lfs/lfs.go:294.2,295.33 2 0
github.com/calypr/git-drs/drsmap/lfs/lfs.go:295.33,296.49 1 0
github.com/calypr/git-drs/drsmap/lfs/lfs.go:296.49,298.9 2 0
github.com/calypr/git-drs/drsmap/lfs/lfs.go:301.2,301.18 1 0
github.com/calypr/git-drs/drsmap/lfs/lfs.go:301.18,303.3 1 0
github.com/calypr/git-drs/drsmap/lfs/lfs.go:306.2,312.16 5 0
github.com/calypr/git-drs/drsmap/lfs/lfs.go:312.16,314.3 1 0
github.com/calypr/git-drs/drsmap/lfs/lfs.go:316.2,316.12 1 0
github.com/calypr/git-drs/drsmap/store/store.go:5.62,8.2 2 6
github.com/calypr/git-drs/drsmap/store/store.go:10.76,13.2 2 6
github.com/calypr/git-drs/drsmap/store/store.go:15.70,18.2 2 4
github.com/calypr/git-drs/lfs/gitattributes.go:16.110,18.34 2 2
github.com/calypr/git-drs/lfs/gitattributes.go:18.34,20.3 1 0
github.com/calypr/git-drs/lfs/gitattributes.go:23.2,25.29 3 2
github.com/calypr/git-drs/lfs/gitattributes.go:25.29,27.14 2 2
github.com/calypr/git-drs/lfs/gitattributes.go:27.14,28.12 1 0
github.com/calypr/git-drs/lfs/gitattributes.go:30.3,30.28 1 2
github.com/calypr/git-drs/lfs/gitattributes.go:30.28,33.4 2 2
github.com/calypr/git-drs/lfs/gitattributes.go:35.2,35.21 1 2
github.com/calypr/git-drs/lfs/gitattributes.go:35.21,37.3 1 0
github.com/calypr/git-drs/lfs/gitattributes.go:40.2,42.20 3 2
github.com/calypr/git-drs/lfs/gitattributes.go:42.20,44.17 2 2
github.com/calypr/git-drs/lfs/gitattributes.go:44.17,46.4 1 6
github.com/calypr/git-drs/lfs/gitattributes.go:47.3,47.34 1 2
github.com/calypr/git-drs/lfs/gitattributes.go:47.34,49.4 1 0
github.com/calypr/git-drs/lfs/gitattributes.go:50.8,50.36 1 0
github.com/calypr/git-drs/lfs/gitattributes.go:50.36,52.3 1 0
github.com/calypr/git-drs/lfs/gitattributes.go:57.2,58.29 2 2
github.com/calypr/git-drs/lfs/gitattributes.go:58.29,60.9 2 6
github.com/calypr/git-drs/lfs/gitattributes.go:60.9,62.4 1 1
github.com/calypr/git-drs/lfs/gitattributes.go:66.2,66.28 1 2
github.com/calypr/git-drs/lfs/gitattributes.go:66.28,69.31 2 2
github.com/calypr/git-drs/lfs/gitattributes.go:69.31,71.48 1 0
github.com/calypr/git-drs/lfs/gitattributes.go:71.48,74.5 2 0
github.com/calypr/git-drs/lfs/gitattributes.go:75.9,78.4 2 2
github.com/calypr/git-drs/lfs/gitattributes.go:81.2,81.32 1 2
github.com/calypr/git-drs/lfs/gitattributes.go:81.32,83.3 1 0
github.com/calypr/git-drs/lfs/gitattributes.go:86.2,86.76 1 2
github.com/calypr/git-drs/lfs/gitattributes.go:86.76,88.3 1 0
github.com/calypr/git-drs/lfs/gitattributes.go:91.2,92.35 2 2
github.com/calypr/git-drs/lfs/gitattributes.go:92.35,94.3 1 2
github.com/calypr/git-drs/lfs/gitattributes.go:95.2,95.76 1 2
github.com/calypr/git-drs/lfs/gitattributes.go:95.76,97.3 1 0
github.com/calypr/git-drs/lfs/gitattributes.go:98.2,98.18 1 2
github.com/calypr/git-drs/lfs/gitattributes.go:106.73,108.42 2 6
github.com/calypr/git-drs/lfs/gitattributes.go:108.42,110.3 1 0
github.com/calypr/git-drs/lfs/gitattributes.go:113.2,114.20 2 6
github.com/calypr/git-drs/lfs/gitattributes.go:114.20,116.3 1 0
github.com/calypr/git-drs/lfs/gitattributes.go:118.2,119.32 2 6
github.com/calypr/git-drs/lfs/gitattributes.go:119.32,120.43 1 21
github.com/calypr/git-drs/lfs/gitattributes.go:120.43,123.34 3 1
github.com/calypr/git-drs/lfs/gitattributes.go:123.34,125.5 1 1
github.com/calypr/git-drs/lfs/gitattributes.go:127.4,127.24 1 0
github.com/calypr/git-drs/lfs/gitattributes.go:130.2,130.22 1 5
github.com/calypr/git-drs/lfs/helpers.go:17.78,20.16 3 2
github.com/calypr/git-drs/lfs/helpers.go:20.16,23.14 2 2
github.com/calypr/git-drs/lfs/helpers.go:23.14,25.4 1 2
github.com/calypr/git-drs/lfs/helpers.go:26.3,26.42 1 0
github.com/calypr/git-drs/lfs/helpers.go:28.2,28.23 1 0
github.com/calypr/git-drs/lfs/helpers.go:36.79,39.16 2 2
github.com/calypr/git-drs/lfs/helpers.go:39.16,41.3 1 0
github.com/calypr/git-drs/lfs/helpers.go:42.2,44.15 2 2
github.com/calypr/git-drs/lfs/helpers.go:44.15,46.3 1 2
github.com/calypr/git-drs/lfs/helpers.go:49.2,49.87 1 0
github.com/calypr/git-drs/lfs/helpers.go:49.87,51.32 2 0
github.com/calypr/git-drs/lfs/helpers.go:51.32,53.4 1 0
github.com/calypr/git-drs/lfs/helpers.go:56.2,56.26 1 0
github.com/calypr/git-drs/lfs/helpers.go:56.26,58.3 1 0
github.com/calypr/git-drs/lfs/helpers.go:59.2,59.33 1 0
github.com/calypr/git-drs/lfs/helpers.go:62.66,65.16 3 4
github.com/calypr/git-drs/lfs/helpers.go:65.16,67.3 1 0
github.com/calypr/git-drs/lfs/helpers.go:68.2,68.23 1 4
github.com/calypr/git-drs/lfs/helpers.go:71.36,73.31 1 0
github.com/calypr/git-drs/lfs/helpers.go:73.31,76.3 1 0
github.com/calypr/git-drs/lfs/helpers.go:77.2,77.62 1 0
github.com/calypr/git-drs/lfs/helpers.go:77.62,79.3 1 0
github.com/calypr/git-drs/lfs/helpers.go:81.2,82.16 2 0
github.com/calypr/git-drs/lfs/helpers.go:82.16,84.3 1 0
github.com/calypr/git-drs/lfs/helpers.go:85.2,85.44 1 0
github.com/calypr/git-drs/lfs/helpers.go:88.85,90.16 2 0
github.com/calypr/git-drs/lfs/helpers.go:90.16,92.3 1 0
github.com/calypr/git-drs/lfs/helpers.go:93.2,93.17 1 0
github.com/calypr/git-drs/lfs/helpers.go:100.66,102.16 2 2
github.com/calypr/git-drs/lfs/helpers.go:102.16,104.3 1 0
github.com/calypr/git-drs/lfs/helpers.go:105.2,105.41 1 2
github.com/calypr/git-drs/lfs/helpers.go:108.74,110.16 2 2
github.com/calypr/git-drs/lfs/helpers.go:110.16,112.3 1 0
github.com/calypr/git-drs/lfs/helpers.go:114.2,115.16 2 2
github.com/calypr/git-drs/lfs/helpers.go:115.16,117.3 1 0
github.com/calypr/git-drs/lfs/helpers.go:119.2,121.16 3 2
github.com/calypr/git-drs/lfs/helpers.go:121.16,123.3 1 0
github.com/calypr/git-drs/lfs/helpers.go:125.2,125.21 1 2
github.com/calypr/git-drs/lfs/helpers.go:128.67,130.16 2 2
github.com/calypr/git-drs/lfs/helpers.go:130.16,132.3 1 0
github.com/calypr/git-drs/lfs/helpers.go:133.2,134.15 2 2
github.com/calypr/git-drs/lfs/helpers.go:134.15,136.3 1 0
github.com/calypr/git-drs/lfs/helpers.go:138.2,138.26 1 2
github.com/calypr/git-drs/lfs/helpers.go:138.26,140.17 2 2
github.com/calypr/git-drs/lfs/helpers.go:140.17,142.4 1 2
github.com/calypr/git-drs/lfs/helpers.go:144.2,144.17 1 2
github.com/calypr/git-drs/lfs/helpers.go:149.73,151.16 2 2
github.com/calypr/git-drs/lfs/helpers.go:151.16,153.3 1 0
github.com/calypr/git-drs/lfs/helpers.go:154.2,155.16 2 2
github.com/calypr/git-drs/lfs/helpers.go:155.16,157.3 1 0
github.com/calypr/git-drs/lfs/helpers.go:158.2,158.19 1 2
github.com/calypr/git-drs/lfs/helpers.go:158.19,160.3 1 0
github.com/calypr/git-drs/lfs/helpers.go:161.2,161.35 1 2
github.com/calypr/git-drs/lfs/lfs_tracked.go:13.46,14.16 1 2
github.com/calypr/git-drs/lfs/lfs_tracked.go:14.16,16.3 1 0
github.com/calypr/git-drs/lfs/lfs_tracked.go:19.2,33.34 6 2
github.com/calypr/git-drs/lfs/lfs_tracked.go:33.34,35.3 1 0
github.com/calypr/git-drs/lfs/lfs_tracked.go:42.2,43.21 2 2
github.com/calypr/git-drs/lfs/lfs_tracked.go:43.21,45.3 1 0
github.com/calypr/git-drs/lfs/lfs_tracked.go:47.2,48.28 2 2
github.com/calypr/git-drs/lfs/messages.go:82.85,91.2 2 0
github.com/calypr/git-drs/lfs/messages.go:93.93,104.2 2 0
github.com/calypr/git-drs/lfs/messages.go:106.84,114.2 2 8
github.com/calypr/git-drs/lfs/messages.go:116.111,124.2 2 6
github.com/calypr/git-drs/precommit_cache/helpers.go:59.48,61.16 2 6
github.com/calypr/git-drs/precommit_cache/helpers.go:61.16,63.3 1 0
github.com/calypr/git-drs/precommit_cache/helpers.go:64.2,71.8 2 6
github.com/calypr/git-drs/precommit_cache/helpers.go:81.68,83.23 2 0
github.com/calypr/git-drs/precommit_cache/helpers.go:83.23,85.3 1 0
github.com/calypr/git-drs/precommit_cache/helpers.go:86.2,86.21 1 0
github.com/calypr/git-drs/precommit_cache/helpers.go:86.21,88.3 1 0
github.com/calypr/git-drs/precommit_cache/helpers.go:89.2,89.29 1 0
github.com/calypr/git-drs/precommit_cache/helpers.go:95.70,97.23 2 0
github.com/calypr/git-drs/precommit_cache/helpers.go:97.23,99.3 1 0
github.com/calypr/git-drs/precommit_cache/helpers.go:100.2,102.25 3 0
github.com/calypr/git-drs/precommit_cache/helpers.go:107.74,109.23 2 4
github.com/calypr/git-drs/precommit_cache/helpers.go:109.23,111.3 1 4
github.com/calypr/git-drs/precommit_cache/helpers.go:112.2,113.13 2 0
github.com/calypr/git-drs/precommit_cache/helpers.go:113.13,115.3 1 0
github.com/calypr/git-drs/precommit_cache/helpers.go:116.2,116.21 1 0
github.com/calypr/git-drs/precommit_cache/helpers.go:122.77,124.23 2 0
github.com/calypr/git-drs/precommit_cache/helpers.go:124.23,126.3 1 0
github.com/calypr/git-drs/precommit_cache/helpers.go:127.2,127.38 1 0
github.com/calypr/git-drs/precommit_cache/helpers.go:137.70,140.16 3 2
github.com/calypr/git-drs/precommit_cache/helpers.go:140.16,141.37 1 2
github.com/calypr/git-drs/precommit_cache/helpers.go:141.37,143.4 1 2
github.com/calypr/git-drs/precommit_cache/helpers.go:144.3,144.66 1 0
github.com/calypr/git-drs/precommit_cache/helpers.go:146.2,147.47 2 0
github.com/calypr/git-drs/precommit_cache/helpers.go:147.47,149.3 1 0
github.com/calypr/git-drs/precommit_cache/helpers.go:150.2,150.23 1 0
github.com/calypr/git-drs/precommit_cache/helpers.go:156.67,159.16 3 4
github.com/calypr/git-drs/precommit_cache/helpers.go:159.16,160.37 1 4
github.com/calypr/git-drs/precommit_cache/helpers.go:160.37,162.4 1 4
github.com/calypr/git-drs/precommit_cache/helpers.go:163.3,163.65 1 0
github.com/calypr/git-drs/precommit_cache/helpers.go:165.2,166.47 2 0
github.com/calypr/git-drs/precommit_cache/helpers.go:166.47,168.3 1 0
github.com/calypr/git-drs/precommit_cache/helpers.go:169.2,169.23 1 0
github.com/calypr/git-drs/precommit_cache/helpers.go:179.70,182.24 3 0
github.com/calypr/git-drs/precommit_cache/helpers.go:182.24,184.3 1 0
github.com/calypr/git-drs/precommit_cache/helpers.go:185.2,185.12 1 0
github.com/calypr/git-drs/precommit_cache/helpers.go:185.12,190.3 1 0
github.com/calypr/git-drs/precommit_cache/helpers.go:191.2,191.12 1 0
github.com/calypr/git-drs/precommit_cache/helpers.go:196.62,198.16 2 0
github.com/calypr/git-drs/precommit_cache/helpers.go:198.16,200.3 1 0
github.com/calypr/git-drs/precommit_cache/helpers.go:201.2,201.31 1 0
github.com/calypr/git-drs/precommit_cache/helpers.go:210.51,212.2 1 2
github.com/calypr/git-drs/precommit_cache/helpers.go:216.49,219.2 2 4
github.com/calypr/git-drs/precommit_cache/helpers.go:223.37,225.2 1 4
github.com/calypr/git-drs/precommit_cache/helpers.go:229.49,231.16 2 0
github.com/calypr/git-drs/precommit_cache/helpers.go:231.16,233.3 1 0
github.com/calypr/git-drs/precommit_cache/helpers.go:234.2,234.23 1 0
github.com/calypr/git-drs/precommit_cache/helpers.go:244.61,246.16 2 6
github.com/calypr/git-drs/precommit_cache/helpers.go:246.16,248.3 1 0
github.com/calypr/git-drs/precommit_cache/helpers.go:249.2,250.18 2 6
github.com/calypr/git-drs/precommit_cache/helpers.go:250.18,252.3 1 0
github.com/calypr/git-drs/precommit_cache/helpers.go:253.2,253.29 1 6
github.com/calypr/git-drs/precommit_cache/helpers.go:253.29,255.17 2 6
github.com/calypr/git-drs/precommit_cache/helpers.go:255.17,257.4 1 0
github.com/calypr/git-drs/precommit_cache/helpers.go:258.3,259.39 2 6
github.com/calypr/git-drs/precommit_cache/helpers.go:261.2,261.20 1 6
github.com/calypr/git-drs/precommit_cache/helpers.go:266.63,270.16 4 12
github.com/calypr/git-drs/precommit_cache/helpers.go:270.16,276.3 1 0
github.com/calypr/git-drs/precommit_cache/helpers.go:277.2,277.17 1 12
github.com/calypr/git-drs/utils/common.go:12.56,13.37 1 14
github.com/calypr/git-drs/utils/common.go:13.37,15.3 1 0
github.com/calypr/git-drs/utils/common.go:16.2,17.77 2 14
github.com/calypr/git-drs/utils/common.go:22.59,27.32 2 0
github.com/calypr/git-drs/utils/common.go:27.32,29.3 1 0
github.com/calypr/git-drs/utils/common.go:31.2,31.29 1 0
github.com/calypr/git-drs/utils/common.go:31.29,33.37 1 0
github.com/calypr/git-drs/utils/common.go:33.37,37.4 2 0
github.com/calypr/git-drs/utils/common.go:39.2,39.17 1 0
github.com/calypr/git-drs/utils/confirmation.go:19.107,24.16 4 0
github.com/calypr/git-drs/utils/confirmation.go:24.16,26.3 1 0
github.com/calypr/git-drs/utils/confirmation.go:28.2,29.20 2 0
github.com/calypr/git-drs/utils/confirmation.go:29.20,32.3 2 0
github.com/calypr/git-drs/utils/confirmation.go:34.2,34.34 1 0
github.com/calypr/git-drs/utils/confirmation.go:34.34,36.3 1 0
github.com/calypr/git-drs/utils/confirmation.go:38.2,38.12 1 0
github.com/calypr/git-drs/utils/confirmation.go:42.58,44.2 1 0
github.com/calypr/git-drs/utils/confirmation.go:47.51,49.2 1 0
github.com/calypr/git-drs/utils/confirmation.go:52.33,54.2 1 0
github.com/calypr/git-drs/utils/lfs-track.go:18.65,22.21 3 0
github.com/calypr/git-drs/utils/lfs-track.go:22.21,26.49 2 0
github.com/calypr/git-drs/utils/lfs-track.go:26.49,27.12 1 0
github.com/calypr/git-drs/utils/lfs-track.go:30.3,31.17 2 0
github.com/calypr/git-drs/utils/lfs-track.go:31.17,32.12 1 0
github.com/calypr/git-drs/utils/lfs-track.go:35.3,35.40 1 0
github.com/calypr/git-drs/utils/lfs-track.go:38.2,38.34 1 0
github.com/calypr/git-drs/utils/lfs-track.go:42.51,44.20 2 0
github.com/calypr/git-drs/utils/lfs-track.go:44.20,46.3 1 0
github.com/calypr/git-drs/utils/lfs-track.go:48.2,51.33 3 0
github.com/calypr/git-drs/utils/lfs-track.go:51.33,52.34 1 0
github.com/calypr/git-drs/utils/lfs-track.go:52.34,56.4 2 0
github.com/calypr/git-drs/utils/lfs-track.go:56.9,56.42 1 0
github.com/calypr/git-drs/utils/lfs-track.go:56.42,59.4 1 0
github.com/calypr/git-drs/utils/lfs-track.go:59.9,62.4 1 0
github.com/calypr/git-drs/utils/lfs-track.go:65.2,68.8 1 0
github.com/calypr/git-drs/utils/lfs-track.go:71.73,73.16 2 0
github.com/calypr/git-drs/utils/lfs-track.go:73.16,75.3 1 0
github.com/calypr/git-drs/utils/lfs-track.go:77.2,77.61 1 0
github.com/calypr/git-drs/utils/lfs-track.go:81.79,83.16 2 0
github.com/calypr/git-drs/utils/lfs-track.go:83.16,85.3 1 0
github.com/calypr/git-drs/utils/lfs-track.go:88.2,90.34 2 0
github.com/calypr/git-drs/utils/lfs-track.go:90.34,91.45 1 0
github.com/calypr/git-drs/utils/lfs-track.go:91.45,93.59 1 0
github.com/calypr/git-drs/utils/lfs-track.go:93.59,95.5 1 0
github.com/calypr/git-drs/utils/lfs-track.go:99.2,99.19 1 0
github.com/calypr/git-drs/utils/lfs-track.go:103.52,105.25 1 0
github.com/calypr/git-drs/utils/lfs-track.go:105.25,107.3 1 0
github.com/calypr/git-drs/utils/lfs-track.go:110.2,110.37 1 0
github.com/calypr/git-drs/utils/lfs-track.go:110.37,112.3 1 0
github.com/calypr/git-drs/utils/lfs-track.go:115.2,115.37 1 0
github.com/calypr/git-drs/utils/lfs-track.go:115.37,117.3 1 0
github.com/calypr/git-drs/utils/lfs-track.go:120.2,120.36 1 0
github.com/calypr/git-drs/utils/lfs-track.go:120.36,123.17 2 0
github.com/calypr/git-drs/utils/lfs-track.go:123.17,125.4 1 0
github.com/calypr/git-drs/utils/lfs-track.go:126.3,126.17 1 0
github.com/calypr/git-drs/utils/lfs-track.go:132.2,133.16 2 0
github.com/calypr/git-drs/utils/lfs-track.go:133.16,135.3 1 0
github.com/calypr/git-drs/utils/lfs-track.go:137.2,137.16 1 0
github.com/calypr/git-drs/utils/lfs-track.go:141.62,146.21 2 0
github.com/calypr/git-drs/utils/lfs-track.go:146.21,149.3 2 0
github.com/calypr/git-drs/utils/lfs-track.go:155.2,157.29 2 0
github.com/calypr/git-drs/utils/lfs-track.go:157.29,158.17 1 0
github.com/calypr/git-drs/utils/lfs-track.go:158.17,159.12 1 0
github.com/calypr/git-drs/utils/lfs-track.go:162.3,162.13 1 0
github.com/calypr/git-drs/utils/lfs-track.go:162.13,164.36 1 0
github.com/calypr/git-drs/utils/lfs-track.go:164.36,166.46 1 0
github.com/calypr/git-drs/utils/lfs-track.go:166.46,168.6 1 0
github.com/calypr/git-drs/utils/lfs-track.go:169.5,169.42 1 0
github.com/calypr/git-drs/utils/lfs-track.go:170.10,174.5 2 0
github.com/calypr/git-drs/utils/lfs-track.go:175.9,175.31 1 0
github.com/calypr/git-drs/utils/lfs-track.go:175.31,180.35 2 0
github.com/calypr/git-drs/utils/lfs-track.go:180.35,184.5 2 0
github.com/calypr/git-drs/utils/lfs-track.go:184.10,189.5 3 0
github.com/calypr/git-drs/utils/lfs-track.go:194.2,194.13 1 0
github.com/calypr/git-drs/utils/util.go:14.36,16.16 2 58
github.com/calypr/git-drs/utils/util.go:16.16,18.3 1 0
github.com/calypr/git-drs/utils/util.go:19.2,19.44 1 58
github.com/calypr/git-drs/utils/util.go:22.47,24.16 2 58
github.com/calypr/git-drs/utils/util.go:24.16,26.3 1 0
github.com/calypr/git-drs/utils/util.go:27.2,29.28 3 58
github.com/calypr/git-drs/utils/util.go:32.36,34.16 2 0
github.com/calypr/git-drs/utils/util.go:34.16,36.3 1 0
github.com/calypr/git-drs/utils/util.go:37.2,37.42 1 0
github.com/calypr/git-drs/utils/util.go:42.46,44.16 2 4
github.com/calypr/git-drs/utils/util.go:44.16,46.3 1 0
github.com/calypr/git-drs/utils/util.go:47.2,50.16 3 4
github.com/calypr/git-drs/utils/util.go:50.16,52.3 1 0
github.com/calypr/git-drs/utils/util.go:53.2,55.86 2 4
github.com/calypr/git-drs/utils/util.go:55.86,57.3 1 2
github.com/calypr/git-drs/utils/util.go:59.2,59.78 1 2
github.com/calypr/git-drs/utils/util.go:62.62,65.16 3 0
github.com/calypr/git-drs/utils/util.go:65.16,67.3 1 0
github.com/calypr/git-drs/utils/util.go:68.2,69.9 2 0
github.com/calypr/git-drs/utils/util.go:69.9,71.3 1 0
github.com/calypr/git-drs/utils/util.go:72.2,73.9 2 0
github.com/calypr/git-drs/utils/util.go:73.9,75.3 1 0
github.com/calypr/git-drs/utils/util.go:76.2,77.9 2 0
github.com/calypr/git-drs/utils/util.go:77.9,79.3 1 0
github.com/calypr/git-drs/utils/util.go:80.2,80.18 1 0
github.com/calypr/git-drs/utils/util.go:83.68,86.16 3 4
github.com/calypr/git-drs/utils/util.go:86.16,88.3 1 0
github.com/calypr/git-drs/utils/util.go:89.2,90.9 2 4
github.com/calypr/git-drs/utils/util.go:90.9,92.3 1 0
github.com/calypr/git-drs/utils/util.go:93.2,94.16 2 4
github.com/calypr/git-drs/utils/util.go:94.16,96.3 1 0
github.com/calypr/git-drs/utils/util.go:97.2,97.70 1 4
github.com/calypr/git-drs/utils/util.go:100.55,102.41 2 0
github.com/calypr/git-drs/utils/util.go:102.41,104.3 1 0
github.com/calypr/git-drs/utils/util.go:105.2,107.54 3 0
github.com/calypr/git-drs/utils/util.go:107.54,109.3 1 0
github.com/calypr/git-drs/utils/util.go:110.2,110.58 1 0
